                                                           The SAS System                        10:07 Friday, February 28, 2025   1

                                                                                                   Relative
                                             Empirical    Relative     Empirical     Estimated        SE                    P(reject
Effect           True Value      Estimate       Bias        Bias              SE            SE    difference    Coverage       H0)

Intercept            106.81        107.45      0.63340     0.00593          2.05          2.09      0.017693      0.950       1.000 
age_strat_new         -4.80         -4.68      0.12270    -0.02557          0.80          0.84      0.048587      0.950       1.000 
x12                    8.70          8.68     -0.02534    -0.00291          0.56          0.52     -0.071892      0.930       1.000 
x17                   -1.58         -1.80     -0.21456     0.13574          0.50          0.52      0.031725      0.930       0.885 
x18                   -7.78         -7.75      0.02454    -0.00316          0.63          0.65      0.019669      0.955       1.000 
x6                     5.86          5.85     -0.01509    -0.00257          0.03          0.03      0.004532      0.955       1.000 
y_bmi                  0.03          0.04      0.01189     0.37022          0.02          0.02     -0.063401      0.870       0.550 
                                                           The SAS System                        10:07 Friday, February 28, 2025   2

                                                                                                 Relative
                                              Empirical    Relative    Empirical    Estimated       SE                  P(reject
    Effect          True Value     Estimate      Bias        Bias             SE           SE   difference   Coverage      H0)

    Intercept           107.08       107.21     0.13038    0.001218         1.79         1.91     0.066934     0.970      1.000 
    age_strat_new        -4.77        -4.78    -0.01487    0.003119         0.71         0.73     0.024320     0.935      1.000 
    x12                   8.70         8.65    -0.04711   -0.005417         0.43         0.43     0.005757     0.945      1.000 
    x17                  -1.61        -1.64    -0.02703    0.016783         0.44         0.47     0.057879     0.955      0.915 
    x18                  -7.92        -7.90     0.01997   -0.002523         0.57         0.55    -0.045618     0.945      1.000 
    x6                    5.87         5.86    -0.00582   -0.000992         0.03         0.03     0.035582     0.975      1.000 
    y_bmi                 0.03         0.03     0.00256    0.089939         0.02         0.02    -0.025573     0.940      0.255 
