                                                           The SAS System                      17:08 Thursday, February 27, 2025   1

                                                                                                   Relative
                                             Empirical    Relative     Empirical     Estimated        SE                    P(reject
Effect           True Value      Estimate       Bias        Bias              SE            SE    difference    Coverage       H0)

Intercept            106.81        102.45     -4.36258    -0.04084          5.08          4.89     -0.036161      0.870       1.000 
age_strat_new         -4.80         -4.27      0.53277    -0.11101          1.80          1.72     -0.040634      0.910       0.650 
x12                    8.70         11.27      2.56693     0.29497          0.98          0.93     -0.049567      0.225       1.000 
x17                   -1.58         -1.15      0.43469    -0.27501          1.27          1.24     -0.026317      0.935       0.140 
x18                   -7.78        -10.49     -2.71334     0.34892          1.26          1.22     -0.030623      0.415       1.000 
x6                     5.86          6.00      0.13948     0.02378          0.05          0.05      0.028591      0.210       1.000 
y_bmi                  0.03          0.04      0.00582     0.18125          0.04          0.03     -0.059531      0.935       0.205 
                                                           The SAS System                      17:08 Thursday, February 27, 2025   2

                                                                                                   Relative
                                             Empirical    Relative     Empirical     Estimated        SE                    P(reject
Effect           True Value      Estimate       Bias        Bias              SE            SE    difference    Coverage       H0)

Intercept            107.08        103.19     -3.88391    -0.03627          2.85          2.90      0.019734      0.745       1.000 
age_strat_new         -4.77         -4.37      0.40278    -0.08446          1.13          1.15      0.017466      0.915       0.935 
x12                    8.70          9.91      1.21040     0.13918          0.70          0.68     -0.026738      0.525       1.000 
x17                   -1.61         -1.17      0.44341    -0.27536          0.69          0.71      0.024948      0.935       0.320 
x18                   -7.92         -9.39     -1.47304     0.18610          0.95          0.92     -0.030790      0.600       1.000 
x6                     5.87          6.03      0.16350     0.02786          0.06          0.06      0.036719      0.230       1.000 
y_bmi                  0.03          0.03     -0.00218    -0.07687          0.04          0.04     -0.010757      0.935       0.105 
