                                           The SAS System            09:27 Friday, March 7, 2025   1

 
                                                              Empirical    Relative
                 Effect           True Value      Estimate       Bias        Bias

                 Intercept            106.81        107.45      0.63340     0.00593
                 age_strat_new         -4.80         -4.68      0.12270    -0.02557
                 x12                    8.70          8.68     -0.02534    -0.00291
                 x17                   -1.58         -1.80     -0.21456     0.13574
                 x18                   -7.78         -7.75      0.02454    -0.00316
                 x6                     5.86          5.85     -0.01509    -0.00257
                 y_bmi                  0.03          0.04      0.01189     0.37022

                                              Relative
                  Empirical     Estimated        SE                    P(reject
                         SE            SE    difference    Coverage       H0)

                       2.05          2.06      0.004293      0.940       1.000 
                       0.80          0.84      0.057759      0.950       1.000 
                       0.56          0.52     -0.070832      0.935       1.000 
                       0.50          0.52      0.030574      0.935       0.920 
                       0.63          0.65      0.028614      0.965       1.000 
                       0.03          0.03      0.007042      0.935       1.000 
                       0.02          0.02     -0.055782      0.875       0.535 
                                           The SAS System            09:27 Friday, March 7, 2025   2

 
                                                             Empirical     Relative
                Effect           True Value      Estimate       Bias         Bias

                Intercept            107.08        107.21      0.13038     0.001218
                age_strat_new         -4.77         -4.78     -0.01487     0.003119
                x12                    8.70          8.65     -0.04711    -0.005417
                x17                   -1.61         -1.64     -0.02703     0.016783
                x18                   -7.92         -7.90      0.01997    -0.002523
                x6                     5.87          5.86     -0.00582    -0.000992
                y_bmi                  0.03          0.03      0.00256     0.089939

                                             Relative
                 Empirical     Estimated        SE                    P(reject
                        SE            SE    difference    Coverage       H0)

                      1.79          1.92      0.074685      0.980       1.000 
                      0.71          0.74      0.038565      0.955       1.000 
                      0.43          0.44      0.031512      0.955       1.000 
                      0.44          0.47      0.067277      0.975       0.910 
                      0.57          0.55     -0.041678      0.935       1.000 
                      0.03          0.03      0.036200      0.970       1.000 
                      0.02          0.02     -0.020931      0.950       0.255 
