                                                           The SAS System                            08:51 Friday, June 13, 2025   1

                                                                                                   Relative
                                             Empirical   Relative                                     SE                  P(reject
 Effect          True Value       Estimate      Bias       Bias     Empirical SE   Estimated SE   difference   Coverage      H0)

 Intercept           106.81     105.605740    -1.20672   -0.01130       2.345293       2.941991     0.25442     0.96591       0   
 age_strat_new        -4.80      -5.221997    -0.42271    0.08808       0.951531       1.097953     0.15388     0.97727       0   
 x12                   8.70      11.632141     2.92993    0.33669       0.492425       0.493989     0.00318     0.00000       0   
 x17                  -1.58      -0.936128     0.64450   -0.40775       0.658659       0.791142     0.20114     0.92045       0   
 x18                  -7.78     -10.283745    -2.50732    0.32243       0.532439       0.564761     0.06071     0.01136       0   
 x6                    5.86       5.758902    -0.10551   -0.01799       0.040829       0.039015    -0.04443     0.21591       0   
 y_bmi                 0.03       0.025217    -0.00689   -0.21462       0.024091       0.029084     0.20729     0.96591       0   
                                                           The SAS System                            08:51 Friday, June 13, 2025   2

                                                                                                   Relative
                                             Empirical   Relative                                     SE                  P(reject
 Effect          True Value       Estimate      Bias       Bias     Empirical SE   Estimated SE   difference   Coverage      H0)

 Intercept           107.08     107.035510    -0.04190   -0.00039       1.611695       1.895072     0.17583      0.98         0   
 age_strat_new        -4.77      -5.138387    -0.36975    0.07754       0.669314       0.775866     0.15920      0.99         0   
 x12                   8.70      10.628023     1.93132    0.22208       0.411408       0.404165    -0.01760      0.00         0   
 x17                  -1.61      -1.379107     0.23119   -0.14357       0.395118       0.464706     0.17612      0.99         0   
 x18                  -7.92      -9.512768    -1.59759    0.20184       0.468354       0.472877     0.00966      0.10         0   
 x6                    5.87       5.808371    -0.05977   -0.01019       0.035784       0.036994     0.03381      0.70         0   
 y_bmi                 0.03       0.016058    -0.01236   -0.43490       0.023485       0.028838     0.22792      0.96         0   
