                                                           The SAS System                         23:59 Thursday, April 24, 2025   1

                                                                                                   Relative
                                             Empirical   Relative                                     SE                  P(reject
 Effect          True Value       Estimate      Bias       Bias     Empirical SE   Estimated SE   difference   Coverage      H0)

 age_strat_new        -4.80      -4.851935   -0.052653    0.01097       0.818131       0.909246     0.11137      0.970        0   
 x12                   8.70       8.673287   -0.028921   -0.00332       0.555001       0.533610    -0.03854      0.935        0   
 x17                  -1.58      -1.659635   -0.079009    0.04999       0.506713       0.533590     0.05304      0.950        0   
 x18                  -7.78      -7.733620    0.042809   -0.00551       0.648011       0.667251     0.02969      0.970        0   
 x6                    5.86       5.845294   -0.019117   -0.00326       0.037002       0.039547     0.06879      0.945        0   
 y_bmi                 0.03       0.040568    0.008460    0.26347       0.029443       0.031523     0.07066      0.970        0   
                                                           The SAS System                         23:59 Thursday, April 24, 2025   2

                                                                                                    Relative
                                             Empirical    Relative                                     SE                  P(reject
 Effect          True Value       Estimate      Bias        Bias     Empirical SE   Estimated SE   difference   Coverage      H0)

 age_strat_new        -4.77      -4.901553    -0.13291    0.027872       0.736908       0.804254     0.091389     0.96         0   
 x12                   8.70       8.646011    -0.05069   -0.005828       0.457226       0.453925    -0.007221     0.94         0   
 x17                  -1.61      -1.573124     0.03717   -0.023083       0.466701       0.487314     0.044167     0.97         0   
 x18                  -7.92      -7.874895     0.04028   -0.005089       0.605616       0.567628    -0.062726     0.95         0   
 x6                    5.87       5.855030    -0.01311   -0.002234       0.038318       0.040192     0.048912     0.99         0   
 y_bmi                 0.03       0.030385     0.00197    0.069269       0.031479       0.032206     0.023103     1.00         0   
