                                 The SAS System                                9
                                                    08:35 Friday, April 11, 2025

                              The MEANS Procedure

                         Analysis Variable : bghhsub_s2 
 
         N            Mean         Std Dev         Minimum         Maximum
      ƒƒƒƒƒƒƒƒƒƒƒƒƒƒƒƒƒƒƒƒƒƒƒƒƒƒƒƒƒƒƒƒƒƒƒƒƒƒƒƒƒƒƒƒƒƒƒƒƒƒƒƒƒƒƒƒƒƒƒƒƒƒƒƒƒƒƒƒ
      6874       1.0000000       1.0146945       0.4711657      13.9175109
      ƒƒƒƒƒƒƒƒƒƒƒƒƒƒƒƒƒƒƒƒƒƒƒƒƒƒƒƒƒƒƒƒƒƒƒƒƒƒƒƒƒƒƒƒƒƒƒƒƒƒƒƒƒƒƒƒƒƒƒƒƒƒƒƒƒƒƒƒ
                                 The SAS System                               10
                                                    08:35 Friday, April 11, 2025

                              The MEANS Procedure

                                                     N
                         Variable            N    Miss
                         ƒƒƒƒƒƒƒƒƒƒƒƒƒƒƒƒƒƒƒƒƒƒƒƒƒƒƒƒƒ
                         x17              6874       0
                         x12              6874       0
                         x18              6874       0
                         y_bmi_1          6874       0
                         y_bmi_2          4455    2419
                         y_bmi_3          4524    2350
                         age_strat_new    6874       0
                         x6_2             4455    2419
                         x6_3             4524    2350
                         y_gfr_1          6874       0
                         y_gfr_2          4455    2419
                         y_gfr_3          4524    2350
                         x14              6874       0
                         w_nr_1           6874       0
                         w_nr_2           4455    2419
                         w_nr_3           4524    2350
                         ƒƒƒƒƒƒƒƒƒƒƒƒƒƒƒƒƒƒƒƒƒƒƒƒƒƒƒƒƒ
                                 The SAS System                               11
                                                    08:35 Friday, April 11, 2025

 
 
                                  S U D A A N
            Software for the Statistical Analysis of Correlated Data
          Copyright       Research Triangle Institute       March 2018
                                 Release 11.0.3
 
 
DESIGN SUMMARY: Variances will be computed using the Taylor Linearization
Method, Assuming a With Replacement (WR) Design
    Sample Weight: BGHHSUB_S2
    Stratification Variables(s): STRAT_RECODED
    Primary Sampling Unit: HHID
    Cluster Identification Variables: STRAT_RECODED HHID
 
 
 
Number of observations read       :  20622    Weighted count:    20622
Observations used in the analysis :  20622    Weighted count:    20622
Denominator degrees of freedom    :   4996
 
 
Maximum number of estimable parameters for the model is  7
 
File SAMP_LONG contains 5000 Clusters
5000 clusters were used to fit the model
Maximum cluster size is  18 records
Minimum cluster size is   3 records
 
Weighted mean response is 134.203424
 
 
Multiple R-Square for the dependent variable Y_GFR: 0.762488
                                                                                
                                                                                
                                                                                
Date: 04-11-2025                     SUDAAN                          Page:  1   
Time: 09:29:19                                                       Table: 1   
                                                                                
Variance Estimation Method: Taylor Series (WR)                                  
SE Method: Robust (Zeger-Liang, 1986)                                           
Working Correlations: Exchangeable                                              
Link Function: Identity                                                         
Response variable Y_GFR: Y_GFR                                                  
by: Independent Variables and Effects.                                          
                                                                                
------------------------------------------------------------------------        
Independent                                                                     
  Variables and        Beta                      Lower 95%    Upper 95%         
  Effects              Coeff.          SE Beta   Limit Beta   Limit Beta        
------------------------------------------------------------------------        
Intercept                  108.99         1.94       105.19       112.80        
X17                         -1.43         0.48        -2.37        -0.50        
X12                          4.50         0.57         3.39         5.62        
X18                         -4.59         0.63        -5.82        -3.35        
Y_BMI                       -0.06         0.02        -0.10        -0.02        
AGE_STRAT_NEW               -3.31         0.82        -4.92        -1.70        
X6                           5.95         0.04         5.88         6.03        
------------------------------------------------------------------------        
                                                                                
                                                                                
                                                                                
Date: 04-11-2025                     SUDAAN                          Page:  2   
Time: 09:29:19                                                       Table: 1   
                                                                                
Variance Estimation Method: Taylor Series (WR)                                  
SE Method: Robust (Zeger-Liang, 1986)                                           
Working Correlations: Exchangeable                                              
Link Function: Identity                                                         
Response variable Y_GFR: Y_GFR                                                  
by: Independent Variables and Effects.                                          
                                                                                
--------------------------------------------                                    
Independent                         P-value                                     
  Variables and                     T-Test                                      
  Effects              T-Test B=0   B=0                                         
--------------------------------------------                                    
Intercept                   56.12     0.0000                                    
X17                         -3.01     0.0026                                    
X12                          7.93     0.0000                                    
X18                         -7.27     0.0000                                    
Y_BMI                       -2.69     0.0073                                    
AGE_STRAT_NEW               -4.03     0.0001                                    
X6                         155.42     0.0000                                    
--------------------------------------------                                    
                                                                                
                                                                                
                                                                                
Date: 04-11-2025                     SUDAAN                          Page:  3   
Time: 09:29:19                                                       Table: 1   
                                                                                
Variance Estimation Method: Taylor Series (WR)                                  
SE Method: Robust (Zeger-Liang, 1986)                                           
Working Correlations: Exchangeable                                              
Link Function: Identity                                                         
Response variable Y_GFR: Y_GFR                                                  
by: Contrast.                                                                   
                                                                                
-------------------------------------------------------                         
                                                                                
Contrast               Degrees                                                  
                       of                      P-value                          
                       Freedom        Wald F   Wald F                           
-------------------------------------------------------                         
OVERALL MODEL                 7     79687.25     0.0000                         
MODEL MINUS                                                                     
  INTERCEPT                   6      7666.29     0.0000                         
INTERCEPT                     1      3148.99     0.0000                         
X17                           1         9.07     0.0026                         
X12                           1        62.88     0.0000                         
X18                           1        52.87     0.0000                         
Y_BMI                         1         7.21     0.0073                         
AGE_STRAT_NEW                 1        16.22     0.0001                         
X6                            1     24154.84     0.0000                         
-------------------------------------------------------                         
                                 The SAS System                               15
                                                    08:35 Friday, April 11, 2025

                              The MEANS Procedure

                         Analysis Variable : bghhsub_s2 
 
         N            Mean         Std Dev         Minimum         Maximum
      ƒƒƒƒƒƒƒƒƒƒƒƒƒƒƒƒƒƒƒƒƒƒƒƒƒƒƒƒƒƒƒƒƒƒƒƒƒƒƒƒƒƒƒƒƒƒƒƒƒƒƒƒƒƒƒƒƒƒƒƒƒƒƒƒƒƒƒƒ
      6874       1.0000000       1.0146945       0.4711657      13.9175109
      ƒƒƒƒƒƒƒƒƒƒƒƒƒƒƒƒƒƒƒƒƒƒƒƒƒƒƒƒƒƒƒƒƒƒƒƒƒƒƒƒƒƒƒƒƒƒƒƒƒƒƒƒƒƒƒƒƒƒƒƒƒƒƒƒƒƒƒƒ
                                 The SAS System                               16
                                                    08:35 Friday, April 11, 2025

                              The MEANS Procedure

                                                     N
                         Variable            N    Miss
                         ƒƒƒƒƒƒƒƒƒƒƒƒƒƒƒƒƒƒƒƒƒƒƒƒƒƒƒƒƒ
                         x17              6874       0
                         x12              6874       0
                         x18              6874       0
                         y_bmi_1          6874       0
                         y_bmi_2          4455    2419
                         y_bmi_3          4524    2350
                         age_strat_new    6874       0
                         x6_2             4455    2419
                         x6_3             4524    2350
                         y_gfr_1          6874       0
                         y_gfr_2          4455    2419
                         y_gfr_3          4524    2350
                         x14              6874       0
                         w_nr_1           6874       0
                         w_nr_2           4455    2419
                         w_nr_3           4524    2350
                         ƒƒƒƒƒƒƒƒƒƒƒƒƒƒƒƒƒƒƒƒƒƒƒƒƒƒƒƒƒ
                                 The SAS System                               17
                                                    08:35 Friday, April 11, 2025

 
 
                                  S U D A A N
            Software for the Statistical Analysis of Correlated Data
          Copyright       Research Triangle Institute       March 2018
                                 Release 11.0.3
 
 
DESIGN SUMMARY: Variances will be computed using the Taylor Linearization
Method, Assuming a With Replacement (WR) Design
    Sample Weight: BGHHSUB_S2
    Stratification Variables(s): STRAT_RECODED
    Primary Sampling Unit: HHID
    Cluster Identification Variables: STRAT_RECODED HHID
 
 
 
Number of observations read       :  20622    Weighted count:    20622
Observations used in the analysis :  20622    Weighted count:    20622
Denominator degrees of freedom    :   4996
 
 
Maximum number of estimable parameters for the model is  7
 
File SAMP_LONG contains 5000 Clusters
5000 clusters were used to fit the model
Maximum cluster size is  18 records
Minimum cluster size is   3 records
 
Weighted mean response is 134.203424
 
 
Multiple R-Square for the dependent variable Y_GFR: 0.762488
                                                                                
                                                                                
                                                                                
Date: 04-11-2025                     SUDAAN                          Page:  1   
Time: 09:29:43                                                       Table: 1   
                                                                                
Variance Estimation Method: Taylor Series (WR)                                  
SE Method: Robust (Zeger-Liang, 1986)                                           
Working Correlations: Exchangeable                                              
Link Function: Identity                                                         
Response variable Y_GFR: Y_GFR                                                  
by: Independent Variables and Effects.                                          
                                                                                
------------------------------------------------------------------------        
Independent                                                                     
  Variables and        Beta                      Lower 95%    Upper 95%         
  Effects              Coeff.          SE Beta   Limit Beta   Limit Beta        
------------------------------------------------------------------------        
Intercept                  108.99         1.94       105.19       112.80        
X17                         -1.43         0.48        -2.37        -0.50        
X12                          4.50         0.57         3.39         5.62        
X18                         -4.59         0.63        -5.82        -3.35        
Y_BMI                       -0.06         0.02        -0.10        -0.02        
AGE_STRAT_NEW               -3.31         0.82        -4.92        -1.70        
X6                           5.95         0.04         5.88         6.03        
------------------------------------------------------------------------        
                                                                                
                                                                                
                                                                                
Date: 04-11-2025                     SUDAAN                          Page:  2   
Time: 09:29:43                                                       Table: 1   
                                                                                
Variance Estimation Method: Taylor Series (WR)                                  
SE Method: Robust (Zeger-Liang, 1986)                                           
Working Correlations: Exchangeable                                              
Link Function: Identity                                                         
Response variable Y_GFR: Y_GFR                                                  
by: Independent Variables and Effects.                                          
                                                                                
--------------------------------------------                                    
Independent                         P-value                                     
  Variables and                     T-Test                                      
  Effects              T-Test B=0   B=0                                         
--------------------------------------------                                    
Intercept                   56.12     0.0000                                    
X17                         -3.01     0.0026                                    
X12                          7.93     0.0000                                    
X18                         -7.27     0.0000                                    
Y_BMI                       -2.69     0.0073                                    
AGE_STRAT_NEW               -4.03     0.0001                                    
X6                         155.42     0.0000                                    
--------------------------------------------                                    
                                                                                
                                                                                
                                                                                
Date: 04-11-2025                     SUDAAN                          Page:  3   
Time: 09:29:43                                                       Table: 1   
                                                                                
Variance Estimation Method: Taylor Series (WR)                                  
SE Method: Robust (Zeger-Liang, 1986)                                           
Working Correlations: Exchangeable                                              
Link Function: Identity                                                         
Response variable Y_GFR: Y_GFR                                                  
by: Contrast.                                                                   
                                                                                
-------------------------------------------------------                         
                                                                                
Contrast               Degrees                                                  
                       of                      P-value                          
                       Freedom        Wald F   Wald F                           
-------------------------------------------------------                         
OVERALL MODEL                 7     79687.25     0.0000                         
MODEL MINUS                                                                     
  INTERCEPT                   6      7666.29     0.0000                         
INTERCEPT                     1      3148.99     0.0000                         
X17                           1         9.07     0.0026                         
X12                           1        62.88     0.0000                         
X18                           1        52.87     0.0000                         
Y_BMI                         1         7.21     0.0073                         
AGE_STRAT_NEW                 1        16.22     0.0001                         
X6                            1     24154.84     0.0000                         
-------------------------------------------------------                         
                                 The SAS System                               21
                                                    08:35 Friday, April 11, 2025

 
       Imp
  Obs Index _TYPE_ _FREQ_          p20          p40          p60          p80

    1   0      0    6874  0.4711657347 0.7248703611 0.7248703611 1.3530913408

 
                                                                       hisp_
  Obs        strat         BGid         hhid        subid        v_num strat

    1            1           11         5617        11209            1 TRUE 

 
                   age_
  Obs     age_base strat           x0           x1           x2           x3

    1 65.440095947 TRUE             1            1            1            0

 
 
  Obs           x4           x6_1             x8            x12            x13

    1            0              0    4.264212821              1              0

 
 
  Obs          x14            x15            x17            x18        y_bmi_1

    1            0   4.7521624394   4.5175569374              0   37.339681439

 
 
  Obs      y_gfr_1      y_bin_gfr           W_bg           W_hh          W_sub

    1 80.137167732              0             16   5.5555555556   1.8181818182

 
 
  Obs    W_bghhsub         W_bghh        W_hhsub     bghhsub_s2         sub_s1

    1 161.61616162   88.888888889   10.101010101   0.8795093715              1

 
 
  Obs       sub_s2          hh_s1          hh_s2       hhsub_s1       hhsub_s2

    1            1    0.260192244   0.6050955414   0.1525721032   0.4013748107
                                 The SAS System                               22
                                                    08:35 Friday, April 11, 2025

 
                                                        miss_ind_   miss_score_
  Obs     miss_ind    miss_score  RR_allcat            mar_allcat    mar_allcat

    1            0           0.9  0.950617283950617             0  0.9547825265

                                                               age_
                                   miss_score_                strat_   strat_
  Obs           RR  miss_ind_mar           mar       dat_num    new   recoded

    1 0.9892922739             0  0.9851385195             1     1       1   

                                 hisp_
                                strat_                           age_  age_
  Obs  w_nr_1   logwt  strat_c4   new  hisp_age  age_wt  his_wt str_1 str_2

    1 0.87951 -0.12839     1       1       1    0.87951 0.87951   1     0  

 
       age_  his_  his_  his_ age_his_ age_his_ age_his_
  Obs str_3 str_1 str_2 str_3   str_1    str_2    str_3  strat_1 strat_2

    1   0     1     0     0       1        0        0       1       0   

 
               strat_ strat_ strat_
  Obs strat_3   wt_1   wt_2   wt_3          x6_2      y_bmi_2      y_gfr_2

    1    0    0.87951    0      0   5.2297795976 47.099860287  117.4566197

 
 
  Obs  w_nr_2         x6_3      y_bmi_3      y_gfr_3  w_nr_3 v2miss v3miss

    1 0.91286 9.5272727761 55.390734611 145.48113896 0.88903    0      0  

 
                 inverse_                weight_
  Obs age_x17     weight       logw        cat      x6     y_bmi      y_gfr

    1 4.51756     1.13700    -0.12839       4        0    37.3397    80.1372
                                 The SAS System                               23
                                                    08:35 Friday, April 11, 2025

                              The MEANS Procedure

                         Analysis Variable : bghhsub_s2 
 
         N            Mean         Std Dev         Minimum         Maximum
      ƒƒƒƒƒƒƒƒƒƒƒƒƒƒƒƒƒƒƒƒƒƒƒƒƒƒƒƒƒƒƒƒƒƒƒƒƒƒƒƒƒƒƒƒƒƒƒƒƒƒƒƒƒƒƒƒƒƒƒƒƒƒƒƒƒƒƒƒ
      6874       1.0000000       1.0146945       0.4711657      13.9175109
      ƒƒƒƒƒƒƒƒƒƒƒƒƒƒƒƒƒƒƒƒƒƒƒƒƒƒƒƒƒƒƒƒƒƒƒƒƒƒƒƒƒƒƒƒƒƒƒƒƒƒƒƒƒƒƒƒƒƒƒƒƒƒƒƒƒƒƒƒ
                                 The SAS System                               24
                                                    08:35 Friday, April 11, 2025

                              The MEANS Procedure

                                                     N
                         Variable            N    Miss
                         ƒƒƒƒƒƒƒƒƒƒƒƒƒƒƒƒƒƒƒƒƒƒƒƒƒƒƒƒƒ
                         x17              6874       0
                         x12              6874       0
                         x18              6874       0
                         y_bmi_1          6874       0
                         y_bmi_2          4455    2419
                         y_bmi_3          4524    2350
                         age_strat_new    6874       0
                         x6_2             4455    2419
                         x6_3             4524    2350
                         y_gfr_1          6874       0
                         y_gfr_2          4455    2419
                         y_gfr_3          4524    2350
                         x14              6874       0
                         w_nr_1           6874       0
                         w_nr_2           4455    2419
                         w_nr_3           4524    2350
                         ƒƒƒƒƒƒƒƒƒƒƒƒƒƒƒƒƒƒƒƒƒƒƒƒƒƒƒƒƒ
                                 The SAS System                               25
                                                    08:35 Friday, April 11, 2025

 
 
                                  S U D A A N
            Software for the Statistical Analysis of Correlated Data
          Copyright       Research Triangle Institute       March 2018
                                 Release 11.0.3
 
 
DESIGN SUMMARY: Variances will be computed using the Taylor Linearization
Method, Assuming a With Replacement (WR) Design
    Sample Weight: BGHHSUB_S2
    Stratification Variables(s): STRAT_RECODED
    Primary Sampling Unit: HHID
    Cluster Identification Variables: STRAT_RECODED HHID
 
 
 
Number of observations read       :  20622    Weighted count:    20622
Observations used in the analysis :  20622    Weighted count:    20622
Denominator degrees of freedom    :   4996
 
 
Maximum number of estimable parameters for the model is  7
 
File SAMP_LONG contains 5000 Clusters
5000 clusters were used to fit the model
Maximum cluster size is  18 records
Minimum cluster size is   3 records
 
Weighted mean response is 134.203424
 
 
Multiple R-Square for the dependent variable Y_GFR: 0.762488
                                                                                
                                                                                
                                                                                
Date: 04-11-2025                     SUDAAN                          Page:  1   
Time: 09:31:17                                                       Table: 1   
                                                                                
Variance Estimation Method: Taylor Series (WR)                                  
SE Method: Robust (Zeger-Liang, 1986)                                           
Working Correlations: Exchangeable                                              
Link Function: Identity                                                         
Response variable Y_GFR: Y_GFR                                                  
by: Independent Variables and Effects.                                          
                                                                                
------------------------------------------------------------------------        
Independent                                                                     
  Variables and        Beta                      Lower 95%    Upper 95%         
  Effects              Coeff.          SE Beta   Limit Beta   Limit Beta        
------------------------------------------------------------------------        
Intercept                  108.99         1.94       105.19       112.80        
X17                         -1.43         0.48        -2.37        -0.50        
X12                          4.50         0.57         3.39         5.62        
X18                         -4.59         0.63        -5.82        -3.35        
Y_BMI                       -0.06         0.02        -0.10        -0.02        
AGE_STRAT_NEW               -3.31         0.82        -4.92        -1.70        
X6                           5.95         0.04         5.88         6.03        
------------------------------------------------------------------------        
                                                                                
                                                                                
                                                                                
Date: 04-11-2025                     SUDAAN                          Page:  2   
Time: 09:31:17                                                       Table: 1   
                                                                                
Variance Estimation Method: Taylor Series (WR)                                  
SE Method: Robust (Zeger-Liang, 1986)                                           
Working Correlations: Exchangeable                                              
Link Function: Identity                                                         
Response variable Y_GFR: Y_GFR                                                  
by: Independent Variables and Effects.                                          
                                                                                
--------------------------------------------                                    
Independent                         P-value                                     
  Variables and                     T-Test                                      
  Effects              T-Test B=0   B=0                                         
--------------------------------------------                                    
Intercept                   56.12     0.0000                                    
X17                         -3.01     0.0026                                    
X12                          7.93     0.0000                                    
X18                         -7.27     0.0000                                    
Y_BMI                       -2.69     0.0073                                    
AGE_STRAT_NEW               -4.03     0.0001                                    
X6                         155.42     0.0000                                    
--------------------------------------------                                    
                                                                                
                                                                                
                                                                                
Date: 04-11-2025                     SUDAAN                          Page:  3   
Time: 09:31:17                                                       Table: 1   
                                                                                
Variance Estimation Method: Taylor Series (WR)                                  
SE Method: Robust (Zeger-Liang, 1986)                                           
Working Correlations: Exchangeable                                              
Link Function: Identity                                                         
Response variable Y_GFR: Y_GFR                                                  
by: Contrast.                                                                   
                                                                                
-------------------------------------------------------                         
                                                                                
Contrast               Degrees                                                  
                       of                      P-value                          
                       Freedom        Wald F   Wald F                           
-------------------------------------------------------                         
OVERALL MODEL                 7     79687.25     0.0000                         
MODEL MINUS                                                                     
  INTERCEPT                   6      7666.29     0.0000                         
INTERCEPT                     1      3148.99     0.0000                         
X17                           1         9.07     0.0026                         
X12                           1        62.88     0.0000                         
X18                           1        52.87     0.0000                         
Y_BMI                         1         7.21     0.0073                         
AGE_STRAT_NEW                 1        16.22     0.0001                         
X6                            1     24154.84     0.0000                         
-------------------------------------------------------                         
                                 The SAS System                               29
                                                    08:35 Friday, April 11, 2025

                              The MEANS Procedure

                         Analysis Variable : bghhsub_s2 
 
         N            Mean         Std Dev         Minimum         Maximum
      ƒƒƒƒƒƒƒƒƒƒƒƒƒƒƒƒƒƒƒƒƒƒƒƒƒƒƒƒƒƒƒƒƒƒƒƒƒƒƒƒƒƒƒƒƒƒƒƒƒƒƒƒƒƒƒƒƒƒƒƒƒƒƒƒƒƒƒƒ
      6874       1.0000000       1.0146945       0.4711657      13.9175109
      ƒƒƒƒƒƒƒƒƒƒƒƒƒƒƒƒƒƒƒƒƒƒƒƒƒƒƒƒƒƒƒƒƒƒƒƒƒƒƒƒƒƒƒƒƒƒƒƒƒƒƒƒƒƒƒƒƒƒƒƒƒƒƒƒƒƒƒƒ
                                 The SAS System                               30
                                                    08:35 Friday, April 11, 2025

                              The MEANS Procedure

                                                     N
                         Variable            N    Miss
                         ƒƒƒƒƒƒƒƒƒƒƒƒƒƒƒƒƒƒƒƒƒƒƒƒƒƒƒƒƒ
                         x17              6874       0
                         x12              6874       0
                         x18              6874       0
                         y_bmi_1          6874       0
                         y_bmi_2          4455    2419
                         y_bmi_3          4524    2350
                         age_strat_new    6874       0
                         x6_2             4455    2419
                         x6_3             4524    2350
                         y_gfr_1          6874       0
                         y_gfr_2          4455    2419
                         y_gfr_3          4524    2350
                         x14              6874       0
                         w_nr_1           6874       0
                         w_nr_2           4455    2419
                         w_nr_3           4524    2350
                         ƒƒƒƒƒƒƒƒƒƒƒƒƒƒƒƒƒƒƒƒƒƒƒƒƒƒƒƒƒ
                                 The SAS System                               31
                                                    08:35 Friday, April 11, 2025

 
 
                                  S U D A A N
            Software for the Statistical Analysis of Correlated Data
          Copyright       Research Triangle Institute       March 2018
                                 Release 11.0.3
 
 
DESIGN SUMMARY: Variances will be computed using the Taylor Linearization
Method, Assuming a With Replacement (WR) Design
    Sample Weight: BGHHSUB_S2
    Stratification Variables(s): STRAT_RECODED
    Primary Sampling Unit: HHID
    Cluster Identification Variables: STRAT_RECODED HHID
 
 
 
Number of observations read       :  20622    Weighted count:    20622
Observations used in the analysis :  20622    Weighted count:    20622
Denominator degrees of freedom    :   4996
 
 
Maximum number of estimable parameters for the model is  7
 
File SAMP_LONG contains 5000 Clusters
5000 clusters were used to fit the model
Maximum cluster size is  18 records
Minimum cluster size is   3 records
 
Weighted mean response is 134.203424
 
 
Multiple R-Square for the dependent variable Y_GFR: 0.762488
                                                                                
                                                                                
                                                                                
Date: 04-11-2025                     SUDAAN                          Page:  1   
Time: 09:32:42                                                       Table: 1   
                                                                                
Variance Estimation Method: Taylor Series (WR)                                  
SE Method: Robust (Zeger-Liang, 1986)                                           
Working Correlations: Exchangeable                                              
Link Function: Identity                                                         
Response variable Y_GFR: Y_GFR                                                  
by: Independent Variables and Effects.                                          
                                                                                
------------------------------------------------------------------------        
Independent                                                                     
  Variables and        Beta                      Lower 95%    Upper 95%         
  Effects              Coeff.          SE Beta   Limit Beta   Limit Beta        
------------------------------------------------------------------------        
Intercept                  108.99         1.94       105.19       112.80        
X17                         -1.43         0.48        -2.37        -0.50        
X12                          4.50         0.57         3.39         5.62        
X18                         -4.59         0.63        -5.82        -3.35        
Y_BMI                       -0.06         0.02        -0.10        -0.02        
AGE_STRAT_NEW               -3.31         0.82        -4.92        -1.70        
X6                           5.95         0.04         5.88         6.03        
------------------------------------------------------------------------        
                                                                                
                                                                                
                                                                                
Date: 04-11-2025                     SUDAAN                          Page:  2   
Time: 09:32:42                                                       Table: 1   
                                                                                
Variance Estimation Method: Taylor Series (WR)                                  
SE Method: Robust (Zeger-Liang, 1986)                                           
Working Correlations: Exchangeable                                              
Link Function: Identity                                                         
Response variable Y_GFR: Y_GFR                                                  
by: Independent Variables and Effects.                                          
                                                                                
--------------------------------------------                                    
Independent                         P-value                                     
  Variables and                     T-Test                                      
  Effects              T-Test B=0   B=0                                         
--------------------------------------------                                    
Intercept                   56.12     0.0000                                    
X17                         -3.01     0.0026                                    
X12                          7.93     0.0000                                    
X18                         -7.27     0.0000                                    
Y_BMI                       -2.69     0.0073                                    
AGE_STRAT_NEW               -4.03     0.0001                                    
X6                         155.42     0.0000                                    
--------------------------------------------                                    
                                                                                
                                                                                
                                                                                
Date: 04-11-2025                     SUDAAN                          Page:  3   
Time: 09:32:42                                                       Table: 1   
                                                                                
Variance Estimation Method: Taylor Series (WR)                                  
SE Method: Robust (Zeger-Liang, 1986)                                           
Working Correlations: Exchangeable                                              
Link Function: Identity                                                         
Response variable Y_GFR: Y_GFR                                                  
by: Contrast.                                                                   
                                                                                
-------------------------------------------------------                         
                                                                                
Contrast               Degrees                                                  
                       of                      P-value                          
                       Freedom        Wald F   Wald F                           
-------------------------------------------------------                         
OVERALL MODEL                 7     79687.25     0.0000                         
MODEL MINUS                                                                     
  INTERCEPT                   6      7666.29     0.0000                         
INTERCEPT                     1      3148.99     0.0000                         
X17                           1         9.07     0.0026                         
X12                           1        62.88     0.0000                         
X18                           1        52.87     0.0000                         
Y_BMI                         1         7.21     0.0073                         
AGE_STRAT_NEW                 1        16.22     0.0001                         
X6                            1     24154.84     0.0000                         
-------------------------------------------------------                         
