Building DAG of jobs...
Using shell: /usr/bin/bash
Provided cores: 1 (use --cores to define parallelism)
Rules claiming more threads will be scaled down.
Job counts:
	count	jobs
	1	test
	1

[Fri Jan 24 17:05:48 2025]
rule test:
    input: v3/sasdata/betas_pop_genmod_exch.sas7bdat
    output: output.sas7bdat
    jobid: 0

[Fri Jan 24 17:05:49 2025]
Error in rule test:
    jobid: 0
    output: output.sas7bdat
    shell:
        sas test.sas -sysparm v3/sasdata/betas_pop_genmod_exch.sas7bdat*output.sas7bdat
        (one of the commands exited with non-zero exit code; note that snakemake uses bash strict mode!)

Shutting down, this might take some time.
Exiting because a job execution failed. Look above for error message
Complete log: /work/users/a/q/aquijano/HCHS/.snakemake/log/2025-01-24T170548.775670.snakemake.log
