Building DAG of jobs...
Using shell: /usr/bin/bash
Provided cores: 1 (use --cores to define parallelism)
Rules claiming more threads will be scaled down.
Job counts:
	count	jobs
	1	test
	1

[Fri Jan 24 16:47:00 2025]
rule test:
    output: var2 var3
    jobid: 0

[Fri Jan 24 16:47:00 2025]
Error in rule test:
    jobid: 0
    output: var2 var3
    shell:
        sas test.sas -sysparm var2 var3
        (one of the commands exited with non-zero exit code; note that snakemake uses bash strict mode!)

Shutting down, this might take some time.
Exiting because a job execution failed. Look above for error message
Complete log: /work/users/a/q/aquijano/HCHS/.snakemake/log/2025-01-24T164700.647767.snakemake.log
