NOTE: PROCEDURE PRINTTO used (Total process time):
      real time           6.43 seconds
      cpu time            0.01 seconds
      

18         *********************************************************************************************************
19         
20                 PROGRAM NAME: 3_combine_restricted_to_v3.sas
21         
22                 PROGRAMMER: AQA
23         
24                 DESCRIPTION:
25         
26                 VERSION CONTROL:
27         						- 29may25: Initialize the code 	
28         
29         *********************************************************************************************************;
30         
31         
2                                                          The SAS System                                15:32 Monday, June 16, 2025

32         %macro combine_betas_rr(start=1, end=100, corr=exchangeable, rr=glm);
33         * merge files containing beta estimates using sample data;
34         
35         data merge_betas;
36         	%if &corr = exchangeable %then %do;
37         			set dt_betas.betas_mi_v2_exch_&rr._&start. - dt_betas.betas_mi_v2_exch_&rr._&end.;
38         	%end;
39         	%else %do;
40         			set dt_betas.betas_mi_v2_ind_&rr._&start. - dt_betas.betas_mi_v2_ind_&rr._&end.;
41         	%end;
42         
43         	if parm = 'intercept' then parm = 'Intercept';
44         run;
45         
46         * append the true value coming from population estimates;
47         proc sql;
48              create table betas_samp_pop as
49                select a.*, b.estimate as true
50         	   from
51                merge_betas as a
52                right join
53                dt_betas.betas_pop_&corr. as b
54         	   on a.parm=b.parm;
55         quit;
56         
57         * Compute 95% confidence intervals;
58         data betas_samp_pop;
59         	set betas_samp_pop;
60         	uppercl = Estimate + 1.975 * Stderr;
61         	lowercl = Estimate - 1.975 * Stderr;
62         run;
63         
64         * Estimate quantities of interest: bias, ...;
65         data betas_samp_pop_;
66                         set betas_samp_pop;
67                         /*calculate statistics to summarize*/
68                         inci=(uppercl>=true & lowercl<=true);
69                         bias=estimate-true;
70                         relbias=bias/true;
71                         /*PROBT*/
72                         rejecth0=(abs(t)>quantile('NORMAL',.975));
73         run;
74         
75         proc means data=betas_samp_pop_
76                         noprint nway;
77                         class parm;
78                         var true estimate bias relbias stderr inci rejecth0;
79                         output out=output_1 mean(true estimate bias relbias stderr inci
80                                 rejecth0)=true estimate empbias relbias estse coverage
81                                 prejecth0 std(estimate)=empse;
82         run;
83         
84         
85         data output;
86               set output_1;
87               relse=estse/empse-1;
88         run;
89         
3                                                          The SAS System                                15:32 Monday, June 16, 2025

90         ods rtf file="&homepath./output/reports/3_combine_mi_restricted_&corr._&rr._&sysdate..rtf" style=journal bodytitle;
91                 proc print data=output noobs label;
92         		var parm true estimate empbias relbias empse estse relse coverage prejecth0;
93                 label parm='Effect' true='True Value' estimate='Estimate'
94                                 empbias='Empirical Bias' relbias='Relative Bias'
95                                 empse='Empirical SE' estse='Estimated SE'
96                                 coverage='Coverage' prejecth0='P(reject H0)'
97                                 relse='Relative SE difference';
98         run;
99         ods rtf close;
100        %mend combine_betas_rr;
101        
102        
103        %combine_betas_rr();

NOTE: There were 7 observations read from the data set DT_BETAS.BETAS_MI_V2_EXCH_GLM_1.
NOTE: There were 7 observations read from the data set DT_BETAS.BETAS_MI_V2_EXCH_GLM_2.
NOTE: There were 7 observations read from the data set DT_BETAS.BETAS_MI_V2_EXCH_GLM_3.
NOTE: There were 7 observations read from the data set DT_BETAS.BETAS_MI_V2_EXCH_GLM_4.
NOTE: There were 7 observations read from the data set DT_BETAS.BETAS_MI_V2_EXCH_GLM_5.
NOTE: There were 7 observations read from the data set DT_BETAS.BETAS_MI_V2_EXCH_GLM_6.
NOTE: There were 7 observations read from the data set DT_BETAS.BETAS_MI_V2_EXCH_GLM_7.
NOTE: There were 7 observations read from the data set DT_BETAS.BETAS_MI_V2_EXCH_GLM_8.
NOTE: There were 7 observations read from the data set DT_BETAS.BETAS_MI_V2_EXCH_GLM_9.
NOTE: There were 7 observations read from the data set DT_BETAS.BETAS_MI_V2_EXCH_GLM_10.
NOTE: There were 7 observations read from the data set DT_BETAS.BETAS_MI_V2_EXCH_GLM_11.
NOTE: There were 7 observations read from the data set DT_BETAS.BETAS_MI_V2_EXCH_GLM_12.
NOTE: There were 7 observations read from the data set DT_BETAS.BETAS_MI_V2_EXCH_GLM_13.
NOTE: There were 7 observations read from the data set DT_BETAS.BETAS_MI_V2_EXCH_GLM_14.
NOTE: There were 7 observations read from the data set DT_BETAS.BETAS_MI_V2_EXCH_GLM_15.
NOTE: There were 7 observations read from the data set DT_BETAS.BETAS_MI_V2_EXCH_GLM_16.
NOTE: There were 7 observations read from the data set DT_BETAS.BETAS_MI_V2_EXCH_GLM_17.
NOTE: There were 7 observations read from the data set DT_BETAS.BETAS_MI_V2_EXCH_GLM_18.
NOTE: There were 7 observations read from the data set DT_BETAS.BETAS_MI_V2_EXCH_GLM_19.
NOTE: There were 7 observations read from the data set DT_BETAS.BETAS_MI_V2_EXCH_GLM_20.
NOTE: There were 7 observations read from the data set DT_BETAS.BETAS_MI_V2_EXCH_GLM_21.
NOTE: There were 7 observations read from the data set DT_BETAS.BETAS_MI_V2_EXCH_GLM_22.
NOTE: There were 7 observations read from the data set DT_BETAS.BETAS_MI_V2_EXCH_GLM_23.
NOTE: There were 7 observations read from the data set DT_BETAS.BETAS_MI_V2_EXCH_GLM_24.
NOTE: There were 7 observations read from the data set DT_BETAS.BETAS_MI_V2_EXCH_GLM_25.
NOTE: There were 7 observations read from the data set DT_BETAS.BETAS_MI_V2_EXCH_GLM_26.
NOTE: There were 7 observations read from the data set DT_BETAS.BETAS_MI_V2_EXCH_GLM_27.
NOTE: There were 7 observations read from the data set DT_BETAS.BETAS_MI_V2_EXCH_GLM_28.
NOTE: There were 7 observations read from the data set DT_BETAS.BETAS_MI_V2_EXCH_GLM_29.
NOTE: There were 7 observations read from the data set DT_BETAS.BETAS_MI_V2_EXCH_GLM_30.
NOTE: There were 7 observations read from the data set DT_BETAS.BETAS_MI_V2_EXCH_GLM_31.
NOTE: There were 7 observations read from the data set DT_BETAS.BETAS_MI_V2_EXCH_GLM_32.
NOTE: There were 7 observations read from the data set DT_BETAS.BETAS_MI_V2_EXCH_GLM_33.
NOTE: There were 7 observations read from the data set DT_BETAS.BETAS_MI_V2_EXCH_GLM_34.
NOTE: There were 7 observations read from the data set DT_BETAS.BETAS_MI_V2_EXCH_GLM_35.
NOTE: There were 7 observations read from the data set DT_BETAS.BETAS_MI_V2_EXCH_GLM_36.
NOTE: There were 7 observations read from the data set DT_BETAS.BETAS_MI_V2_EXCH_GLM_37.
NOTE: There were 7 observations read from the data set DT_BETAS.BETAS_MI_V2_EXCH_GLM_38.
NOTE: There were 7 observations read from the data set DT_BETAS.BETAS_MI_V2_EXCH_GLM_39.
NOTE: There were 7 observations read from the data set DT_BETAS.BETAS_MI_V2_EXCH_GLM_40.
NOTE: There were 7 observations read from the data set DT_BETAS.BETAS_MI_V2_EXCH_GLM_41.
NOTE: There were 7 observations read from the data set DT_BETAS.BETAS_MI_V2_EXCH_GLM_42.
NOTE: There were 7 observations read from the data set DT_BETAS.BETAS_MI_V2_EXCH_GLM_43.
4                                                          The SAS System                                15:32 Monday, June 16, 2025

NOTE: There were 7 observations read from the data set DT_BETAS.BETAS_MI_V2_EXCH_GLM_44.
NOTE: There were 7 observations read from the data set DT_BETAS.BETAS_MI_V2_EXCH_GLM_45.
NOTE: There were 7 observations read from the data set DT_BETAS.BETAS_MI_V2_EXCH_GLM_46.
NOTE: There were 7 observations read from the data set DT_BETAS.BETAS_MI_V2_EXCH_GLM_47.
NOTE: There were 7 observations read from the data set DT_BETAS.BETAS_MI_V2_EXCH_GLM_48.
NOTE: There were 7 observations read from the data set DT_BETAS.BETAS_MI_V2_EXCH_GLM_49.
NOTE: There were 7 observations read from the data set DT_BETAS.BETAS_MI_V2_EXCH_GLM_50.
NOTE: There were 7 observations read from the data set DT_BETAS.BETAS_MI_V2_EXCH_GLM_51.
NOTE: There were 7 observations read from the data set DT_BETAS.BETAS_MI_V2_EXCH_GLM_52.
NOTE: There were 7 observations read from the data set DT_BETAS.BETAS_MI_V2_EXCH_GLM_53.
NOTE: There were 7 observations read from the data set DT_BETAS.BETAS_MI_V2_EXCH_GLM_54.
NOTE: There were 7 observations read from the data set DT_BETAS.BETAS_MI_V2_EXCH_GLM_55.
NOTE: There were 7 observations read from the data set DT_BETAS.BETAS_MI_V2_EXCH_GLM_56.
NOTE: There were 7 observations read from the data set DT_BETAS.BETAS_MI_V2_EXCH_GLM_57.
NOTE: There were 7 observations read from the data set DT_BETAS.BETAS_MI_V2_EXCH_GLM_58.
NOTE: There were 7 observations read from the data set DT_BETAS.BETAS_MI_V2_EXCH_GLM_59.
NOTE: There were 7 observations read from the data set DT_BETAS.BETAS_MI_V2_EXCH_GLM_60.
NOTE: There were 7 observations read from the data set DT_BETAS.BETAS_MI_V2_EXCH_GLM_61.
NOTE: There were 7 observations read from the data set DT_BETAS.BETAS_MI_V2_EXCH_GLM_62.
NOTE: There were 7 observations read from the data set DT_BETAS.BETAS_MI_V2_EXCH_GLM_63.
NOTE: There were 7 observations read from the data set DT_BETAS.BETAS_MI_V2_EXCH_GLM_64.
NOTE: There were 7 observations read from the data set DT_BETAS.BETAS_MI_V2_EXCH_GLM_65.
NOTE: There were 7 observations read from the data set DT_BETAS.BETAS_MI_V2_EXCH_GLM_66.
NOTE: There were 7 observations read from the data set DT_BETAS.BETAS_MI_V2_EXCH_GLM_67.
NOTE: There were 7 observations read from the data set DT_BETAS.BETAS_MI_V2_EXCH_GLM_68.
NOTE: There were 7 observations read from the data set DT_BETAS.BETAS_MI_V2_EXCH_GLM_69.
NOTE: There were 7 observations read from the data set DT_BETAS.BETAS_MI_V2_EXCH_GLM_70.
NOTE: There were 7 observations read from the data set DT_BETAS.BETAS_MI_V2_EXCH_GLM_71.
NOTE: There were 7 observations read from the data set DT_BETAS.BETAS_MI_V2_EXCH_GLM_72.
NOTE: There were 7 observations read from the data set DT_BETAS.BETAS_MI_V2_EXCH_GLM_73.
NOTE: There were 7 observations read from the data set DT_BETAS.BETAS_MI_V2_EXCH_GLM_74.
NOTE: There were 7 observations read from the data set DT_BETAS.BETAS_MI_V2_EXCH_GLM_75.
NOTE: There were 7 observations read from the data set DT_BETAS.BETAS_MI_V2_EXCH_GLM_76.
NOTE: There were 7 observations read from the data set DT_BETAS.BETAS_MI_V2_EXCH_GLM_77.
NOTE: There were 7 observations read from the data set DT_BETAS.BETAS_MI_V2_EXCH_GLM_78.
NOTE: There were 7 observations read from the data set DT_BETAS.BETAS_MI_V2_EXCH_GLM_79.
NOTE: There were 7 observations read from the data set DT_BETAS.BETAS_MI_V2_EXCH_GLM_80.
NOTE: There were 7 observations read from the data set DT_BETAS.BETAS_MI_V2_EXCH_GLM_81.
NOTE: There were 7 observations read from the data set DT_BETAS.BETAS_MI_V2_EXCH_GLM_82.
NOTE: There were 7 observations read from the data set DT_BETAS.BETAS_MI_V2_EXCH_GLM_83.
NOTE: There were 7 observations read from the data set DT_BETAS.BETAS_MI_V2_EXCH_GLM_84.
NOTE: There were 7 observations read from the data set DT_BETAS.BETAS_MI_V2_EXCH_GLM_85.
NOTE: There were 7 observations read from the data set DT_BETAS.BETAS_MI_V2_EXCH_GLM_86.
NOTE: There were 7 observations read from the data set DT_BETAS.BETAS_MI_V2_EXCH_GLM_87.
NOTE: There were 7 observations read from the data set DT_BETAS.BETAS_MI_V2_EXCH_GLM_88.
NOTE: There were 7 observations read from the data set DT_BETAS.BETAS_MI_V2_EXCH_GLM_89.
NOTE: There were 7 observations read from the data set DT_BETAS.BETAS_MI_V2_EXCH_GLM_90.
NOTE: There were 7 observations read from the data set DT_BETAS.BETAS_MI_V2_EXCH_GLM_91.
NOTE: There were 7 observations read from the data set DT_BETAS.BETAS_MI_V2_EXCH_GLM_92.
NOTE: There were 7 observations read from the data set DT_BETAS.BETAS_MI_V2_EXCH_GLM_93.
NOTE: There were 7 observations read from the data set DT_BETAS.BETAS_MI_V2_EXCH_GLM_94.
NOTE: There were 7 observations read from the data set DT_BETAS.BETAS_MI_V2_EXCH_GLM_95.
NOTE: There were 7 observations read from the data set DT_BETAS.BETAS_MI_V2_EXCH_GLM_96.
NOTE: There were 7 observations read from the data set DT_BETAS.BETAS_MI_V2_EXCH_GLM_97.
NOTE: There were 7 observations read from the data set DT_BETAS.BETAS_MI_V2_EXCH_GLM_98.
NOTE: There were 7 observations read from the data set DT_BETAS.BETAS_MI_V2_EXCH_GLM_99.
NOTE: There were 7 observations read from the data set DT_BETAS.BETAS_MI_V2_EXCH_GLM_100.
NOTE: The data set WORK.MERGE_BETAS has 700 observations and 12 variables.
5                                                          The SAS System                                15:32 Monday, June 16, 2025

NOTE: DATA statement used (Total process time):
      real time           2.55 seconds
      cpu time            0.03 seconds
      

NOTE: Table WORK.BETAS_SAMP_POP created, with 700 rows and 13 columns.

NOTE: PROCEDURE SQL used (Total process time):
      real time           0.38 seconds
      cpu time            0.00 seconds
      


NOTE: There were 700 observations read from the data set WORK.BETAS_SAMP_POP.
NOTE: The data set WORK.BETAS_SAMP_POP has 700 observations and 13 variables.
NOTE: DATA statement used (Total process time):
      real time           0.02 seconds
      cpu time            0.00 seconds
      


NOTE: Variable t is uninitialized.
NOTE: Missing values were generated as a result of performing an operation on missing values.
      Each place is given by: (Number of times) at (Line):(Column).
      700 at 103:45   
NOTE: There were 700 observations read from the data set WORK.BETAS_SAMP_POP.
NOTE: The data set WORK.BETAS_SAMP_POP_ has 700 observations and 18 variables.
NOTE: DATA statement used (Total process time):
      real time           0.21 seconds
      cpu time            0.00 seconds
      


NOTE: There were 700 observations read from the data set WORK.BETAS_SAMP_POP_.
NOTE: The data set WORK.OUTPUT_1 has 7 observations and 11 variables.
NOTE: PROCEDURE MEANS used (Total process time):
      real time           0.17 seconds
      cpu time            0.01 seconds
      


NOTE: There were 7 observations read from the data set WORK.OUTPUT_1.
NOTE: The data set WORK.OUTPUT has 7 observations and 12 variables.
NOTE: DATA statement used (Total process time):
      real time           0.01 seconds
      cpu time            0.00 seconds
      

NOTE: Writing RTF Body file: 
      J:/HCHS/STATISTICS/GRAS/QAngarita/HCHS_simulation/output/reports/3_combine_mi_restricted_exchangeable_glm_16JUN25.rtf

NOTE: There were 7 observations read from the data set WORK.OUTPUT.
NOTE: The PROCEDURE PRINT printed page 1.
NOTE: PROCEDURE PRINT used (Total process time):
      real time           0.29 seconds
      cpu time            0.00 seconds
      

6                                                          The SAS System                                15:32 Monday, June 16, 2025

104        %combine_betas_rr(corr=independent);

NOTE: There were 7 observations read from the data set DT_BETAS.BETAS_MI_V2_IND_GLM_1.
NOTE: There were 7 observations read from the data set DT_BETAS.BETAS_MI_V2_IND_GLM_2.
NOTE: There were 7 observations read from the data set DT_BETAS.BETAS_MI_V2_IND_GLM_3.
NOTE: There were 7 observations read from the data set DT_BETAS.BETAS_MI_V2_IND_GLM_4.
NOTE: There were 7 observations read from the data set DT_BETAS.BETAS_MI_V2_IND_GLM_5.
NOTE: There were 7 observations read from the data set DT_BETAS.BETAS_MI_V2_IND_GLM_6.
NOTE: There were 7 observations read from the data set DT_BETAS.BETAS_MI_V2_IND_GLM_7.
NOTE: There were 7 observations read from the data set DT_BETAS.BETAS_MI_V2_IND_GLM_8.
NOTE: There were 7 observations read from the data set DT_BETAS.BETAS_MI_V2_IND_GLM_9.
NOTE: There were 7 observations read from the data set DT_BETAS.BETAS_MI_V2_IND_GLM_10.
NOTE: There were 7 observations read from the data set DT_BETAS.BETAS_MI_V2_IND_GLM_11.
NOTE: There were 7 observations read from the data set DT_BETAS.BETAS_MI_V2_IND_GLM_12.
NOTE: There were 7 observations read from the data set DT_BETAS.BETAS_MI_V2_IND_GLM_13.
NOTE: There were 7 observations read from the data set DT_BETAS.BETAS_MI_V2_IND_GLM_14.
NOTE: There were 7 observations read from the data set DT_BETAS.BETAS_MI_V2_IND_GLM_15.
NOTE: There were 7 observations read from the data set DT_BETAS.BETAS_MI_V2_IND_GLM_16.
NOTE: There were 7 observations read from the data set DT_BETAS.BETAS_MI_V2_IND_GLM_17.
NOTE: There were 7 observations read from the data set DT_BETAS.BETAS_MI_V2_IND_GLM_18.
NOTE: There were 7 observations read from the data set DT_BETAS.BETAS_MI_V2_IND_GLM_19.
NOTE: There were 7 observations read from the data set DT_BETAS.BETAS_MI_V2_IND_GLM_20.
NOTE: There were 7 observations read from the data set DT_BETAS.BETAS_MI_V2_IND_GLM_21.
NOTE: There were 7 observations read from the data set DT_BETAS.BETAS_MI_V2_IND_GLM_22.
NOTE: There were 7 observations read from the data set DT_BETAS.BETAS_MI_V2_IND_GLM_23.
NOTE: There were 7 observations read from the data set DT_BETAS.BETAS_MI_V2_IND_GLM_24.
NOTE: There were 7 observations read from the data set DT_BETAS.BETAS_MI_V2_IND_GLM_25.
NOTE: There were 7 observations read from the data set DT_BETAS.BETAS_MI_V2_IND_GLM_26.
NOTE: There were 7 observations read from the data set DT_BETAS.BETAS_MI_V2_IND_GLM_27.
NOTE: There were 7 observations read from the data set DT_BETAS.BETAS_MI_V2_IND_GLM_28.
NOTE: There were 7 observations read from the data set DT_BETAS.BETAS_MI_V2_IND_GLM_29.
NOTE: There were 7 observations read from the data set DT_BETAS.BETAS_MI_V2_IND_GLM_30.
NOTE: There were 7 observations read from the data set DT_BETAS.BETAS_MI_V2_IND_GLM_31.
NOTE: There were 7 observations read from the data set DT_BETAS.BETAS_MI_V2_IND_GLM_32.
NOTE: There were 7 observations read from the data set DT_BETAS.BETAS_MI_V2_IND_GLM_33.
NOTE: There were 7 observations read from the data set DT_BETAS.BETAS_MI_V2_IND_GLM_34.
NOTE: There were 7 observations read from the data set DT_BETAS.BETAS_MI_V2_IND_GLM_35.
NOTE: There were 7 observations read from the data set DT_BETAS.BETAS_MI_V2_IND_GLM_36.
NOTE: There were 7 observations read from the data set DT_BETAS.BETAS_MI_V2_IND_GLM_37.
NOTE: There were 7 observations read from the data set DT_BETAS.BETAS_MI_V2_IND_GLM_38.
NOTE: There were 7 observations read from the data set DT_BETAS.BETAS_MI_V2_IND_GLM_39.
NOTE: There were 7 observations read from the data set DT_BETAS.BETAS_MI_V2_IND_GLM_40.
NOTE: There were 7 observations read from the data set DT_BETAS.BETAS_MI_V2_IND_GLM_41.
NOTE: There were 7 observations read from the data set DT_BETAS.BETAS_MI_V2_IND_GLM_42.
NOTE: There were 7 observations read from the data set DT_BETAS.BETAS_MI_V2_IND_GLM_43.
NOTE: There were 7 observations read from the data set DT_BETAS.BETAS_MI_V2_IND_GLM_44.
NOTE: There were 7 observations read from the data set DT_BETAS.BETAS_MI_V2_IND_GLM_45.
NOTE: There were 7 observations read from the data set DT_BETAS.BETAS_MI_V2_IND_GLM_46.
NOTE: There were 7 observations read from the data set DT_BETAS.BETAS_MI_V2_IND_GLM_47.
NOTE: There were 7 observations read from the data set DT_BETAS.BETAS_MI_V2_IND_GLM_48.
NOTE: There were 7 observations read from the data set DT_BETAS.BETAS_MI_V2_IND_GLM_49.
NOTE: There were 7 observations read from the data set DT_BETAS.BETAS_MI_V2_IND_GLM_50.
NOTE: There were 7 observations read from the data set DT_BETAS.BETAS_MI_V2_IND_GLM_51.
NOTE: There were 7 observations read from the data set DT_BETAS.BETAS_MI_V2_IND_GLM_52.
NOTE: There were 7 observations read from the data set DT_BETAS.BETAS_MI_V2_IND_GLM_53.
NOTE: There were 7 observations read from the data set DT_BETAS.BETAS_MI_V2_IND_GLM_54.
NOTE: There were 7 observations read from the data set DT_BETAS.BETAS_MI_V2_IND_GLM_55.
NOTE: There were 7 observations read from the data set DT_BETAS.BETAS_MI_V2_IND_GLM_56.
7                                                          The SAS System                                15:32 Monday, June 16, 2025

NOTE: There were 7 observations read from the data set DT_BETAS.BETAS_MI_V2_IND_GLM_57.
NOTE: There were 7 observations read from the data set DT_BETAS.BETAS_MI_V2_IND_GLM_58.
NOTE: There were 7 observations read from the data set DT_BETAS.BETAS_MI_V2_IND_GLM_59.
NOTE: There were 7 observations read from the data set DT_BETAS.BETAS_MI_V2_IND_GLM_60.
NOTE: There were 7 observations read from the data set DT_BETAS.BETAS_MI_V2_IND_GLM_61.
NOTE: There were 7 observations read from the data set DT_BETAS.BETAS_MI_V2_IND_GLM_62.
NOTE: There were 7 observations read from the data set DT_BETAS.BETAS_MI_V2_IND_GLM_63.
NOTE: There were 7 observations read from the data set DT_BETAS.BETAS_MI_V2_IND_GLM_64.
NOTE: There were 7 observations read from the data set DT_BETAS.BETAS_MI_V2_IND_GLM_65.
NOTE: There were 7 observations read from the data set DT_BETAS.BETAS_MI_V2_IND_GLM_66.
NOTE: There were 7 observations read from the data set DT_BETAS.BETAS_MI_V2_IND_GLM_67.
NOTE: There were 7 observations read from the data set DT_BETAS.BETAS_MI_V2_IND_GLM_68.
NOTE: There were 7 observations read from the data set DT_BETAS.BETAS_MI_V2_IND_GLM_69.
NOTE: There were 7 observations read from the data set DT_BETAS.BETAS_MI_V2_IND_GLM_70.
NOTE: There were 7 observations read from the data set DT_BETAS.BETAS_MI_V2_IND_GLM_71.
NOTE: There were 7 observations read from the data set DT_BETAS.BETAS_MI_V2_IND_GLM_72.
NOTE: There were 7 observations read from the data set DT_BETAS.BETAS_MI_V2_IND_GLM_73.
NOTE: There were 7 observations read from the data set DT_BETAS.BETAS_MI_V2_IND_GLM_74.
NOTE: There were 7 observations read from the data set DT_BETAS.BETAS_MI_V2_IND_GLM_75.
NOTE: There were 7 observations read from the data set DT_BETAS.BETAS_MI_V2_IND_GLM_76.
NOTE: There were 7 observations read from the data set DT_BETAS.BETAS_MI_V2_IND_GLM_77.
NOTE: There were 7 observations read from the data set DT_BETAS.BETAS_MI_V2_IND_GLM_78.
NOTE: There were 7 observations read from the data set DT_BETAS.BETAS_MI_V2_IND_GLM_79.
NOTE: There were 7 observations read from the data set DT_BETAS.BETAS_MI_V2_IND_GLM_80.
NOTE: There were 7 observations read from the data set DT_BETAS.BETAS_MI_V2_IND_GLM_81.
NOTE: There were 7 observations read from the data set DT_BETAS.BETAS_MI_V2_IND_GLM_82.
NOTE: There were 7 observations read from the data set DT_BETAS.BETAS_MI_V2_IND_GLM_83.
NOTE: There were 7 observations read from the data set DT_BETAS.BETAS_MI_V2_IND_GLM_84.
NOTE: There were 7 observations read from the data set DT_BETAS.BETAS_MI_V2_IND_GLM_85.
NOTE: There were 7 observations read from the data set DT_BETAS.BETAS_MI_V2_IND_GLM_86.
NOTE: There were 7 observations read from the data set DT_BETAS.BETAS_MI_V2_IND_GLM_87.
NOTE: There were 7 observations read from the data set DT_BETAS.BETAS_MI_V2_IND_GLM_88.
NOTE: There were 7 observations read from the data set DT_BETAS.BETAS_MI_V2_IND_GLM_89.
NOTE: There were 7 observations read from the data set DT_BETAS.BETAS_MI_V2_IND_GLM_90.
NOTE: There were 7 observations read from the data set DT_BETAS.BETAS_MI_V2_IND_GLM_91.
NOTE: There were 7 observations read from the data set DT_BETAS.BETAS_MI_V2_IND_GLM_92.
NOTE: There were 7 observations read from the data set DT_BETAS.BETAS_MI_V2_IND_GLM_93.
NOTE: There were 7 observations read from the data set DT_BETAS.BETAS_MI_V2_IND_GLM_94.
NOTE: There were 7 observations read from the data set DT_BETAS.BETAS_MI_V2_IND_GLM_95.
NOTE: There were 7 observations read from the data set DT_BETAS.BETAS_MI_V2_IND_GLM_96.
NOTE: There were 7 observations read from the data set DT_BETAS.BETAS_MI_V2_IND_GLM_97.
NOTE: There were 7 observations read from the data set DT_BETAS.BETAS_MI_V2_IND_GLM_98.
NOTE: There were 7 observations read from the data set DT_BETAS.BETAS_MI_V2_IND_GLM_99.
NOTE: There were 7 observations read from the data set DT_BETAS.BETAS_MI_V2_IND_GLM_100.
NOTE: The data set WORK.MERGE_BETAS has 700 observations and 12 variables.
NOTE: DATA statement used (Total process time):
      real time           2.65 seconds
      cpu time            0.25 seconds
      

NOTE: Table WORK.BETAS_SAMP_POP created, with 700 rows and 13 columns.

NOTE: PROCEDURE SQL used (Total process time):
      real time           0.05 seconds
      cpu time            0.03 seconds
      


8                                                          The SAS System                                15:32 Monday, June 16, 2025

NOTE: There were 700 observations read from the data set WORK.BETAS_SAMP_POP.
NOTE: The data set WORK.BETAS_SAMP_POP has 700 observations and 13 variables.
NOTE: DATA statement used (Total process time):
      real time           0.02 seconds
      cpu time            0.01 seconds
      


NOTE: Variable t is uninitialized.
NOTE: Missing values were generated as a result of performing an operation on missing values.
      Each place is given by: (Number of times) at (Line):(Column).
      700 at 104:45   
NOTE: There were 700 observations read from the data set WORK.BETAS_SAMP_POP.
NOTE: The data set WORK.BETAS_SAMP_POP_ has 700 observations and 18 variables.
NOTE: DATA statement used (Total process time):
      real time           0.01 seconds
      cpu time            0.00 seconds
      


NOTE: There were 700 observations read from the data set WORK.BETAS_SAMP_POP_.
NOTE: The data set WORK.OUTPUT_1 has 7 observations and 11 variables.
NOTE: PROCEDURE MEANS used (Total process time):
      real time           0.03 seconds
      cpu time            0.00 seconds
      


NOTE: There were 7 observations read from the data set WORK.OUTPUT_1.
NOTE: The data set WORK.OUTPUT has 7 observations and 12 variables.
NOTE: DATA statement used (Total process time):
      real time           0.02 seconds
      cpu time            0.00 seconds
      

NOTE: Writing RTF Body file: 
      J:/HCHS/STATISTICS/GRAS/QAngarita/HCHS_simulation/output/reports/3_combine_mi_restricted_independent_glm_16JUN25.rtf

NOTE: There were 7 observations read from the data set WORK.OUTPUT.
NOTE: The PROCEDURE PRINT printed page 2.
NOTE: PROCEDURE PRINT used (Total process time):
      real time           0.02 seconds
      cpu time            0.01 seconds
      

105        %combine_betas_rr(rr=nradj, corr=independent);

NOTE: There were 7 observations read from the data set DT_BETAS.BETAS_MI_V2_IND_NRADJ_1.
NOTE: There were 7 observations read from the data set DT_BETAS.BETAS_MI_V2_IND_NRADJ_2.
NOTE: There were 7 observations read from the data set DT_BETAS.BETAS_MI_V2_IND_NRADJ_3.
NOTE: There were 7 observations read from the data set DT_BETAS.BETAS_MI_V2_IND_NRADJ_4.
NOTE: There were 7 observations read from the data set DT_BETAS.BETAS_MI_V2_IND_NRADJ_5.
NOTE: There were 7 observations read from the data set DT_BETAS.BETAS_MI_V2_IND_NRADJ_6.
NOTE: There were 7 observations read from the data set DT_BETAS.BETAS_MI_V2_IND_NRADJ_7.
NOTE: There were 7 observations read from the data set DT_BETAS.BETAS_MI_V2_IND_NRADJ_8.
NOTE: There were 7 observations read from the data set DT_BETAS.BETAS_MI_V2_IND_NRADJ_9.
NOTE: There were 7 observations read from the data set DT_BETAS.BETAS_MI_V2_IND_NRADJ_10.
NOTE: There were 7 observations read from the data set DT_BETAS.BETAS_MI_V2_IND_NRADJ_11.
9                                                          The SAS System                                15:32 Monday, June 16, 2025

NOTE: There were 7 observations read from the data set DT_BETAS.BETAS_MI_V2_IND_NRADJ_12.
NOTE: There were 7 observations read from the data set DT_BETAS.BETAS_MI_V2_IND_NRADJ_13.
NOTE: There were 7 observations read from the data set DT_BETAS.BETAS_MI_V2_IND_NRADJ_14.
NOTE: There were 7 observations read from the data set DT_BETAS.BETAS_MI_V2_IND_NRADJ_15.
NOTE: There were 7 observations read from the data set DT_BETAS.BETAS_MI_V2_IND_NRADJ_16.
NOTE: There were 7 observations read from the data set DT_BETAS.BETAS_MI_V2_IND_NRADJ_17.
NOTE: There were 7 observations read from the data set DT_BETAS.BETAS_MI_V2_IND_NRADJ_18.
NOTE: There were 7 observations read from the data set DT_BETAS.BETAS_MI_V2_IND_NRADJ_19.
NOTE: There were 7 observations read from the data set DT_BETAS.BETAS_MI_V2_IND_NRADJ_20.
NOTE: There were 7 observations read from the data set DT_BETAS.BETAS_MI_V2_IND_NRADJ_21.
NOTE: There were 7 observations read from the data set DT_BETAS.BETAS_MI_V2_IND_NRADJ_22.
NOTE: There were 7 observations read from the data set DT_BETAS.BETAS_MI_V2_IND_NRADJ_23.
NOTE: There were 7 observations read from the data set DT_BETAS.BETAS_MI_V2_IND_NRADJ_24.
NOTE: There were 7 observations read from the data set DT_BETAS.BETAS_MI_V2_IND_NRADJ_25.
NOTE: There were 7 observations read from the data set DT_BETAS.BETAS_MI_V2_IND_NRADJ_26.
NOTE: There were 7 observations read from the data set DT_BETAS.BETAS_MI_V2_IND_NRADJ_27.
NOTE: There were 7 observations read from the data set DT_BETAS.BETAS_MI_V2_IND_NRADJ_28.
NOTE: There were 7 observations read from the data set DT_BETAS.BETAS_MI_V2_IND_NRADJ_29.
NOTE: There were 7 observations read from the data set DT_BETAS.BETAS_MI_V2_IND_NRADJ_30.
NOTE: There were 7 observations read from the data set DT_BETAS.BETAS_MI_V2_IND_NRADJ_31.
NOTE: There were 7 observations read from the data set DT_BETAS.BETAS_MI_V2_IND_NRADJ_32.
NOTE: There were 7 observations read from the data set DT_BETAS.BETAS_MI_V2_IND_NRADJ_33.
NOTE: There were 7 observations read from the data set DT_BETAS.BETAS_MI_V2_IND_NRADJ_34.
NOTE: There were 7 observations read from the data set DT_BETAS.BETAS_MI_V2_IND_NRADJ_35.
NOTE: There were 7 observations read from the data set DT_BETAS.BETAS_MI_V2_IND_NRADJ_36.
NOTE: There were 7 observations read from the data set DT_BETAS.BETAS_MI_V2_IND_NRADJ_37.
NOTE: There were 7 observations read from the data set DT_BETAS.BETAS_MI_V2_IND_NRADJ_38.
NOTE: There were 7 observations read from the data set DT_BETAS.BETAS_MI_V2_IND_NRADJ_39.
NOTE: There were 7 observations read from the data set DT_BETAS.BETAS_MI_V2_IND_NRADJ_40.
NOTE: There were 7 observations read from the data set DT_BETAS.BETAS_MI_V2_IND_NRADJ_41.
NOTE: There were 7 observations read from the data set DT_BETAS.BETAS_MI_V2_IND_NRADJ_42.
NOTE: There were 7 observations read from the data set DT_BETAS.BETAS_MI_V2_IND_NRADJ_43.
NOTE: There were 7 observations read from the data set DT_BETAS.BETAS_MI_V2_IND_NRADJ_44.
NOTE: There were 7 observations read from the data set DT_BETAS.BETAS_MI_V2_IND_NRADJ_45.
NOTE: There were 7 observations read from the data set DT_BETAS.BETAS_MI_V2_IND_NRADJ_46.
NOTE: There were 7 observations read from the data set DT_BETAS.BETAS_MI_V2_IND_NRADJ_47.
NOTE: There were 7 observations read from the data set DT_BETAS.BETAS_MI_V2_IND_NRADJ_48.
NOTE: There were 7 observations read from the data set DT_BETAS.BETAS_MI_V2_IND_NRADJ_49.
NOTE: There were 7 observations read from the data set DT_BETAS.BETAS_MI_V2_IND_NRADJ_50.
NOTE: There were 7 observations read from the data set DT_BETAS.BETAS_MI_V2_IND_NRADJ_51.
NOTE: There were 7 observations read from the data set DT_BETAS.BETAS_MI_V2_IND_NRADJ_52.
NOTE: There were 7 observations read from the data set DT_BETAS.BETAS_MI_V2_IND_NRADJ_53.
NOTE: There were 7 observations read from the data set DT_BETAS.BETAS_MI_V2_IND_NRADJ_54.
NOTE: There were 7 observations read from the data set DT_BETAS.BETAS_MI_V2_IND_NRADJ_55.
NOTE: There were 7 observations read from the data set DT_BETAS.BETAS_MI_V2_IND_NRADJ_56.
NOTE: There were 7 observations read from the data set DT_BETAS.BETAS_MI_V2_IND_NRADJ_57.
NOTE: There were 7 observations read from the data set DT_BETAS.BETAS_MI_V2_IND_NRADJ_58.
NOTE: There were 7 observations read from the data set DT_BETAS.BETAS_MI_V2_IND_NRADJ_59.
NOTE: There were 7 observations read from the data set DT_BETAS.BETAS_MI_V2_IND_NRADJ_60.
NOTE: There were 7 observations read from the data set DT_BETAS.BETAS_MI_V2_IND_NRADJ_61.
NOTE: There were 7 observations read from the data set DT_BETAS.BETAS_MI_V2_IND_NRADJ_62.
NOTE: There were 7 observations read from the data set DT_BETAS.BETAS_MI_V2_IND_NRADJ_63.
NOTE: There were 7 observations read from the data set DT_BETAS.BETAS_MI_V2_IND_NRADJ_64.
NOTE: There were 7 observations read from the data set DT_BETAS.BETAS_MI_V2_IND_NRADJ_65.
NOTE: There were 7 observations read from the data set DT_BETAS.BETAS_MI_V2_IND_NRADJ_66.
NOTE: There were 7 observations read from the data set DT_BETAS.BETAS_MI_V2_IND_NRADJ_67.
NOTE: There were 7 observations read from the data set DT_BETAS.BETAS_MI_V2_IND_NRADJ_68.
NOTE: There were 7 observations read from the data set DT_BETAS.BETAS_MI_V2_IND_NRADJ_69.
10                                                         The SAS System                                15:32 Monday, June 16, 2025

NOTE: There were 7 observations read from the data set DT_BETAS.BETAS_MI_V2_IND_NRADJ_70.
NOTE: There were 7 observations read from the data set DT_BETAS.BETAS_MI_V2_IND_NRADJ_71.
NOTE: There were 7 observations read from the data set DT_BETAS.BETAS_MI_V2_IND_NRADJ_72.
NOTE: There were 7 observations read from the data set DT_BETAS.BETAS_MI_V2_IND_NRADJ_73.
NOTE: There were 7 observations read from the data set DT_BETAS.BETAS_MI_V2_IND_NRADJ_74.
NOTE: There were 7 observations read from the data set DT_BETAS.BETAS_MI_V2_IND_NRADJ_75.
NOTE: There were 7 observations read from the data set DT_BETAS.BETAS_MI_V2_IND_NRADJ_76.
NOTE: There were 7 observations read from the data set DT_BETAS.BETAS_MI_V2_IND_NRADJ_77.
NOTE: There were 7 observations read from the data set DT_BETAS.BETAS_MI_V2_IND_NRADJ_78.
NOTE: There were 7 observations read from the data set DT_BETAS.BETAS_MI_V2_IND_NRADJ_79.
NOTE: There were 7 observations read from the data set DT_BETAS.BETAS_MI_V2_IND_NRADJ_80.
NOTE: There were 7 observations read from the data set DT_BETAS.BETAS_MI_V2_IND_NRADJ_81.
NOTE: There were 7 observations read from the data set DT_BETAS.BETAS_MI_V2_IND_NRADJ_82.
NOTE: There were 7 observations read from the data set DT_BETAS.BETAS_MI_V2_IND_NRADJ_83.
NOTE: There were 7 observations read from the data set DT_BETAS.BETAS_MI_V2_IND_NRADJ_84.
NOTE: There were 7 observations read from the data set DT_BETAS.BETAS_MI_V2_IND_NRADJ_85.
NOTE: There were 7 observations read from the data set DT_BETAS.BETAS_MI_V2_IND_NRADJ_86.
NOTE: There were 7 observations read from the data set DT_BETAS.BETAS_MI_V2_IND_NRADJ_87.
NOTE: There were 7 observations read from the data set DT_BETAS.BETAS_MI_V2_IND_NRADJ_88.
NOTE: There were 7 observations read from the data set DT_BETAS.BETAS_MI_V2_IND_NRADJ_89.
NOTE: There were 7 observations read from the data set DT_BETAS.BETAS_MI_V2_IND_NRADJ_90.
NOTE: There were 7 observations read from the data set DT_BETAS.BETAS_MI_V2_IND_NRADJ_91.
NOTE: There were 7 observations read from the data set DT_BETAS.BETAS_MI_V2_IND_NRADJ_92.
NOTE: There were 7 observations read from the data set DT_BETAS.BETAS_MI_V2_IND_NRADJ_93.
NOTE: There were 7 observations read from the data set DT_BETAS.BETAS_MI_V2_IND_NRADJ_94.
NOTE: There were 7 observations read from the data set DT_BETAS.BETAS_MI_V2_IND_NRADJ_95.
NOTE: There were 7 observations read from the data set DT_BETAS.BETAS_MI_V2_IND_NRADJ_96.
NOTE: There were 7 observations read from the data set DT_BETAS.BETAS_MI_V2_IND_NRADJ_97.
NOTE: There were 7 observations read from the data set DT_BETAS.BETAS_MI_V2_IND_NRADJ_98.
NOTE: There were 7 observations read from the data set DT_BETAS.BETAS_MI_V2_IND_NRADJ_99.
NOTE: There were 7 observations read from the data set DT_BETAS.BETAS_MI_V2_IND_NRADJ_100.
NOTE: The data set WORK.MERGE_BETAS has 700 observations and 12 variables.
NOTE: DATA statement used (Total process time):
      real time           2.53 seconds
      cpu time            0.18 seconds
      

NOTE: Table WORK.BETAS_SAMP_POP created, with 700 rows and 13 columns.

NOTE: PROCEDURE SQL used (Total process time):
      real time           0.03 seconds
      cpu time            0.00 seconds
      


NOTE: There were 700 observations read from the data set WORK.BETAS_SAMP_POP.
NOTE: The data set WORK.BETAS_SAMP_POP has 700 observations and 13 variables.
NOTE: DATA statement used (Total process time):
      real time           0.02 seconds
      cpu time            0.00 seconds
      


NOTE: Variable t is uninitialized.
NOTE: Missing values were generated as a result of performing an operation on missing values.
      Each place is given by: (Number of times) at (Line):(Column).
      700 at 105:45   
NOTE: There were 700 observations read from the data set WORK.BETAS_SAMP_POP.
11                                                         The SAS System                                15:32 Monday, June 16, 2025

NOTE: The data set WORK.BETAS_SAMP_POP_ has 700 observations and 18 variables.
NOTE: DATA statement used (Total process time):
      real time           0.01 seconds
      cpu time            0.00 seconds
      


NOTE: There were 700 observations read from the data set WORK.BETAS_SAMP_POP_.
NOTE: The data set WORK.OUTPUT_1 has 7 observations and 11 variables.
NOTE: PROCEDURE MEANS used (Total process time):
      real time           0.02 seconds
      cpu time            0.00 seconds
      


NOTE: There were 7 observations read from the data set WORK.OUTPUT_1.
NOTE: The data set WORK.OUTPUT has 7 observations and 12 variables.
NOTE: DATA statement used (Total process time):
      real time           0.01 seconds
      cpu time            0.00 seconds
      

NOTE: Writing RTF Body file: 
      J:/HCHS/STATISTICS/GRAS/QAngarita/HCHS_simulation/output/reports/3_combine_mi_restricted_independent_nradj_16JUN25.rtf

NOTE: There were 7 observations read from the data set WORK.OUTPUT.
NOTE: The PROCEDURE PRINT printed page 3.
NOTE: PROCEDURE PRINT used (Total process time):
      real time           0.02 seconds
      cpu time            0.01 seconds
      

106        %combine_betas_rr(rr=nradj);

NOTE: There were 7 observations read from the data set DT_BETAS.BETAS_MI_V2_EXCH_NRADJ_1.
NOTE: There were 7 observations read from the data set DT_BETAS.BETAS_MI_V2_EXCH_NRADJ_2.
NOTE: There were 7 observations read from the data set DT_BETAS.BETAS_MI_V2_EXCH_NRADJ_3.
NOTE: There were 7 observations read from the data set DT_BETAS.BETAS_MI_V2_EXCH_NRADJ_4.
NOTE: There were 7 observations read from the data set DT_BETAS.BETAS_MI_V2_EXCH_NRADJ_5.
NOTE: There were 7 observations read from the data set DT_BETAS.BETAS_MI_V2_EXCH_NRADJ_6.
NOTE: There were 7 observations read from the data set DT_BETAS.BETAS_MI_V2_EXCH_NRADJ_7.
NOTE: There were 7 observations read from the data set DT_BETAS.BETAS_MI_V2_EXCH_NRADJ_8.
NOTE: There were 7 observations read from the data set DT_BETAS.BETAS_MI_V2_EXCH_NRADJ_9.
NOTE: There were 7 observations read from the data set DT_BETAS.BETAS_MI_V2_EXCH_NRADJ_10.
NOTE: There were 7 observations read from the data set DT_BETAS.BETAS_MI_V2_EXCH_NRADJ_11.
NOTE: There were 7 observations read from the data set DT_BETAS.BETAS_MI_V2_EXCH_NRADJ_12.
NOTE: There were 7 observations read from the data set DT_BETAS.BETAS_MI_V2_EXCH_NRADJ_13.
NOTE: There were 7 observations read from the data set DT_BETAS.BETAS_MI_V2_EXCH_NRADJ_14.
NOTE: There were 7 observations read from the data set DT_BETAS.BETAS_MI_V2_EXCH_NRADJ_15.
NOTE: There were 7 observations read from the data set DT_BETAS.BETAS_MI_V2_EXCH_NRADJ_16.
NOTE: There were 7 observations read from the data set DT_BETAS.BETAS_MI_V2_EXCH_NRADJ_17.
NOTE: There were 7 observations read from the data set DT_BETAS.BETAS_MI_V2_EXCH_NRADJ_18.
NOTE: There were 7 observations read from the data set DT_BETAS.BETAS_MI_V2_EXCH_NRADJ_19.
NOTE: There were 7 observations read from the data set DT_BETAS.BETAS_MI_V2_EXCH_NRADJ_20.
NOTE: There were 7 observations read from the data set DT_BETAS.BETAS_MI_V2_EXCH_NRADJ_21.
NOTE: There were 7 observations read from the data set DT_BETAS.BETAS_MI_V2_EXCH_NRADJ_22.
NOTE: There were 7 observations read from the data set DT_BETAS.BETAS_MI_V2_EXCH_NRADJ_23.
NOTE: There were 7 observations read from the data set DT_BETAS.BETAS_MI_V2_EXCH_NRADJ_24.
12                                                         The SAS System                                15:32 Monday, June 16, 2025

NOTE: There were 7 observations read from the data set DT_BETAS.BETAS_MI_V2_EXCH_NRADJ_25.
NOTE: There were 7 observations read from the data set DT_BETAS.BETAS_MI_V2_EXCH_NRADJ_26.
NOTE: There were 7 observations read from the data set DT_BETAS.BETAS_MI_V2_EXCH_NRADJ_27.
NOTE: There were 7 observations read from the data set DT_BETAS.BETAS_MI_V2_EXCH_NRADJ_28.
NOTE: There were 7 observations read from the data set DT_BETAS.BETAS_MI_V2_EXCH_NRADJ_29.
NOTE: There were 7 observations read from the data set DT_BETAS.BETAS_MI_V2_EXCH_NRADJ_30.
NOTE: There were 7 observations read from the data set DT_BETAS.BETAS_MI_V2_EXCH_NRADJ_31.
NOTE: There were 7 observations read from the data set DT_BETAS.BETAS_MI_V2_EXCH_NRADJ_32.
NOTE: There were 7 observations read from the data set DT_BETAS.BETAS_MI_V2_EXCH_NRADJ_33.
NOTE: There were 7 observations read from the data set DT_BETAS.BETAS_MI_V2_EXCH_NRADJ_34.
NOTE: There were 7 observations read from the data set DT_BETAS.BETAS_MI_V2_EXCH_NRADJ_35.
NOTE: There were 7 observations read from the data set DT_BETAS.BETAS_MI_V2_EXCH_NRADJ_36.
NOTE: There were 7 observations read from the data set DT_BETAS.BETAS_MI_V2_EXCH_NRADJ_37.
NOTE: There were 7 observations read from the data set DT_BETAS.BETAS_MI_V2_EXCH_NRADJ_38.
NOTE: There were 7 observations read from the data set DT_BETAS.BETAS_MI_V2_EXCH_NRADJ_39.
NOTE: There were 7 observations read from the data set DT_BETAS.BETAS_MI_V2_EXCH_NRADJ_40.
NOTE: There were 7 observations read from the data set DT_BETAS.BETAS_MI_V2_EXCH_NRADJ_41.
NOTE: There were 7 observations read from the data set DT_BETAS.BETAS_MI_V2_EXCH_NRADJ_42.
NOTE: There were 7 observations read from the data set DT_BETAS.BETAS_MI_V2_EXCH_NRADJ_43.
NOTE: There were 7 observations read from the data set DT_BETAS.BETAS_MI_V2_EXCH_NRADJ_44.
NOTE: There were 7 observations read from the data set DT_BETAS.BETAS_MI_V2_EXCH_NRADJ_45.
NOTE: There were 7 observations read from the data set DT_BETAS.BETAS_MI_V2_EXCH_NRADJ_46.
NOTE: There were 7 observations read from the data set DT_BETAS.BETAS_MI_V2_EXCH_NRADJ_47.
NOTE: There were 7 observations read from the data set DT_BETAS.BETAS_MI_V2_EXCH_NRADJ_48.
NOTE: There were 7 observations read from the data set DT_BETAS.BETAS_MI_V2_EXCH_NRADJ_49.
NOTE: There were 7 observations read from the data set DT_BETAS.BETAS_MI_V2_EXCH_NRADJ_50.
NOTE: There were 7 observations read from the data set DT_BETAS.BETAS_MI_V2_EXCH_NRADJ_51.
NOTE: There were 7 observations read from the data set DT_BETAS.BETAS_MI_V2_EXCH_NRADJ_52.
NOTE: There were 7 observations read from the data set DT_BETAS.BETAS_MI_V2_EXCH_NRADJ_53.
NOTE: There were 7 observations read from the data set DT_BETAS.BETAS_MI_V2_EXCH_NRADJ_54.
NOTE: There were 7 observations read from the data set DT_BETAS.BETAS_MI_V2_EXCH_NRADJ_55.
NOTE: There were 7 observations read from the data set DT_BETAS.BETAS_MI_V2_EXCH_NRADJ_56.
NOTE: There were 7 observations read from the data set DT_BETAS.BETAS_MI_V2_EXCH_NRADJ_57.
NOTE: There were 7 observations read from the data set DT_BETAS.BETAS_MI_V2_EXCH_NRADJ_58.
NOTE: There were 7 observations read from the data set DT_BETAS.BETAS_MI_V2_EXCH_NRADJ_59.
NOTE: There were 7 observations read from the data set DT_BETAS.BETAS_MI_V2_EXCH_NRADJ_60.
NOTE: There were 7 observations read from the data set DT_BETAS.BETAS_MI_V2_EXCH_NRADJ_61.
NOTE: There were 7 observations read from the data set DT_BETAS.BETAS_MI_V2_EXCH_NRADJ_62.
NOTE: There were 7 observations read from the data set DT_BETAS.BETAS_MI_V2_EXCH_NRADJ_63.
NOTE: There were 7 observations read from the data set DT_BETAS.BETAS_MI_V2_EXCH_NRADJ_64.
NOTE: There were 7 observations read from the data set DT_BETAS.BETAS_MI_V2_EXCH_NRADJ_65.
NOTE: There were 7 observations read from the data set DT_BETAS.BETAS_MI_V2_EXCH_NRADJ_66.
NOTE: There were 7 observations read from the data set DT_BETAS.BETAS_MI_V2_EXCH_NRADJ_67.
NOTE: There were 7 observations read from the data set DT_BETAS.BETAS_MI_V2_EXCH_NRADJ_68.
NOTE: There were 7 observations read from the data set DT_BETAS.BETAS_MI_V2_EXCH_NRADJ_69.
NOTE: There were 7 observations read from the data set DT_BETAS.BETAS_MI_V2_EXCH_NRADJ_70.
NOTE: There were 7 observations read from the data set DT_BETAS.BETAS_MI_V2_EXCH_NRADJ_71.
NOTE: There were 7 observations read from the data set DT_BETAS.BETAS_MI_V2_EXCH_NRADJ_72.
NOTE: There were 7 observations read from the data set DT_BETAS.BETAS_MI_V2_EXCH_NRADJ_73.
NOTE: There were 7 observations read from the data set DT_BETAS.BETAS_MI_V2_EXCH_NRADJ_74.
NOTE: There were 7 observations read from the data set DT_BETAS.BETAS_MI_V2_EXCH_NRADJ_75.
NOTE: There were 7 observations read from the data set DT_BETAS.BETAS_MI_V2_EXCH_NRADJ_76.
NOTE: There were 7 observations read from the data set DT_BETAS.BETAS_MI_V2_EXCH_NRADJ_77.
NOTE: There were 7 observations read from the data set DT_BETAS.BETAS_MI_V2_EXCH_NRADJ_78.
NOTE: There were 7 observations read from the data set DT_BETAS.BETAS_MI_V2_EXCH_NRADJ_79.
NOTE: There were 7 observations read from the data set DT_BETAS.BETAS_MI_V2_EXCH_NRADJ_80.
NOTE: There were 7 observations read from the data set DT_BETAS.BETAS_MI_V2_EXCH_NRADJ_81.
NOTE: There were 7 observations read from the data set DT_BETAS.BETAS_MI_V2_EXCH_NRADJ_82.
13                                                         The SAS System                                15:32 Monday, June 16, 2025

NOTE: There were 7 observations read from the data set DT_BETAS.BETAS_MI_V2_EXCH_NRADJ_83.
NOTE: There were 7 observations read from the data set DT_BETAS.BETAS_MI_V2_EXCH_NRADJ_84.
NOTE: There were 7 observations read from the data set DT_BETAS.BETAS_MI_V2_EXCH_NRADJ_85.
NOTE: There were 7 observations read from the data set DT_BETAS.BETAS_MI_V2_EXCH_NRADJ_86.
NOTE: There were 7 observations read from the data set DT_BETAS.BETAS_MI_V2_EXCH_NRADJ_87.
NOTE: There were 7 observations read from the data set DT_BETAS.BETAS_MI_V2_EXCH_NRADJ_88.
NOTE: There were 7 observations read from the data set DT_BETAS.BETAS_MI_V2_EXCH_NRADJ_89.
NOTE: There were 7 observations read from the data set DT_BETAS.BETAS_MI_V2_EXCH_NRADJ_90.
NOTE: There were 7 observations read from the data set DT_BETAS.BETAS_MI_V2_EXCH_NRADJ_91.
NOTE: There were 7 observations read from the data set DT_BETAS.BETAS_MI_V2_EXCH_NRADJ_92.
NOTE: There were 7 observations read from the data set DT_BETAS.BETAS_MI_V2_EXCH_NRADJ_93.
NOTE: There were 7 observations read from the data set DT_BETAS.BETAS_MI_V2_EXCH_NRADJ_94.
NOTE: There were 7 observations read from the data set DT_BETAS.BETAS_MI_V2_EXCH_NRADJ_95.
NOTE: There were 7 observations read from the data set DT_BETAS.BETAS_MI_V2_EXCH_NRADJ_96.
NOTE: There were 7 observations read from the data set DT_BETAS.BETAS_MI_V2_EXCH_NRADJ_97.
NOTE: There were 7 observations read from the data set DT_BETAS.BETAS_MI_V2_EXCH_NRADJ_98.
NOTE: There were 7 observations read from the data set DT_BETAS.BETAS_MI_V2_EXCH_NRADJ_99.
NOTE: There were 7 observations read from the data set DT_BETAS.BETAS_MI_V2_EXCH_NRADJ_100.
NOTE: The data set WORK.MERGE_BETAS has 700 observations and 12 variables.
NOTE: DATA statement used (Total process time):
      real time           2.30 seconds
      cpu time            0.03 seconds
      

NOTE: Table WORK.BETAS_SAMP_POP created, with 700 rows and 13 columns.

NOTE: PROCEDURE SQL used (Total process time):
      real time           0.03 seconds
      cpu time            0.00 seconds
      


NOTE: There were 700 observations read from the data set WORK.BETAS_SAMP_POP.
NOTE: The data set WORK.BETAS_SAMP_POP has 700 observations and 13 variables.
NOTE: DATA statement used (Total process time):
      real time           0.02 seconds
      cpu time            0.01 seconds
      


NOTE: Variable t is uninitialized.
NOTE: Missing values were generated as a result of performing an operation on missing values.
      Each place is given by: (Number of times) at (Line):(Column).
      700 at 106:45   
NOTE: There were 700 observations read from the data set WORK.BETAS_SAMP_POP.
NOTE: The data set WORK.BETAS_SAMP_POP_ has 700 observations and 18 variables.
NOTE: DATA statement used (Total process time):
      real time           0.02 seconds
      cpu time            0.00 seconds
      


NOTE: There were 700 observations read from the data set WORK.BETAS_SAMP_POP_.
NOTE: The data set WORK.OUTPUT_1 has 7 observations and 11 variables.
NOTE: PROCEDURE MEANS used (Total process time):
      real time           0.02 seconds
      cpu time            0.01 seconds
      
14                                                         The SAS System                                15:32 Monday, June 16, 2025



NOTE: There were 7 observations read from the data set WORK.OUTPUT_1.
NOTE: The data set WORK.OUTPUT has 7 observations and 12 variables.
NOTE: DATA statement used (Total process time):
      real time           0.03 seconds
      cpu time            0.00 seconds
      

NOTE: Writing RTF Body file: 
      J:/HCHS/STATISTICS/GRAS/QAngarita/HCHS_simulation/output/reports/3_combine_mi_restricted_exchangeable_nradj_16JUN25.rtf

NOTE: There were 7 observations read from the data set WORK.OUTPUT.
NOTE: The PROCEDURE PRINT printed page 4.
NOTE: PROCEDURE PRINT used (Total process time):
      real time           0.01 seconds
      cpu time            0.01 seconds
      

107        
108        
109        proc printto; run;

