NOTE: PROCEDURE PRINTTO used (Total process time):
      real time           0.22 seconds
      cpu time            0.01 seconds
      

18         *********************************************************************************************************
19         
20                 PROGRAM NAME: combine_mi_sudaan_pop.sas
21         
22                 PROGRAMMER: AQA
23         
24                 DESCRIPTION:
25         
26                 VERSION CONTROL:
27         						- 24APR25: Initialize the code 	
28         
29         *********************************************************************************************************;
30         
31         
2                                                          The SAS System                                  08:45 Friday, May 9, 2025

32         %macro combine_mi_betas(start=1, end=100, corr=exchangeable);
33         * merge files containing beta estimates using sample data;
34         data merge_betas;
35         	set dt_betas.betas_mi_&corr._&start. - dt_betas.betas_mi_&corr._&end.;
36         
37         	if parm = 'intercept' then parm = 'Intercept';
38         run;
39         
40         * append the true value coming from population estimates;
41         proc sql;
42              create table betas_samp_pop as
43                select a.*, b.estimate as true
44         	   from
45                merge_betas as a
46                right join
47                dt_betas.betas_pop_&corr. as b
48         	   on a.parm=b.parm;
49         quit;
50         
51         * Compute 95% confidence intervals;
52         data betas_samp_pop;
53         	set betas_samp_pop;
54         	uppercl = Estimate + 1.986 * Stderr;
55         	lowercl = Estimate - 1.986 * Stderr;
56         run;
57         
58         * Estimate quantities of interest: bias, ...;
59         data betas_samp_pop_;
60                         set betas_samp_pop;
61                         /*calculate statistics to summarize*/
62                         inci=(uppercl>=true & lowercl<=true);
63                         bias=estimate-true;
64                         relbias=bias/true;
65                         /*PROBT*/
66                         rejecth0=(abs(t)>quantile('NORMAL',.986));
67         run;
68         
69         proc means data=betas_samp_pop_
70                         noprint nway;
71                         class parm;
72                         var true estimate bias relbias stderr inci rejecth0;
73                         output out=output_1 mean(true estimate bias relbias stderr inci
74                                 rejecth0)=true estimate empbias relbias estse coverage
75                                 prejecth0 std(estimate)=empse;
76         run;
77         
78         
79         data output;
80               set output_1;
81               relse=estse/empse-1;
82         run;
83         
84         ods rtf file="&homepath./output/reports/combine_mi_sudaan_&corr._&sysdate..rtf" style=journal bodytitle;
85                 proc print data=output noobs label;
86         		var parm true estimate empbias relbias empse estse relse coverage prejecth0;
87                 label parm='Effect' true='True Value' estimate='Estimate'
88                                 empbias='Empirical Bias' relbias='Relative Bias'
89                                 empse='Empirical SE' estse='Estimated SE'
3                                                          The SAS System                                  08:45 Friday, May 9, 2025

90                                 coverage='Coverage' prejecth0='P(reject H0)'
91                                 relse='Relative SE difference';
92         run;
93         ods rtf close;
94         %mend combine_mi_betas;
95         
96         %combine_mi_betas(end=91, corr=exchangeable);

NOTE: There were 7 observations read from the data set DT_BETAS.BETAS_MI_EXCHANGEABLE_1.
NOTE: There were 7 observations read from the data set DT_BETAS.BETAS_MI_EXCHANGEABLE_2.
NOTE: There were 7 observations read from the data set DT_BETAS.BETAS_MI_EXCHANGEABLE_3.
NOTE: There were 7 observations read from the data set DT_BETAS.BETAS_MI_EXCHANGEABLE_4.
NOTE: There were 7 observations read from the data set DT_BETAS.BETAS_MI_EXCHANGEABLE_5.
NOTE: There were 7 observations read from the data set DT_BETAS.BETAS_MI_EXCHANGEABLE_6.
NOTE: There were 7 observations read from the data set DT_BETAS.BETAS_MI_EXCHANGEABLE_7.
NOTE: There were 7 observations read from the data set DT_BETAS.BETAS_MI_EXCHANGEABLE_8.
NOTE: There were 7 observations read from the data set DT_BETAS.BETAS_MI_EXCHANGEABLE_9.
NOTE: There were 7 observations read from the data set DT_BETAS.BETAS_MI_EXCHANGEABLE_10.
NOTE: There were 7 observations read from the data set DT_BETAS.BETAS_MI_EXCHANGEABLE_11.
NOTE: There were 7 observations read from the data set DT_BETAS.BETAS_MI_EXCHANGEABLE_12.
NOTE: There were 7 observations read from the data set DT_BETAS.BETAS_MI_EXCHANGEABLE_13.
NOTE: There were 7 observations read from the data set DT_BETAS.BETAS_MI_EXCHANGEABLE_14.
NOTE: There were 7 observations read from the data set DT_BETAS.BETAS_MI_EXCHANGEABLE_15.
NOTE: There were 7 observations read from the data set DT_BETAS.BETAS_MI_EXCHANGEABLE_16.
NOTE: There were 7 observations read from the data set DT_BETAS.BETAS_MI_EXCHANGEABLE_17.
NOTE: There were 7 observations read from the data set DT_BETAS.BETAS_MI_EXCHANGEABLE_18.
NOTE: There were 7 observations read from the data set DT_BETAS.BETAS_MI_EXCHANGEABLE_19.
NOTE: There were 7 observations read from the data set DT_BETAS.BETAS_MI_EXCHANGEABLE_20.
NOTE: There were 7 observations read from the data set DT_BETAS.BETAS_MI_EXCHANGEABLE_21.
NOTE: There were 7 observations read from the data set DT_BETAS.BETAS_MI_EXCHANGEABLE_22.
NOTE: There were 7 observations read from the data set DT_BETAS.BETAS_MI_EXCHANGEABLE_23.
NOTE: There were 7 observations read from the data set DT_BETAS.BETAS_MI_EXCHANGEABLE_24.
NOTE: There were 7 observations read from the data set DT_BETAS.BETAS_MI_EXCHANGEABLE_25.
NOTE: There were 7 observations read from the data set DT_BETAS.BETAS_MI_EXCHANGEABLE_26.
NOTE: There were 7 observations read from the data set DT_BETAS.BETAS_MI_EXCHANGEABLE_27.
NOTE: There were 7 observations read from the data set DT_BETAS.BETAS_MI_EXCHANGEABLE_28.
NOTE: There were 7 observations read from the data set DT_BETAS.BETAS_MI_EXCHANGEABLE_29.
NOTE: There were 7 observations read from the data set DT_BETAS.BETAS_MI_EXCHANGEABLE_30.
NOTE: There were 7 observations read from the data set DT_BETAS.BETAS_MI_EXCHANGEABLE_31.
NOTE: There were 7 observations read from the data set DT_BETAS.BETAS_MI_EXCHANGEABLE_32.
NOTE: There were 7 observations read from the data set DT_BETAS.BETAS_MI_EXCHANGEABLE_33.
NOTE: There were 7 observations read from the data set DT_BETAS.BETAS_MI_EXCHANGEABLE_34.
NOTE: There were 7 observations read from the data set DT_BETAS.BETAS_MI_EXCHANGEABLE_35.
NOTE: There were 7 observations read from the data set DT_BETAS.BETAS_MI_EXCHANGEABLE_36.
NOTE: There were 7 observations read from the data set DT_BETAS.BETAS_MI_EXCHANGEABLE_37.
NOTE: There were 7 observations read from the data set DT_BETAS.BETAS_MI_EXCHANGEABLE_38.
NOTE: There were 7 observations read from the data set DT_BETAS.BETAS_MI_EXCHANGEABLE_39.
NOTE: There were 7 observations read from the data set DT_BETAS.BETAS_MI_EXCHANGEABLE_40.
NOTE: There were 7 observations read from the data set DT_BETAS.BETAS_MI_EXCHANGEABLE_41.
NOTE: There were 7 observations read from the data set DT_BETAS.BETAS_MI_EXCHANGEABLE_42.
NOTE: There were 7 observations read from the data set DT_BETAS.BETAS_MI_EXCHANGEABLE_43.
NOTE: There were 7 observations read from the data set DT_BETAS.BETAS_MI_EXCHANGEABLE_44.
NOTE: There were 7 observations read from the data set DT_BETAS.BETAS_MI_EXCHANGEABLE_45.
NOTE: There were 7 observations read from the data set DT_BETAS.BETAS_MI_EXCHANGEABLE_46.
NOTE: There were 7 observations read from the data set DT_BETAS.BETAS_MI_EXCHANGEABLE_47.
NOTE: There were 7 observations read from the data set DT_BETAS.BETAS_MI_EXCHANGEABLE_48.
NOTE: There were 7 observations read from the data set DT_BETAS.BETAS_MI_EXCHANGEABLE_49.
NOTE: There were 7 observations read from the data set DT_BETAS.BETAS_MI_EXCHANGEABLE_50.
4                                                          The SAS System                                  08:45 Friday, May 9, 2025

NOTE: There were 7 observations read from the data set DT_BETAS.BETAS_MI_EXCHANGEABLE_51.
NOTE: There were 7 observations read from the data set DT_BETAS.BETAS_MI_EXCHANGEABLE_52.
NOTE: There were 7 observations read from the data set DT_BETAS.BETAS_MI_EXCHANGEABLE_53.
NOTE: There were 7 observations read from the data set DT_BETAS.BETAS_MI_EXCHANGEABLE_54.
NOTE: There were 7 observations read from the data set DT_BETAS.BETAS_MI_EXCHANGEABLE_55.
NOTE: There were 7 observations read from the data set DT_BETAS.BETAS_MI_EXCHANGEABLE_56.
NOTE: There were 7 observations read from the data set DT_BETAS.BETAS_MI_EXCHANGEABLE_57.
NOTE: There were 7 observations read from the data set DT_BETAS.BETAS_MI_EXCHANGEABLE_58.
NOTE: There were 7 observations read from the data set DT_BETAS.BETAS_MI_EXCHANGEABLE_59.
NOTE: There were 7 observations read from the data set DT_BETAS.BETAS_MI_EXCHANGEABLE_60.
NOTE: There were 7 observations read from the data set DT_BETAS.BETAS_MI_EXCHANGEABLE_61.
NOTE: There were 7 observations read from the data set DT_BETAS.BETAS_MI_EXCHANGEABLE_62.
NOTE: There were 7 observations read from the data set DT_BETAS.BETAS_MI_EXCHANGEABLE_63.
NOTE: There were 7 observations read from the data set DT_BETAS.BETAS_MI_EXCHANGEABLE_64.
NOTE: There were 7 observations read from the data set DT_BETAS.BETAS_MI_EXCHANGEABLE_65.
NOTE: There were 7 observations read from the data set DT_BETAS.BETAS_MI_EXCHANGEABLE_66.
NOTE: There were 7 observations read from the data set DT_BETAS.BETAS_MI_EXCHANGEABLE_67.
NOTE: There were 7 observations read from the data set DT_BETAS.BETAS_MI_EXCHANGEABLE_68.
NOTE: There were 7 observations read from the data set DT_BETAS.BETAS_MI_EXCHANGEABLE_69.
NOTE: There were 7 observations read from the data set DT_BETAS.BETAS_MI_EXCHANGEABLE_70.
NOTE: There were 7 observations read from the data set DT_BETAS.BETAS_MI_EXCHANGEABLE_71.
NOTE: There were 7 observations read from the data set DT_BETAS.BETAS_MI_EXCHANGEABLE_72.
NOTE: There were 7 observations read from the data set DT_BETAS.BETAS_MI_EXCHANGEABLE_73.
NOTE: There were 7 observations read from the data set DT_BETAS.BETAS_MI_EXCHANGEABLE_74.
NOTE: There were 7 observations read from the data set DT_BETAS.BETAS_MI_EXCHANGEABLE_75.
NOTE: There were 7 observations read from the data set DT_BETAS.BETAS_MI_EXCHANGEABLE_76.
NOTE: There were 7 observations read from the data set DT_BETAS.BETAS_MI_EXCHANGEABLE_77.
NOTE: There were 7 observations read from the data set DT_BETAS.BETAS_MI_EXCHANGEABLE_78.
NOTE: There were 7 observations read from the data set DT_BETAS.BETAS_MI_EXCHANGEABLE_79.
NOTE: There were 7 observations read from the data set DT_BETAS.BETAS_MI_EXCHANGEABLE_80.
NOTE: There were 7 observations read from the data set DT_BETAS.BETAS_MI_EXCHANGEABLE_81.
NOTE: There were 7 observations read from the data set DT_BETAS.BETAS_MI_EXCHANGEABLE_82.
NOTE: There were 7 observations read from the data set DT_BETAS.BETAS_MI_EXCHANGEABLE_83.
NOTE: There were 7 observations read from the data set DT_BETAS.BETAS_MI_EXCHANGEABLE_84.
NOTE: There were 7 observations read from the data set DT_BETAS.BETAS_MI_EXCHANGEABLE_85.
NOTE: There were 7 observations read from the data set DT_BETAS.BETAS_MI_EXCHANGEABLE_86.
NOTE: There were 7 observations read from the data set DT_BETAS.BETAS_MI_EXCHANGEABLE_87.
NOTE: There were 7 observations read from the data set DT_BETAS.BETAS_MI_EXCHANGEABLE_88.
NOTE: There were 7 observations read from the data set DT_BETAS.BETAS_MI_EXCHANGEABLE_89.
NOTE: There were 7 observations read from the data set DT_BETAS.BETAS_MI_EXCHANGEABLE_90.
NOTE: There were 7 observations read from the data set DT_BETAS.BETAS_MI_EXCHANGEABLE_91.
NOTE: The data set WORK.MERGE_BETAS has 637 observations and 12 variables.
NOTE: DATA statement used (Total process time):
      real time           2.81 seconds
      cpu time            0.03 seconds
      

NOTE: Table WORK.BETAS_SAMP_POP created, with 637 rows and 13 columns.

NOTE: PROCEDURE SQL used (Total process time):
      real time           0.56 seconds
      cpu time            0.00 seconds
      


NOTE: There were 637 observations read from the data set WORK.BETAS_SAMP_POP.
NOTE: The data set WORK.BETAS_SAMP_POP has 637 observations and 13 variables.
NOTE: DATA statement used (Total process time):
5                                                          The SAS System                                  08:45 Friday, May 9, 2025

      real time           0.01 seconds
      cpu time            0.00 seconds
      


NOTE: Variable t is uninitialized.
NOTE: Missing values were generated as a result of performing an operation on missing values.
      Each place is given by: (Number of times) at (Line):(Column).
      637 at 96:187   
NOTE: There were 637 observations read from the data set WORK.BETAS_SAMP_POP.
NOTE: The data set WORK.BETAS_SAMP_POP_ has 637 observations and 18 variables.
NOTE: DATA statement used (Total process time):
      real time           0.24 seconds
      cpu time            0.00 seconds
      


NOTE: There were 637 observations read from the data set WORK.BETAS_SAMP_POP_.
NOTE: The data set WORK.OUTPUT_1 has 7 observations and 11 variables.
NOTE: PROCEDURE MEANS used (Total process time):
      real time           0.15 seconds
      cpu time            0.00 seconds
      


NOTE: There were 7 observations read from the data set WORK.OUTPUT_1.
NOTE: The data set WORK.OUTPUT has 7 observations and 12 variables.
NOTE: DATA statement used (Total process time):
      real time           0.01 seconds
      cpu time            0.00 seconds
      

NOTE: Writing RTF Body file: 
      J:/HCHS/STATISTICS/GRAS/QAngarita/HCHS_simulation/output/reports/combine_mi_sudaan_exchangeable_09MAY25.rtf

NOTE: There were 7 observations read from the data set WORK.OUTPUT.
NOTE: The PROCEDURE PRINT printed page 1.
NOTE: PROCEDURE PRINT used (Total process time):
      real time           0.24 seconds
      cpu time            0.03 seconds
      

97         *%combine_mi_betas(end=100, corr=independent);
98         
99         proc printto; run;

