NOTE: PROCEDURE PRINTTO used (Total process time):
      real time           0.03 seconds
      cpu time            0.00 seconds
      

18         *********************************************************************************************************
19         
20                 PROGRAM NAME: combine_mi_sudaan_pop.sas
21         
22                 PROGRAMMER: AQA
23         
24                 DESCRIPTION:
25         
26                 VERSION CONTROL:
27         						- 24APR25: Initialize the code 	
2                                                          The SAS System                             23:59 Thursday, April 24, 2025

28         
29         *********************************************************************************************************;
30         
31         
32         %macro combine_mi_betas(start=1, end=100, corr=exchangeable);
33         * merge files containing beta estimates using sample data;
34         data merge_betas;
35         	set dt_betas.betas_mi_&corr._&start. - dt_betas.betas_mi_&corr._&end.;
36         run;
37         
38         * append the true value coming from population estimates;
39         proc sql;
40              create table betas_samp_pop as
41                select a.*, b.estimate as true
42         	   from
43                merge_betas as a
44                right join
45                dt_betas.betas_pop_&corr. as b
46         	   on a.parm=b.parm;
47         quit;
48         
49         * Compute 95% confidence intervals;
50         data betas_samp_pop;
51         	set betas_samp_pop;
52         	uppercl = Estimate + 1.986 * Stderr;
53         	lowercl = Estimate - 1.986 * Stderr;
54         run;
55         
56         * Estimate quantities of interest: bias, ...;
57         data betas_samp_pop_;
58                         set betas_samp_pop;
59                         /*calculate statistics to summarize*/
60                         inci=(uppercl>=true & lowercl<=true);
61                         bias=estimate-true;
62                         relbias=bias/true;
63                         /*PROBT*/
64                         rejecth0=(abs(t)>quantile('NORMAL',.986));
65         run;
66         
67         proc means data=betas_samp_pop_
68                         noprint nway;
69                         class parm;
70                         var true estimate bias relbias stderr inci rejecth0;
71                         output out=output_1 mean(true estimate bias relbias stderr inci
72                                 rejecth0)=true estimate empbias relbias estse coverage
73                                 prejecth0 std(estimate)=empse;
74         run;
75         
76         
77         data output;
78               set output_1;
79               relse=estse/empse-1;
80         run;
81         
82         ods rtf file="&homepath./output/reports/combine_mi_sudaan_&corr._&sysdate..rtf" style=journal bodytitle;
83                 proc print data=output noobs label;
84         		var parm true estimate empbias relbias empse estse relse coverage prejecth0;
85                 label parm='Effect' true='True Value' estimate='Estimate'
3                                                          The SAS System                             23:59 Thursday, April 24, 2025

86                                 empbias='Empirical Bias' relbias='Relative Bias'
87                                 empse='Empirical SE' estse='Estimated SE'
88                                 coverage='Coverage' prejecth0='P(reject H0)'
89                                 relse='Relative SE difference';
90         run;
91         ods rtf close;
92         %mend combine_mi_betas;
93         
94         %combine_mi_betas(end=200, corr=exchangeable);

NOTE: There were 7 observations read from the data set DT_BETAS.BETAS_MI_EXCHANGEABLE_1.
NOTE: There were 7 observations read from the data set DT_BETAS.BETAS_MI_EXCHANGEABLE_2.
NOTE: There were 7 observations read from the data set DT_BETAS.BETAS_MI_EXCHANGEABLE_3.
NOTE: There were 7 observations read from the data set DT_BETAS.BETAS_MI_EXCHANGEABLE_4.
NOTE: There were 7 observations read from the data set DT_BETAS.BETAS_MI_EXCHANGEABLE_5.
NOTE: There were 7 observations read from the data set DT_BETAS.BETAS_MI_EXCHANGEABLE_6.
NOTE: There were 7 observations read from the data set DT_BETAS.BETAS_MI_EXCHANGEABLE_7.
NOTE: There were 7 observations read from the data set DT_BETAS.BETAS_MI_EXCHANGEABLE_8.
NOTE: There were 7 observations read from the data set DT_BETAS.BETAS_MI_EXCHANGEABLE_9.
NOTE: There were 7 observations read from the data set DT_BETAS.BETAS_MI_EXCHANGEABLE_10.
NOTE: There were 7 observations read from the data set DT_BETAS.BETAS_MI_EXCHANGEABLE_11.
NOTE: There were 7 observations read from the data set DT_BETAS.BETAS_MI_EXCHANGEABLE_12.
NOTE: There were 7 observations read from the data set DT_BETAS.BETAS_MI_EXCHANGEABLE_13.
NOTE: There were 7 observations read from the data set DT_BETAS.BETAS_MI_EXCHANGEABLE_14.
NOTE: There were 7 observations read from the data set DT_BETAS.BETAS_MI_EXCHANGEABLE_15.
NOTE: There were 7 observations read from the data set DT_BETAS.BETAS_MI_EXCHANGEABLE_16.
NOTE: There were 7 observations read from the data set DT_BETAS.BETAS_MI_EXCHANGEABLE_17.
NOTE: There were 7 observations read from the data set DT_BETAS.BETAS_MI_EXCHANGEABLE_18.
NOTE: There were 7 observations read from the data set DT_BETAS.BETAS_MI_EXCHANGEABLE_19.
NOTE: There were 7 observations read from the data set DT_BETAS.BETAS_MI_EXCHANGEABLE_20.
NOTE: There were 7 observations read from the data set DT_BETAS.BETAS_MI_EXCHANGEABLE_21.
NOTE: There were 7 observations read from the data set DT_BETAS.BETAS_MI_EXCHANGEABLE_22.
NOTE: There were 7 observations read from the data set DT_BETAS.BETAS_MI_EXCHANGEABLE_23.
NOTE: There were 7 observations read from the data set DT_BETAS.BETAS_MI_EXCHANGEABLE_24.
NOTE: There were 7 observations read from the data set DT_BETAS.BETAS_MI_EXCHANGEABLE_25.
NOTE: There were 7 observations read from the data set DT_BETAS.BETAS_MI_EXCHANGEABLE_26.
NOTE: There were 7 observations read from the data set DT_BETAS.BETAS_MI_EXCHANGEABLE_27.
NOTE: There were 7 observations read from the data set DT_BETAS.BETAS_MI_EXCHANGEABLE_28.
NOTE: There were 7 observations read from the data set DT_BETAS.BETAS_MI_EXCHANGEABLE_29.
NOTE: There were 7 observations read from the data set DT_BETAS.BETAS_MI_EXCHANGEABLE_30.
NOTE: There were 7 observations read from the data set DT_BETAS.BETAS_MI_EXCHANGEABLE_31.
NOTE: There were 7 observations read from the data set DT_BETAS.BETAS_MI_EXCHANGEABLE_32.
NOTE: There were 7 observations read from the data set DT_BETAS.BETAS_MI_EXCHANGEABLE_33.
NOTE: There were 7 observations read from the data set DT_BETAS.BETAS_MI_EXCHANGEABLE_34.
NOTE: There were 7 observations read from the data set DT_BETAS.BETAS_MI_EXCHANGEABLE_35.
NOTE: There were 7 observations read from the data set DT_BETAS.BETAS_MI_EXCHANGEABLE_36.
NOTE: There were 7 observations read from the data set DT_BETAS.BETAS_MI_EXCHANGEABLE_37.
NOTE: There were 7 observations read from the data set DT_BETAS.BETAS_MI_EXCHANGEABLE_38.
NOTE: There were 7 observations read from the data set DT_BETAS.BETAS_MI_EXCHANGEABLE_39.
NOTE: There were 7 observations read from the data set DT_BETAS.BETAS_MI_EXCHANGEABLE_40.
NOTE: There were 7 observations read from the data set DT_BETAS.BETAS_MI_EXCHANGEABLE_41.
NOTE: There were 7 observations read from the data set DT_BETAS.BETAS_MI_EXCHANGEABLE_42.
NOTE: There were 7 observations read from the data set DT_BETAS.BETAS_MI_EXCHANGEABLE_43.
NOTE: There were 7 observations read from the data set DT_BETAS.BETAS_MI_EXCHANGEABLE_44.
NOTE: There were 7 observations read from the data set DT_BETAS.BETAS_MI_EXCHANGEABLE_45.
NOTE: There were 7 observations read from the data set DT_BETAS.BETAS_MI_EXCHANGEABLE_46.
NOTE: There were 7 observations read from the data set DT_BETAS.BETAS_MI_EXCHANGEABLE_47.
NOTE: There were 7 observations read from the data set DT_BETAS.BETAS_MI_EXCHANGEABLE_48.
4                                                          The SAS System                             23:59 Thursday, April 24, 2025

NOTE: There were 7 observations read from the data set DT_BETAS.BETAS_MI_EXCHANGEABLE_49.
NOTE: There were 7 observations read from the data set DT_BETAS.BETAS_MI_EXCHANGEABLE_50.
NOTE: There were 7 observations read from the data set DT_BETAS.BETAS_MI_EXCHANGEABLE_51.
NOTE: There were 7 observations read from the data set DT_BETAS.BETAS_MI_EXCHANGEABLE_52.
NOTE: There were 7 observations read from the data set DT_BETAS.BETAS_MI_EXCHANGEABLE_53.
NOTE: There were 7 observations read from the data set DT_BETAS.BETAS_MI_EXCHANGEABLE_54.
NOTE: There were 7 observations read from the data set DT_BETAS.BETAS_MI_EXCHANGEABLE_55.
NOTE: There were 7 observations read from the data set DT_BETAS.BETAS_MI_EXCHANGEABLE_56.
NOTE: There were 7 observations read from the data set DT_BETAS.BETAS_MI_EXCHANGEABLE_57.
NOTE: There were 7 observations read from the data set DT_BETAS.BETAS_MI_EXCHANGEABLE_58.
NOTE: There were 7 observations read from the data set DT_BETAS.BETAS_MI_EXCHANGEABLE_59.
NOTE: There were 7 observations read from the data set DT_BETAS.BETAS_MI_EXCHANGEABLE_60.
NOTE: There were 7 observations read from the data set DT_BETAS.BETAS_MI_EXCHANGEABLE_61.
NOTE: There were 7 observations read from the data set DT_BETAS.BETAS_MI_EXCHANGEABLE_62.
NOTE: There were 7 observations read from the data set DT_BETAS.BETAS_MI_EXCHANGEABLE_63.
NOTE: There were 7 observations read from the data set DT_BETAS.BETAS_MI_EXCHANGEABLE_64.
NOTE: There were 7 observations read from the data set DT_BETAS.BETAS_MI_EXCHANGEABLE_65.
NOTE: There were 7 observations read from the data set DT_BETAS.BETAS_MI_EXCHANGEABLE_66.
NOTE: There were 7 observations read from the data set DT_BETAS.BETAS_MI_EXCHANGEABLE_67.
NOTE: There were 7 observations read from the data set DT_BETAS.BETAS_MI_EXCHANGEABLE_68.
NOTE: There were 7 observations read from the data set DT_BETAS.BETAS_MI_EXCHANGEABLE_69.
NOTE: There were 7 observations read from the data set DT_BETAS.BETAS_MI_EXCHANGEABLE_70.
NOTE: There were 7 observations read from the data set DT_BETAS.BETAS_MI_EXCHANGEABLE_71.
NOTE: There were 7 observations read from the data set DT_BETAS.BETAS_MI_EXCHANGEABLE_72.
NOTE: There were 7 observations read from the data set DT_BETAS.BETAS_MI_EXCHANGEABLE_73.
NOTE: There were 7 observations read from the data set DT_BETAS.BETAS_MI_EXCHANGEABLE_74.
NOTE: There were 7 observations read from the data set DT_BETAS.BETAS_MI_EXCHANGEABLE_75.
NOTE: There were 7 observations read from the data set DT_BETAS.BETAS_MI_EXCHANGEABLE_76.
NOTE: There were 7 observations read from the data set DT_BETAS.BETAS_MI_EXCHANGEABLE_77.
NOTE: There were 7 observations read from the data set DT_BETAS.BETAS_MI_EXCHANGEABLE_78.
NOTE: There were 7 observations read from the data set DT_BETAS.BETAS_MI_EXCHANGEABLE_79.
NOTE: There were 7 observations read from the data set DT_BETAS.BETAS_MI_EXCHANGEABLE_80.
NOTE: There were 7 observations read from the data set DT_BETAS.BETAS_MI_EXCHANGEABLE_81.
NOTE: There were 7 observations read from the data set DT_BETAS.BETAS_MI_EXCHANGEABLE_82.
NOTE: There were 7 observations read from the data set DT_BETAS.BETAS_MI_EXCHANGEABLE_83.
NOTE: There were 7 observations read from the data set DT_BETAS.BETAS_MI_EXCHANGEABLE_84.
NOTE: There were 7 observations read from the data set DT_BETAS.BETAS_MI_EXCHANGEABLE_85.
NOTE: There were 7 observations read from the data set DT_BETAS.BETAS_MI_EXCHANGEABLE_86.
NOTE: There were 7 observations read from the data set DT_BETAS.BETAS_MI_EXCHANGEABLE_87.
NOTE: There were 7 observations read from the data set DT_BETAS.BETAS_MI_EXCHANGEABLE_88.
NOTE: There were 7 observations read from the data set DT_BETAS.BETAS_MI_EXCHANGEABLE_89.
NOTE: There were 7 observations read from the data set DT_BETAS.BETAS_MI_EXCHANGEABLE_90.
NOTE: There were 7 observations read from the data set DT_BETAS.BETAS_MI_EXCHANGEABLE_91.
NOTE: There were 7 observations read from the data set DT_BETAS.BETAS_MI_EXCHANGEABLE_92.
NOTE: There were 7 observations read from the data set DT_BETAS.BETAS_MI_EXCHANGEABLE_93.
NOTE: There were 7 observations read from the data set DT_BETAS.BETAS_MI_EXCHANGEABLE_94.
NOTE: There were 7 observations read from the data set DT_BETAS.BETAS_MI_EXCHANGEABLE_95.
NOTE: There were 7 observations read from the data set DT_BETAS.BETAS_MI_EXCHANGEABLE_96.
NOTE: There were 7 observations read from the data set DT_BETAS.BETAS_MI_EXCHANGEABLE_97.
NOTE: There were 7 observations read from the data set DT_BETAS.BETAS_MI_EXCHANGEABLE_98.
NOTE: There were 7 observations read from the data set DT_BETAS.BETAS_MI_EXCHANGEABLE_99.
NOTE: There were 7 observations read from the data set DT_BETAS.BETAS_MI_EXCHANGEABLE_100.
NOTE: There were 7 observations read from the data set DT_BETAS.BETAS_MI_EXCHANGEABLE_101.
NOTE: There were 7 observations read from the data set DT_BETAS.BETAS_MI_EXCHANGEABLE_102.
NOTE: There were 7 observations read from the data set DT_BETAS.BETAS_MI_EXCHANGEABLE_103.
NOTE: There were 7 observations read from the data set DT_BETAS.BETAS_MI_EXCHANGEABLE_104.
NOTE: There were 7 observations read from the data set DT_BETAS.BETAS_MI_EXCHANGEABLE_105.
NOTE: There were 7 observations read from the data set DT_BETAS.BETAS_MI_EXCHANGEABLE_106.
5                                                          The SAS System                             23:59 Thursday, April 24, 2025

NOTE: There were 7 observations read from the data set DT_BETAS.BETAS_MI_EXCHANGEABLE_107.
NOTE: There were 7 observations read from the data set DT_BETAS.BETAS_MI_EXCHANGEABLE_108.
NOTE: There were 7 observations read from the data set DT_BETAS.BETAS_MI_EXCHANGEABLE_109.
NOTE: There were 7 observations read from the data set DT_BETAS.BETAS_MI_EXCHANGEABLE_110.
NOTE: There were 7 observations read from the data set DT_BETAS.BETAS_MI_EXCHANGEABLE_111.
NOTE: There were 7 observations read from the data set DT_BETAS.BETAS_MI_EXCHANGEABLE_112.
NOTE: There were 7 observations read from the data set DT_BETAS.BETAS_MI_EXCHANGEABLE_113.
NOTE: There were 7 observations read from the data set DT_BETAS.BETAS_MI_EXCHANGEABLE_114.
NOTE: There were 7 observations read from the data set DT_BETAS.BETAS_MI_EXCHANGEABLE_115.
NOTE: There were 7 observations read from the data set DT_BETAS.BETAS_MI_EXCHANGEABLE_116.
NOTE: There were 7 observations read from the data set DT_BETAS.BETAS_MI_EXCHANGEABLE_117.
NOTE: There were 7 observations read from the data set DT_BETAS.BETAS_MI_EXCHANGEABLE_118.
NOTE: There were 7 observations read from the data set DT_BETAS.BETAS_MI_EXCHANGEABLE_119.
NOTE: There were 7 observations read from the data set DT_BETAS.BETAS_MI_EXCHANGEABLE_120.
NOTE: There were 7 observations read from the data set DT_BETAS.BETAS_MI_EXCHANGEABLE_121.
NOTE: There were 7 observations read from the data set DT_BETAS.BETAS_MI_EXCHANGEABLE_122.
NOTE: There were 7 observations read from the data set DT_BETAS.BETAS_MI_EXCHANGEABLE_123.
NOTE: There were 7 observations read from the data set DT_BETAS.BETAS_MI_EXCHANGEABLE_124.
NOTE: There were 7 observations read from the data set DT_BETAS.BETAS_MI_EXCHANGEABLE_125.
NOTE: There were 7 observations read from the data set DT_BETAS.BETAS_MI_EXCHANGEABLE_126.
NOTE: There were 7 observations read from the data set DT_BETAS.BETAS_MI_EXCHANGEABLE_127.
NOTE: There were 7 observations read from the data set DT_BETAS.BETAS_MI_EXCHANGEABLE_128.
NOTE: There were 7 observations read from the data set DT_BETAS.BETAS_MI_EXCHANGEABLE_129.
NOTE: There were 7 observations read from the data set DT_BETAS.BETAS_MI_EXCHANGEABLE_130.
NOTE: There were 7 observations read from the data set DT_BETAS.BETAS_MI_EXCHANGEABLE_131.
NOTE: There were 7 observations read from the data set DT_BETAS.BETAS_MI_EXCHANGEABLE_132.
NOTE: There were 7 observations read from the data set DT_BETAS.BETAS_MI_EXCHANGEABLE_133.
NOTE: There were 7 observations read from the data set DT_BETAS.BETAS_MI_EXCHANGEABLE_134.
NOTE: There were 7 observations read from the data set DT_BETAS.BETAS_MI_EXCHANGEABLE_135.
NOTE: There were 7 observations read from the data set DT_BETAS.BETAS_MI_EXCHANGEABLE_136.
NOTE: There were 7 observations read from the data set DT_BETAS.BETAS_MI_EXCHANGEABLE_137.
NOTE: There were 7 observations read from the data set DT_BETAS.BETAS_MI_EXCHANGEABLE_138.
NOTE: There were 7 observations read from the data set DT_BETAS.BETAS_MI_EXCHANGEABLE_139.
NOTE: There were 7 observations read from the data set DT_BETAS.BETAS_MI_EXCHANGEABLE_140.
NOTE: There were 7 observations read from the data set DT_BETAS.BETAS_MI_EXCHANGEABLE_141.
NOTE: There were 7 observations read from the data set DT_BETAS.BETAS_MI_EXCHANGEABLE_142.
NOTE: There were 7 observations read from the data set DT_BETAS.BETAS_MI_EXCHANGEABLE_143.
NOTE: There were 7 observations read from the data set DT_BETAS.BETAS_MI_EXCHANGEABLE_144.
NOTE: There were 7 observations read from the data set DT_BETAS.BETAS_MI_EXCHANGEABLE_145.
NOTE: There were 7 observations read from the data set DT_BETAS.BETAS_MI_EXCHANGEABLE_146.
NOTE: There were 7 observations read from the data set DT_BETAS.BETAS_MI_EXCHANGEABLE_147.
NOTE: There were 7 observations read from the data set DT_BETAS.BETAS_MI_EXCHANGEABLE_148.
NOTE: There were 7 observations read from the data set DT_BETAS.BETAS_MI_EXCHANGEABLE_149.
NOTE: There were 7 observations read from the data set DT_BETAS.BETAS_MI_EXCHANGEABLE_150.
NOTE: There were 7 observations read from the data set DT_BETAS.BETAS_MI_EXCHANGEABLE_151.
NOTE: There were 7 observations read from the data set DT_BETAS.BETAS_MI_EXCHANGEABLE_152.
NOTE: There were 7 observations read from the data set DT_BETAS.BETAS_MI_EXCHANGEABLE_153.
NOTE: There were 7 observations read from the data set DT_BETAS.BETAS_MI_EXCHANGEABLE_154.
NOTE: There were 7 observations read from the data set DT_BETAS.BETAS_MI_EXCHANGEABLE_155.
NOTE: There were 7 observations read from the data set DT_BETAS.BETAS_MI_EXCHANGEABLE_156.
NOTE: There were 7 observations read from the data set DT_BETAS.BETAS_MI_EXCHANGEABLE_157.
NOTE: There were 7 observations read from the data set DT_BETAS.BETAS_MI_EXCHANGEABLE_158.
NOTE: There were 7 observations read from the data set DT_BETAS.BETAS_MI_EXCHANGEABLE_159.
NOTE: There were 7 observations read from the data set DT_BETAS.BETAS_MI_EXCHANGEABLE_160.
NOTE: There were 7 observations read from the data set DT_BETAS.BETAS_MI_EXCHANGEABLE_161.
NOTE: There were 7 observations read from the data set DT_BETAS.BETAS_MI_EXCHANGEABLE_162.
NOTE: There were 7 observations read from the data set DT_BETAS.BETAS_MI_EXCHANGEABLE_163.
NOTE: There were 7 observations read from the data set DT_BETAS.BETAS_MI_EXCHANGEABLE_164.
6                                                          The SAS System                             23:59 Thursday, April 24, 2025

NOTE: There were 7 observations read from the data set DT_BETAS.BETAS_MI_EXCHANGEABLE_165.
NOTE: There were 7 observations read from the data set DT_BETAS.BETAS_MI_EXCHANGEABLE_166.
NOTE: There were 7 observations read from the data set DT_BETAS.BETAS_MI_EXCHANGEABLE_167.
NOTE: There were 7 observations read from the data set DT_BETAS.BETAS_MI_EXCHANGEABLE_168.
NOTE: There were 7 observations read from the data set DT_BETAS.BETAS_MI_EXCHANGEABLE_169.
NOTE: There were 7 observations read from the data set DT_BETAS.BETAS_MI_EXCHANGEABLE_170.
NOTE: There were 7 observations read from the data set DT_BETAS.BETAS_MI_EXCHANGEABLE_171.
NOTE: There were 7 observations read from the data set DT_BETAS.BETAS_MI_EXCHANGEABLE_172.
NOTE: There were 7 observations read from the data set DT_BETAS.BETAS_MI_EXCHANGEABLE_173.
NOTE: There were 7 observations read from the data set DT_BETAS.BETAS_MI_EXCHANGEABLE_174.
NOTE: There were 7 observations read from the data set DT_BETAS.BETAS_MI_EXCHANGEABLE_175.
NOTE: There were 7 observations read from the data set DT_BETAS.BETAS_MI_EXCHANGEABLE_176.
NOTE: There were 7 observations read from the data set DT_BETAS.BETAS_MI_EXCHANGEABLE_177.
NOTE: There were 7 observations read from the data set DT_BETAS.BETAS_MI_EXCHANGEABLE_178.
NOTE: There were 7 observations read from the data set DT_BETAS.BETAS_MI_EXCHANGEABLE_179.
NOTE: There were 7 observations read from the data set DT_BETAS.BETAS_MI_EXCHANGEABLE_180.
NOTE: There were 7 observations read from the data set DT_BETAS.BETAS_MI_EXCHANGEABLE_181.
NOTE: There were 7 observations read from the data set DT_BETAS.BETAS_MI_EXCHANGEABLE_182.
NOTE: There were 7 observations read from the data set DT_BETAS.BETAS_MI_EXCHANGEABLE_183.
NOTE: There were 7 observations read from the data set DT_BETAS.BETAS_MI_EXCHANGEABLE_184.
NOTE: There were 7 observations read from the data set DT_BETAS.BETAS_MI_EXCHANGEABLE_185.
NOTE: There were 7 observations read from the data set DT_BETAS.BETAS_MI_EXCHANGEABLE_186.
NOTE: There were 7 observations read from the data set DT_BETAS.BETAS_MI_EXCHANGEABLE_187.
NOTE: There were 7 observations read from the data set DT_BETAS.BETAS_MI_EXCHANGEABLE_188.
NOTE: There were 7 observations read from the data set DT_BETAS.BETAS_MI_EXCHANGEABLE_189.
NOTE: There were 7 observations read from the data set DT_BETAS.BETAS_MI_EXCHANGEABLE_190.
NOTE: There were 7 observations read from the data set DT_BETAS.BETAS_MI_EXCHANGEABLE_191.
NOTE: There were 7 observations read from the data set DT_BETAS.BETAS_MI_EXCHANGEABLE_192.
NOTE: There were 7 observations read from the data set DT_BETAS.BETAS_MI_EXCHANGEABLE_193.
NOTE: There were 7 observations read from the data set DT_BETAS.BETAS_MI_EXCHANGEABLE_194.
NOTE: There were 7 observations read from the data set DT_BETAS.BETAS_MI_EXCHANGEABLE_195.
NOTE: There were 7 observations read from the data set DT_BETAS.BETAS_MI_EXCHANGEABLE_196.
NOTE: There were 7 observations read from the data set DT_BETAS.BETAS_MI_EXCHANGEABLE_197.
NOTE: There were 7 observations read from the data set DT_BETAS.BETAS_MI_EXCHANGEABLE_198.
NOTE: There were 7 observations read from the data set DT_BETAS.BETAS_MI_EXCHANGEABLE_199.
NOTE: There were 7 observations read from the data set DT_BETAS.BETAS_MI_EXCHANGEABLE_200.
NOTE: The data set WORK.MERGE_BETAS has 1400 observations and 12 variables.
NOTE: DATA statement used (Total process time):
      real time           7.78 seconds
      cpu time            0.10 seconds
      

NOTE: Table WORK.BETAS_SAMP_POP created, with 1201 rows and 13 columns.

NOTE: PROCEDURE SQL used (Total process time):
      real time           0.04 seconds
      cpu time            0.00 seconds
      


NOTE: Missing values were generated as a result of performing an operation on missing values.
      Each place is given by: (Number of times) at (Line):(Column).
      1 at 94:46   1 at 94:85   
NOTE: There were 1201 observations read from the data set WORK.BETAS_SAMP_POP.
NOTE: The data set WORK.BETAS_SAMP_POP has 1201 observations and 13 variables.
NOTE: DATA statement used (Total process time):
      real time           0.02 seconds
      cpu time            0.00 seconds
7                                                          The SAS System                             23:59 Thursday, April 24, 2025

      


NOTE: Variable t is uninitialized.
NOTE: Missing values were generated as a result of performing an operation on missing values.
      Each place is given by: (Number of times) at (Line):(Column).
      1 at 94:63       1 at 94:98       1201 at 94:148   
NOTE: There were 1201 observations read from the data set WORK.BETAS_SAMP_POP.
NOTE: The data set WORK.BETAS_SAMP_POP_ has 1201 observations and 18 variables.
NOTE: DATA statement used (Total process time):
      real time           0.01 seconds
      cpu time            0.00 seconds
      


NOTE: There were 1201 observations read from the data set WORK.BETAS_SAMP_POP_.
NOTE: The data set WORK.OUTPUT_1 has 6 observations and 11 variables.
NOTE: PROCEDURE MEANS used (Total process time):
      real time           0.02 seconds
      cpu time            0.03 seconds
      


NOTE: There were 6 observations read from the data set WORK.OUTPUT_1.
NOTE: The data set WORK.OUTPUT has 6 observations and 12 variables.
NOTE: DATA statement used (Total process time):
      real time           0.01 seconds
      cpu time            0.00 seconds
      

NOTE: Writing RTF Body file: 
      J:/HCHS/STATISTICS/GRAS/QAngarita/HCHS_simulation/output/reports/combine_mi_sudaan_exchangeable_24APR25.rtf

NOTE: There were 6 observations read from the data set WORK.OUTPUT.
NOTE: The PROCEDURE PRINT printed page 1.
NOTE: PROCEDURE PRINT used (Total process time):
      real time           0.03 seconds
      cpu time            0.01 seconds
      

95         %combine_mi_betas(end=100, corr=independent);

NOTE: There were 7 observations read from the data set DT_BETAS.BETAS_MI_INDEPENDENT_1.
NOTE: There were 7 observations read from the data set DT_BETAS.BETAS_MI_INDEPENDENT_2.
NOTE: There were 7 observations read from the data set DT_BETAS.BETAS_MI_INDEPENDENT_3.
NOTE: There were 7 observations read from the data set DT_BETAS.BETAS_MI_INDEPENDENT_4.
NOTE: There were 7 observations read from the data set DT_BETAS.BETAS_MI_INDEPENDENT_5.
NOTE: There were 7 observations read from the data set DT_BETAS.BETAS_MI_INDEPENDENT_6.
NOTE: There were 7 observations read from the data set DT_BETAS.BETAS_MI_INDEPENDENT_7.
NOTE: There were 7 observations read from the data set DT_BETAS.BETAS_MI_INDEPENDENT_8.
NOTE: There were 7 observations read from the data set DT_BETAS.BETAS_MI_INDEPENDENT_9.
NOTE: There were 7 observations read from the data set DT_BETAS.BETAS_MI_INDEPENDENT_10.
NOTE: There were 7 observations read from the data set DT_BETAS.BETAS_MI_INDEPENDENT_11.
NOTE: There were 7 observations read from the data set DT_BETAS.BETAS_MI_INDEPENDENT_12.
NOTE: There were 7 observations read from the data set DT_BETAS.BETAS_MI_INDEPENDENT_13.
NOTE: There were 7 observations read from the data set DT_BETAS.BETAS_MI_INDEPENDENT_14.
NOTE: There were 7 observations read from the data set DT_BETAS.BETAS_MI_INDEPENDENT_15.
NOTE: There were 7 observations read from the data set DT_BETAS.BETAS_MI_INDEPENDENT_16.
8                                                          The SAS System                             23:59 Thursday, April 24, 2025

NOTE: There were 7 observations read from the data set DT_BETAS.BETAS_MI_INDEPENDENT_17.
NOTE: There were 7 observations read from the data set DT_BETAS.BETAS_MI_INDEPENDENT_18.
NOTE: There were 7 observations read from the data set DT_BETAS.BETAS_MI_INDEPENDENT_19.
NOTE: There were 7 observations read from the data set DT_BETAS.BETAS_MI_INDEPENDENT_20.
NOTE: There were 7 observations read from the data set DT_BETAS.BETAS_MI_INDEPENDENT_21.
NOTE: There were 7 observations read from the data set DT_BETAS.BETAS_MI_INDEPENDENT_22.
NOTE: There were 7 observations read from the data set DT_BETAS.BETAS_MI_INDEPENDENT_23.
NOTE: There were 7 observations read from the data set DT_BETAS.BETAS_MI_INDEPENDENT_24.
NOTE: There were 7 observations read from the data set DT_BETAS.BETAS_MI_INDEPENDENT_25.
NOTE: There were 7 observations read from the data set DT_BETAS.BETAS_MI_INDEPENDENT_26.
NOTE: There were 7 observations read from the data set DT_BETAS.BETAS_MI_INDEPENDENT_27.
NOTE: There were 7 observations read from the data set DT_BETAS.BETAS_MI_INDEPENDENT_28.
NOTE: There were 7 observations read from the data set DT_BETAS.BETAS_MI_INDEPENDENT_29.
NOTE: There were 7 observations read from the data set DT_BETAS.BETAS_MI_INDEPENDENT_30.
NOTE: There were 7 observations read from the data set DT_BETAS.BETAS_MI_INDEPENDENT_31.
NOTE: There were 7 observations read from the data set DT_BETAS.BETAS_MI_INDEPENDENT_32.
NOTE: There were 7 observations read from the data set DT_BETAS.BETAS_MI_INDEPENDENT_33.
NOTE: There were 7 observations read from the data set DT_BETAS.BETAS_MI_INDEPENDENT_34.
NOTE: There were 7 observations read from the data set DT_BETAS.BETAS_MI_INDEPENDENT_35.
NOTE: There were 7 observations read from the data set DT_BETAS.BETAS_MI_INDEPENDENT_36.
NOTE: There were 7 observations read from the data set DT_BETAS.BETAS_MI_INDEPENDENT_37.
NOTE: There were 7 observations read from the data set DT_BETAS.BETAS_MI_INDEPENDENT_38.
NOTE: There were 7 observations read from the data set DT_BETAS.BETAS_MI_INDEPENDENT_39.
NOTE: There were 7 observations read from the data set DT_BETAS.BETAS_MI_INDEPENDENT_40.
NOTE: There were 7 observations read from the data set DT_BETAS.BETAS_MI_INDEPENDENT_41.
NOTE: There were 7 observations read from the data set DT_BETAS.BETAS_MI_INDEPENDENT_42.
NOTE: There were 7 observations read from the data set DT_BETAS.BETAS_MI_INDEPENDENT_43.
NOTE: There were 7 observations read from the data set DT_BETAS.BETAS_MI_INDEPENDENT_44.
NOTE: There were 7 observations read from the data set DT_BETAS.BETAS_MI_INDEPENDENT_45.
NOTE: There were 7 observations read from the data set DT_BETAS.BETAS_MI_INDEPENDENT_46.
NOTE: There were 7 observations read from the data set DT_BETAS.BETAS_MI_INDEPENDENT_47.
NOTE: There were 7 observations read from the data set DT_BETAS.BETAS_MI_INDEPENDENT_48.
NOTE: There were 7 observations read from the data set DT_BETAS.BETAS_MI_INDEPENDENT_49.
NOTE: There were 7 observations read from the data set DT_BETAS.BETAS_MI_INDEPENDENT_50.
NOTE: There were 7 observations read from the data set DT_BETAS.BETAS_MI_INDEPENDENT_51.
NOTE: There were 7 observations read from the data set DT_BETAS.BETAS_MI_INDEPENDENT_52.
NOTE: There were 7 observations read from the data set DT_BETAS.BETAS_MI_INDEPENDENT_53.
NOTE: There were 7 observations read from the data set DT_BETAS.BETAS_MI_INDEPENDENT_54.
NOTE: There were 7 observations read from the data set DT_BETAS.BETAS_MI_INDEPENDENT_55.
NOTE: There were 7 observations read from the data set DT_BETAS.BETAS_MI_INDEPENDENT_56.
NOTE: There were 7 observations read from the data set DT_BETAS.BETAS_MI_INDEPENDENT_57.
NOTE: There were 7 observations read from the data set DT_BETAS.BETAS_MI_INDEPENDENT_58.
NOTE: There were 7 observations read from the data set DT_BETAS.BETAS_MI_INDEPENDENT_59.
NOTE: There were 7 observations read from the data set DT_BETAS.BETAS_MI_INDEPENDENT_60.
NOTE: There were 7 observations read from the data set DT_BETAS.BETAS_MI_INDEPENDENT_61.
NOTE: There were 7 observations read from the data set DT_BETAS.BETAS_MI_INDEPENDENT_62.
NOTE: There were 7 observations read from the data set DT_BETAS.BETAS_MI_INDEPENDENT_63.
NOTE: There were 7 observations read from the data set DT_BETAS.BETAS_MI_INDEPENDENT_64.
NOTE: There were 7 observations read from the data set DT_BETAS.BETAS_MI_INDEPENDENT_65.
NOTE: There were 7 observations read from the data set DT_BETAS.BETAS_MI_INDEPENDENT_66.
NOTE: There were 7 observations read from the data set DT_BETAS.BETAS_MI_INDEPENDENT_67.
NOTE: There were 7 observations read from the data set DT_BETAS.BETAS_MI_INDEPENDENT_68.
NOTE: There were 7 observations read from the data set DT_BETAS.BETAS_MI_INDEPENDENT_69.
NOTE: There were 7 observations read from the data set DT_BETAS.BETAS_MI_INDEPENDENT_70.
NOTE: There were 7 observations read from the data set DT_BETAS.BETAS_MI_INDEPENDENT_71.
NOTE: There were 7 observations read from the data set DT_BETAS.BETAS_MI_INDEPENDENT_72.
NOTE: There were 7 observations read from the data set DT_BETAS.BETAS_MI_INDEPENDENT_73.
NOTE: There were 7 observations read from the data set DT_BETAS.BETAS_MI_INDEPENDENT_74.
9                                                          The SAS System                             23:59 Thursday, April 24, 2025

NOTE: There were 7 observations read from the data set DT_BETAS.BETAS_MI_INDEPENDENT_75.
NOTE: There were 7 observations read from the data set DT_BETAS.BETAS_MI_INDEPENDENT_76.
NOTE: There were 7 observations read from the data set DT_BETAS.BETAS_MI_INDEPENDENT_77.
NOTE: There were 7 observations read from the data set DT_BETAS.BETAS_MI_INDEPENDENT_78.
NOTE: There were 7 observations read from the data set DT_BETAS.BETAS_MI_INDEPENDENT_79.
NOTE: There were 7 observations read from the data set DT_BETAS.BETAS_MI_INDEPENDENT_80.
NOTE: There were 7 observations read from the data set DT_BETAS.BETAS_MI_INDEPENDENT_81.
NOTE: There were 7 observations read from the data set DT_BETAS.BETAS_MI_INDEPENDENT_82.
NOTE: There were 7 observations read from the data set DT_BETAS.BETAS_MI_INDEPENDENT_83.
NOTE: There were 7 observations read from the data set DT_BETAS.BETAS_MI_INDEPENDENT_84.
NOTE: There were 7 observations read from the data set DT_BETAS.BETAS_MI_INDEPENDENT_85.
NOTE: There were 7 observations read from the data set DT_BETAS.BETAS_MI_INDEPENDENT_86.
NOTE: There were 7 observations read from the data set DT_BETAS.BETAS_MI_INDEPENDENT_87.
NOTE: There were 7 observations read from the data set DT_BETAS.BETAS_MI_INDEPENDENT_88.
NOTE: There were 7 observations read from the data set DT_BETAS.BETAS_MI_INDEPENDENT_89.
NOTE: There were 7 observations read from the data set DT_BETAS.BETAS_MI_INDEPENDENT_90.
NOTE: There were 7 observations read from the data set DT_BETAS.BETAS_MI_INDEPENDENT_91.
NOTE: There were 7 observations read from the data set DT_BETAS.BETAS_MI_INDEPENDENT_92.
NOTE: There were 7 observations read from the data set DT_BETAS.BETAS_MI_INDEPENDENT_93.
NOTE: There were 7 observations read from the data set DT_BETAS.BETAS_MI_INDEPENDENT_94.
NOTE: There were 7 observations read from the data set DT_BETAS.BETAS_MI_INDEPENDENT_95.
NOTE: There were 7 observations read from the data set DT_BETAS.BETAS_MI_INDEPENDENT_96.
NOTE: There were 7 observations read from the data set DT_BETAS.BETAS_MI_INDEPENDENT_97.
NOTE: There were 7 observations read from the data set DT_BETAS.BETAS_MI_INDEPENDENT_98.
NOTE: There were 7 observations read from the data set DT_BETAS.BETAS_MI_INDEPENDENT_99.
NOTE: There were 7 observations read from the data set DT_BETAS.BETAS_MI_INDEPENDENT_100.
NOTE: The data set WORK.MERGE_BETAS has 700 observations and 12 variables.
NOTE: DATA statement used (Total process time):
      real time           1.65 seconds
      cpu time            0.23 seconds
      

NOTE: Table WORK.BETAS_SAMP_POP created, with 601 rows and 13 columns.

NOTE: PROCEDURE SQL used (Total process time):
      real time           0.05 seconds
      cpu time            0.01 seconds
      


NOTE: Missing values were generated as a result of performing an operation on missing values.
      Each place is given by: (Number of times) at (Line):(Column).
      1 at 95:46   1 at 95:85   
NOTE: There were 601 observations read from the data set WORK.BETAS_SAMP_POP.
NOTE: The data set WORK.BETAS_SAMP_POP has 601 observations and 13 variables.
NOTE: DATA statement used (Total process time):
      real time           0.01 seconds
      cpu time            0.00 seconds
      


NOTE: Variable t is uninitialized.
NOTE: Missing values were generated as a result of performing an operation on missing values.
      Each place is given by: (Number of times) at (Line):(Column).
      1 at 95:63      1 at 95:98      601 at 95:148   
NOTE: There were 601 observations read from the data set WORK.BETAS_SAMP_POP.
NOTE: The data set WORK.BETAS_SAMP_POP_ has 601 observations and 18 variables.
NOTE: DATA statement used (Total process time):
10                                                         The SAS System                             23:59 Thursday, April 24, 2025

      real time           0.02 seconds
      cpu time            0.01 seconds
      


NOTE: There were 601 observations read from the data set WORK.BETAS_SAMP_POP_.
NOTE: The data set WORK.OUTPUT_1 has 6 observations and 11 variables.
NOTE: PROCEDURE MEANS used (Total process time):
      real time           0.02 seconds
      cpu time            0.00 seconds
      


NOTE: There were 6 observations read from the data set WORK.OUTPUT_1.
NOTE: The data set WORK.OUTPUT has 6 observations and 12 variables.
NOTE: DATA statement used (Total process time):
      real time           0.01 seconds
      cpu time            0.00 seconds
      

NOTE: Writing RTF Body file: 
      J:/HCHS/STATISTICS/GRAS/QAngarita/HCHS_simulation/output/reports/combine_mi_sudaan_independent_24APR25.rtf

NOTE: There were 6 observations read from the data set WORK.OUTPUT.
NOTE: The PROCEDURE PRINT printed page 2.
NOTE: PROCEDURE PRINT used (Total process time):
      real time           0.02 seconds
      cpu time            0.03 seconds
      

96         
97         proc printto; run;

