NOTE: PROCEDURE PRINTTO used (Total process time):
      real time           0.09 seconds
      cpu time            0.00 seconds
      

18         *********************************************************************************************************
19         
20                 PROGRAM NAME: combine_sudaan_pop.sas
21         
22                 PROGRAMMER: AQA
23         
24                 DESCRIPTION:
25         
26                 VERSION CONTROL:
27         						- 20FEB25: Initialize the code 	
28         
29         *********************************************************************************************************;
30         
31         
2                                                          The SAS System                              18:14 Wednesday, May 14, 2025

32         %macro combine_betas(start=1, end=100, corr=exchangeable);
33         * merge files containing beta estimates using sample data;
34         data merge_betas;
35         	set dt_betas.betas_&corr._&start. - dt_betas.betas_&corr._&end.;
36         run;
37         
38         * append the true value coming from population estimates;
39         proc sql;
40              create table betas_samp_pop as
41                select a.*, b.estimate as true
42         	   from
43                merge_betas as a
44                right join
45                dt_betas.betas_pop_&corr. as b
46         	   on a.parm=b.parm;
47         quit;
48         
49         * Compute 95% confidence intervals;
50         data betas_samp_pop;
51         	set betas_samp_pop;
52         	uppercl = Estimate + 1.986 * Stderr;
53         	lowercl = Estimate - 1.986 * Stderr;
54         run;
55         
56         * Estimate quantities of interest: bias, ...;
57         data betas_samp_pop_;
58                         set betas_samp_pop;
59                         /*calculate statistics to summarize*/
60                         inci=(uppercl>=true & lowercl<=true);
61                         bias=estimate-true;
62                         relbias=bias/true;
63                         /*PROBT*/
64                         rejecth0=(abs(t)>quantile('NORMAL',.986));
65         run;
66         
67         proc means data=betas_samp_pop_
68                         noprint nway;
69                         class parm;
70                         var true estimate bias relbias stderr inci rejecth0;
71                         output out=output_1 mean(true estimate bias relbias stderr inci
72                                 rejecth0)=true estimate empbias relbias estse coverage
73                                 prejecth0 std(estimate)=empse;
74         run;
75         
76         
77         data output;
78               set output_1;
79               relse=estse/empse-1;
80         run;
81         
82         ods rtf file="&homepath./output/reports/combine_sudaan_&corr._&sysdate..rtf" style=journal bodytitle;
83                 proc print data=output noobs label;
84         		var parm true estimate empbias relbias empse estse relse coverage prejecth0;
85                 label parm='Effect' true='True Value' estimate='Estimate'
86                                 empbias='Empirical Bias' relbias='Relative Bias'
87                                 empse='Empirical SE' estse='Estimated SE'
88                                 coverage='Coverage' prejecth0='P(reject H0)'
89                                 relse='Relative SE difference';
3                                                          The SAS System                              18:14 Wednesday, May 14, 2025

90         run;
91         ods rtf close;
92         %mend combine_betas;
93         
94         *%combine_betas(corr=exchangeable);
95         %combine_betas(end = 500, corr=independent);

NOTE: There were 7 observations read from the data set DT_BETAS.BETAS_INDEPENDENT_1.
NOTE: There were 7 observations read from the data set DT_BETAS.BETAS_INDEPENDENT_2.
NOTE: There were 7 observations read from the data set DT_BETAS.BETAS_INDEPENDENT_3.
NOTE: There were 7 observations read from the data set DT_BETAS.BETAS_INDEPENDENT_4.
NOTE: There were 7 observations read from the data set DT_BETAS.BETAS_INDEPENDENT_5.
NOTE: There were 7 observations read from the data set DT_BETAS.BETAS_INDEPENDENT_6.
NOTE: There were 7 observations read from the data set DT_BETAS.BETAS_INDEPENDENT_7.
NOTE: There were 7 observations read from the data set DT_BETAS.BETAS_INDEPENDENT_8.
NOTE: There were 7 observations read from the data set DT_BETAS.BETAS_INDEPENDENT_9.
NOTE: There were 7 observations read from the data set DT_BETAS.BETAS_INDEPENDENT_10.
NOTE: There were 7 observations read from the data set DT_BETAS.BETAS_INDEPENDENT_11.
NOTE: There were 7 observations read from the data set DT_BETAS.BETAS_INDEPENDENT_12.
NOTE: There were 7 observations read from the data set DT_BETAS.BETAS_INDEPENDENT_13.
NOTE: There were 7 observations read from the data set DT_BETAS.BETAS_INDEPENDENT_14.
NOTE: There were 7 observations read from the data set DT_BETAS.BETAS_INDEPENDENT_15.
NOTE: There were 7 observations read from the data set DT_BETAS.BETAS_INDEPENDENT_16.
NOTE: There were 7 observations read from the data set DT_BETAS.BETAS_INDEPENDENT_17.
NOTE: There were 7 observations read from the data set DT_BETAS.BETAS_INDEPENDENT_18.
NOTE: There were 7 observations read from the data set DT_BETAS.BETAS_INDEPENDENT_19.
NOTE: There were 7 observations read from the data set DT_BETAS.BETAS_INDEPENDENT_20.
NOTE: There were 7 observations read from the data set DT_BETAS.BETAS_INDEPENDENT_21.
NOTE: There were 7 observations read from the data set DT_BETAS.BETAS_INDEPENDENT_22.
NOTE: There were 7 observations read from the data set DT_BETAS.BETAS_INDEPENDENT_23.
NOTE: There were 7 observations read from the data set DT_BETAS.BETAS_INDEPENDENT_24.
NOTE: There were 7 observations read from the data set DT_BETAS.BETAS_INDEPENDENT_25.
NOTE: There were 7 observations read from the data set DT_BETAS.BETAS_INDEPENDENT_26.
NOTE: There were 7 observations read from the data set DT_BETAS.BETAS_INDEPENDENT_27.
NOTE: There were 7 observations read from the data set DT_BETAS.BETAS_INDEPENDENT_28.
NOTE: There were 7 observations read from the data set DT_BETAS.BETAS_INDEPENDENT_29.
NOTE: There were 7 observations read from the data set DT_BETAS.BETAS_INDEPENDENT_30.
NOTE: There were 7 observations read from the data set DT_BETAS.BETAS_INDEPENDENT_31.
NOTE: There were 7 observations read from the data set DT_BETAS.BETAS_INDEPENDENT_32.
NOTE: There were 7 observations read from the data set DT_BETAS.BETAS_INDEPENDENT_33.
NOTE: There were 7 observations read from the data set DT_BETAS.BETAS_INDEPENDENT_34.
NOTE: There were 7 observations read from the data set DT_BETAS.BETAS_INDEPENDENT_35.
NOTE: There were 7 observations read from the data set DT_BETAS.BETAS_INDEPENDENT_36.
NOTE: There were 7 observations read from the data set DT_BETAS.BETAS_INDEPENDENT_37.
NOTE: There were 7 observations read from the data set DT_BETAS.BETAS_INDEPENDENT_38.
NOTE: There were 7 observations read from the data set DT_BETAS.BETAS_INDEPENDENT_39.
NOTE: There were 7 observations read from the data set DT_BETAS.BETAS_INDEPENDENT_40.
NOTE: There were 7 observations read from the data set DT_BETAS.BETAS_INDEPENDENT_41.
NOTE: There were 7 observations read from the data set DT_BETAS.BETAS_INDEPENDENT_42.
NOTE: There were 7 observations read from the data set DT_BETAS.BETAS_INDEPENDENT_43.
NOTE: There were 7 observations read from the data set DT_BETAS.BETAS_INDEPENDENT_44.
NOTE: There were 7 observations read from the data set DT_BETAS.BETAS_INDEPENDENT_45.
NOTE: There were 7 observations read from the data set DT_BETAS.BETAS_INDEPENDENT_46.
NOTE: There were 7 observations read from the data set DT_BETAS.BETAS_INDEPENDENT_47.
NOTE: There were 7 observations read from the data set DT_BETAS.BETAS_INDEPENDENT_48.
NOTE: There were 7 observations read from the data set DT_BETAS.BETAS_INDEPENDENT_49.
NOTE: There were 7 observations read from the data set DT_BETAS.BETAS_INDEPENDENT_50.
NOTE: There were 7 observations read from the data set DT_BETAS.BETAS_INDEPENDENT_51.
4                                                          The SAS System                              18:14 Wednesday, May 14, 2025

NOTE: There were 7 observations read from the data set DT_BETAS.BETAS_INDEPENDENT_52.
NOTE: There were 7 observations read from the data set DT_BETAS.BETAS_INDEPENDENT_53.
NOTE: There were 7 observations read from the data set DT_BETAS.BETAS_INDEPENDENT_54.
NOTE: There were 7 observations read from the data set DT_BETAS.BETAS_INDEPENDENT_55.
NOTE: There were 7 observations read from the data set DT_BETAS.BETAS_INDEPENDENT_56.
NOTE: There were 7 observations read from the data set DT_BETAS.BETAS_INDEPENDENT_57.
NOTE: There were 7 observations read from the data set DT_BETAS.BETAS_INDEPENDENT_58.
NOTE: There were 7 observations read from the data set DT_BETAS.BETAS_INDEPENDENT_59.
NOTE: There were 7 observations read from the data set DT_BETAS.BETAS_INDEPENDENT_60.
NOTE: There were 7 observations read from the data set DT_BETAS.BETAS_INDEPENDENT_61.
NOTE: There were 7 observations read from the data set DT_BETAS.BETAS_INDEPENDENT_62.
NOTE: There were 7 observations read from the data set DT_BETAS.BETAS_INDEPENDENT_63.
NOTE: There were 7 observations read from the data set DT_BETAS.BETAS_INDEPENDENT_64.
NOTE: There were 7 observations read from the data set DT_BETAS.BETAS_INDEPENDENT_65.
NOTE: There were 7 observations read from the data set DT_BETAS.BETAS_INDEPENDENT_66.
NOTE: There were 7 observations read from the data set DT_BETAS.BETAS_INDEPENDENT_67.
NOTE: There were 7 observations read from the data set DT_BETAS.BETAS_INDEPENDENT_68.
NOTE: There were 7 observations read from the data set DT_BETAS.BETAS_INDEPENDENT_69.
NOTE: There were 7 observations read from the data set DT_BETAS.BETAS_INDEPENDENT_70.
NOTE: There were 7 observations read from the data set DT_BETAS.BETAS_INDEPENDENT_71.
NOTE: There were 7 observations read from the data set DT_BETAS.BETAS_INDEPENDENT_72.
NOTE: There were 7 observations read from the data set DT_BETAS.BETAS_INDEPENDENT_73.
NOTE: There were 7 observations read from the data set DT_BETAS.BETAS_INDEPENDENT_74.
NOTE: There were 7 observations read from the data set DT_BETAS.BETAS_INDEPENDENT_75.
NOTE: There were 7 observations read from the data set DT_BETAS.BETAS_INDEPENDENT_76.
NOTE: There were 7 observations read from the data set DT_BETAS.BETAS_INDEPENDENT_77.
NOTE: There were 7 observations read from the data set DT_BETAS.BETAS_INDEPENDENT_78.
NOTE: There were 7 observations read from the data set DT_BETAS.BETAS_INDEPENDENT_79.
NOTE: There were 7 observations read from the data set DT_BETAS.BETAS_INDEPENDENT_80.
NOTE: There were 7 observations read from the data set DT_BETAS.BETAS_INDEPENDENT_81.
NOTE: There were 7 observations read from the data set DT_BETAS.BETAS_INDEPENDENT_82.
NOTE: There were 7 observations read from the data set DT_BETAS.BETAS_INDEPENDENT_83.
NOTE: There were 7 observations read from the data set DT_BETAS.BETAS_INDEPENDENT_84.
NOTE: There were 7 observations read from the data set DT_BETAS.BETAS_INDEPENDENT_85.
NOTE: There were 7 observations read from the data set DT_BETAS.BETAS_INDEPENDENT_86.
NOTE: There were 7 observations read from the data set DT_BETAS.BETAS_INDEPENDENT_87.
NOTE: There were 7 observations read from the data set DT_BETAS.BETAS_INDEPENDENT_88.
NOTE: There were 7 observations read from the data set DT_BETAS.BETAS_INDEPENDENT_89.
NOTE: There were 7 observations read from the data set DT_BETAS.BETAS_INDEPENDENT_90.
NOTE: There were 7 observations read from the data set DT_BETAS.BETAS_INDEPENDENT_91.
NOTE: There were 7 observations read from the data set DT_BETAS.BETAS_INDEPENDENT_92.
NOTE: There were 7 observations read from the data set DT_BETAS.BETAS_INDEPENDENT_93.
NOTE: There were 7 observations read from the data set DT_BETAS.BETAS_INDEPENDENT_94.
NOTE: There were 7 observations read from the data set DT_BETAS.BETAS_INDEPENDENT_95.
NOTE: There were 7 observations read from the data set DT_BETAS.BETAS_INDEPENDENT_96.
NOTE: There were 7 observations read from the data set DT_BETAS.BETAS_INDEPENDENT_97.
NOTE: There were 7 observations read from the data set DT_BETAS.BETAS_INDEPENDENT_98.
NOTE: There were 7 observations read from the data set DT_BETAS.BETAS_INDEPENDENT_99.
NOTE: There were 7 observations read from the data set DT_BETAS.BETAS_INDEPENDENT_100.
NOTE: There were 7 observations read from the data set DT_BETAS.BETAS_INDEPENDENT_101.
NOTE: There were 7 observations read from the data set DT_BETAS.BETAS_INDEPENDENT_102.
NOTE: There were 7 observations read from the data set DT_BETAS.BETAS_INDEPENDENT_103.
NOTE: There were 7 observations read from the data set DT_BETAS.BETAS_INDEPENDENT_104.
NOTE: There were 7 observations read from the data set DT_BETAS.BETAS_INDEPENDENT_105.
NOTE: There were 7 observations read from the data set DT_BETAS.BETAS_INDEPENDENT_106.
NOTE: There were 7 observations read from the data set DT_BETAS.BETAS_INDEPENDENT_107.
NOTE: There were 7 observations read from the data set DT_BETAS.BETAS_INDEPENDENT_108.
NOTE: There were 7 observations read from the data set DT_BETAS.BETAS_INDEPENDENT_109.
5                                                          The SAS System                              18:14 Wednesday, May 14, 2025

NOTE: There were 7 observations read from the data set DT_BETAS.BETAS_INDEPENDENT_110.
NOTE: There were 7 observations read from the data set DT_BETAS.BETAS_INDEPENDENT_111.
NOTE: There were 7 observations read from the data set DT_BETAS.BETAS_INDEPENDENT_112.
NOTE: There were 7 observations read from the data set DT_BETAS.BETAS_INDEPENDENT_113.
NOTE: There were 7 observations read from the data set DT_BETAS.BETAS_INDEPENDENT_114.
NOTE: There were 7 observations read from the data set DT_BETAS.BETAS_INDEPENDENT_115.
NOTE: There were 7 observations read from the data set DT_BETAS.BETAS_INDEPENDENT_116.
NOTE: There were 7 observations read from the data set DT_BETAS.BETAS_INDEPENDENT_117.
NOTE: There were 7 observations read from the data set DT_BETAS.BETAS_INDEPENDENT_118.
NOTE: There were 7 observations read from the data set DT_BETAS.BETAS_INDEPENDENT_119.
NOTE: There were 7 observations read from the data set DT_BETAS.BETAS_INDEPENDENT_120.
NOTE: There were 7 observations read from the data set DT_BETAS.BETAS_INDEPENDENT_121.
NOTE: There were 7 observations read from the data set DT_BETAS.BETAS_INDEPENDENT_122.
NOTE: There were 7 observations read from the data set DT_BETAS.BETAS_INDEPENDENT_123.
NOTE: There were 7 observations read from the data set DT_BETAS.BETAS_INDEPENDENT_124.
NOTE: There were 7 observations read from the data set DT_BETAS.BETAS_INDEPENDENT_125.
NOTE: There were 7 observations read from the data set DT_BETAS.BETAS_INDEPENDENT_126.
NOTE: There were 7 observations read from the data set DT_BETAS.BETAS_INDEPENDENT_127.
NOTE: There were 7 observations read from the data set DT_BETAS.BETAS_INDEPENDENT_128.
NOTE: There were 7 observations read from the data set DT_BETAS.BETAS_INDEPENDENT_129.
NOTE: There were 7 observations read from the data set DT_BETAS.BETAS_INDEPENDENT_130.
NOTE: There were 7 observations read from the data set DT_BETAS.BETAS_INDEPENDENT_131.
NOTE: There were 7 observations read from the data set DT_BETAS.BETAS_INDEPENDENT_132.
NOTE: There were 7 observations read from the data set DT_BETAS.BETAS_INDEPENDENT_133.
NOTE: There were 7 observations read from the data set DT_BETAS.BETAS_INDEPENDENT_134.
NOTE: There were 7 observations read from the data set DT_BETAS.BETAS_INDEPENDENT_135.
NOTE: There were 7 observations read from the data set DT_BETAS.BETAS_INDEPENDENT_136.
NOTE: There were 7 observations read from the data set DT_BETAS.BETAS_INDEPENDENT_137.
NOTE: There were 7 observations read from the data set DT_BETAS.BETAS_INDEPENDENT_138.
NOTE: There were 7 observations read from the data set DT_BETAS.BETAS_INDEPENDENT_139.
NOTE: There were 7 observations read from the data set DT_BETAS.BETAS_INDEPENDENT_140.
NOTE: There were 7 observations read from the data set DT_BETAS.BETAS_INDEPENDENT_141.
NOTE: There were 7 observations read from the data set DT_BETAS.BETAS_INDEPENDENT_142.
NOTE: There were 7 observations read from the data set DT_BETAS.BETAS_INDEPENDENT_143.
NOTE: There were 7 observations read from the data set DT_BETAS.BETAS_INDEPENDENT_144.
NOTE: There were 7 observations read from the data set DT_BETAS.BETAS_INDEPENDENT_145.
NOTE: There were 7 observations read from the data set DT_BETAS.BETAS_INDEPENDENT_146.
NOTE: There were 7 observations read from the data set DT_BETAS.BETAS_INDEPENDENT_147.
NOTE: There were 7 observations read from the data set DT_BETAS.BETAS_INDEPENDENT_148.
NOTE: There were 7 observations read from the data set DT_BETAS.BETAS_INDEPENDENT_149.
NOTE: There were 7 observations read from the data set DT_BETAS.BETAS_INDEPENDENT_150.
NOTE: There were 7 observations read from the data set DT_BETAS.BETAS_INDEPENDENT_151.
NOTE: There were 7 observations read from the data set DT_BETAS.BETAS_INDEPENDENT_152.
NOTE: There were 7 observations read from the data set DT_BETAS.BETAS_INDEPENDENT_153.
NOTE: There were 7 observations read from the data set DT_BETAS.BETAS_INDEPENDENT_154.
NOTE: There were 7 observations read from the data set DT_BETAS.BETAS_INDEPENDENT_155.
NOTE: There were 7 observations read from the data set DT_BETAS.BETAS_INDEPENDENT_156.
NOTE: There were 7 observations read from the data set DT_BETAS.BETAS_INDEPENDENT_157.
NOTE: There were 7 observations read from the data set DT_BETAS.BETAS_INDEPENDENT_158.
NOTE: There were 7 observations read from the data set DT_BETAS.BETAS_INDEPENDENT_159.
NOTE: There were 7 observations read from the data set DT_BETAS.BETAS_INDEPENDENT_160.
NOTE: There were 7 observations read from the data set DT_BETAS.BETAS_INDEPENDENT_161.
NOTE: There were 7 observations read from the data set DT_BETAS.BETAS_INDEPENDENT_162.
NOTE: There were 7 observations read from the data set DT_BETAS.BETAS_INDEPENDENT_163.
NOTE: There were 7 observations read from the data set DT_BETAS.BETAS_INDEPENDENT_164.
NOTE: There were 7 observations read from the data set DT_BETAS.BETAS_INDEPENDENT_165.
NOTE: There were 7 observations read from the data set DT_BETAS.BETAS_INDEPENDENT_166.
NOTE: There were 7 observations read from the data set DT_BETAS.BETAS_INDEPENDENT_167.
6                                                          The SAS System                              18:14 Wednesday, May 14, 2025

NOTE: There were 7 observations read from the data set DT_BETAS.BETAS_INDEPENDENT_168.
NOTE: There were 7 observations read from the data set DT_BETAS.BETAS_INDEPENDENT_169.
NOTE: There were 7 observations read from the data set DT_BETAS.BETAS_INDEPENDENT_170.
NOTE: There were 7 observations read from the data set DT_BETAS.BETAS_INDEPENDENT_171.
NOTE: There were 7 observations read from the data set DT_BETAS.BETAS_INDEPENDENT_172.
NOTE: There were 7 observations read from the data set DT_BETAS.BETAS_INDEPENDENT_173.
NOTE: There were 7 observations read from the data set DT_BETAS.BETAS_INDEPENDENT_174.
NOTE: There were 7 observations read from the data set DT_BETAS.BETAS_INDEPENDENT_175.
NOTE: There were 7 observations read from the data set DT_BETAS.BETAS_INDEPENDENT_176.
NOTE: There were 7 observations read from the data set DT_BETAS.BETAS_INDEPENDENT_177.
NOTE: There were 7 observations read from the data set DT_BETAS.BETAS_INDEPENDENT_178.
NOTE: There were 7 observations read from the data set DT_BETAS.BETAS_INDEPENDENT_179.
NOTE: There were 7 observations read from the data set DT_BETAS.BETAS_INDEPENDENT_180.
NOTE: There were 7 observations read from the data set DT_BETAS.BETAS_INDEPENDENT_181.
NOTE: There were 7 observations read from the data set DT_BETAS.BETAS_INDEPENDENT_182.
NOTE: There were 7 observations read from the data set DT_BETAS.BETAS_INDEPENDENT_183.
NOTE: There were 7 observations read from the data set DT_BETAS.BETAS_INDEPENDENT_184.
NOTE: There were 7 observations read from the data set DT_BETAS.BETAS_INDEPENDENT_185.
NOTE: There were 7 observations read from the data set DT_BETAS.BETAS_INDEPENDENT_186.
NOTE: There were 7 observations read from the data set DT_BETAS.BETAS_INDEPENDENT_187.
NOTE: There were 7 observations read from the data set DT_BETAS.BETAS_INDEPENDENT_188.
NOTE: There were 7 observations read from the data set DT_BETAS.BETAS_INDEPENDENT_189.
NOTE: There were 7 observations read from the data set DT_BETAS.BETAS_INDEPENDENT_190.
NOTE: There were 7 observations read from the data set DT_BETAS.BETAS_INDEPENDENT_191.
NOTE: There were 7 observations read from the data set DT_BETAS.BETAS_INDEPENDENT_192.
NOTE: There were 7 observations read from the data set DT_BETAS.BETAS_INDEPENDENT_193.
NOTE: There were 7 observations read from the data set DT_BETAS.BETAS_INDEPENDENT_194.
NOTE: There were 7 observations read from the data set DT_BETAS.BETAS_INDEPENDENT_195.
NOTE: There were 7 observations read from the data set DT_BETAS.BETAS_INDEPENDENT_196.
NOTE: There were 7 observations read from the data set DT_BETAS.BETAS_INDEPENDENT_197.
NOTE: There were 7 observations read from the data set DT_BETAS.BETAS_INDEPENDENT_198.
NOTE: There were 7 observations read from the data set DT_BETAS.BETAS_INDEPENDENT_199.
NOTE: There were 7 observations read from the data set DT_BETAS.BETAS_INDEPENDENT_200.
NOTE: There were 7 observations read from the data set DT_BETAS.BETAS_INDEPENDENT_201.
NOTE: There were 7 observations read from the data set DT_BETAS.BETAS_INDEPENDENT_202.
NOTE: There were 7 observations read from the data set DT_BETAS.BETAS_INDEPENDENT_203.
NOTE: There were 7 observations read from the data set DT_BETAS.BETAS_INDEPENDENT_204.
NOTE: There were 7 observations read from the data set DT_BETAS.BETAS_INDEPENDENT_205.
NOTE: There were 7 observations read from the data set DT_BETAS.BETAS_INDEPENDENT_206.
NOTE: There were 7 observations read from the data set DT_BETAS.BETAS_INDEPENDENT_207.
NOTE: There were 7 observations read from the data set DT_BETAS.BETAS_INDEPENDENT_208.
NOTE: There were 7 observations read from the data set DT_BETAS.BETAS_INDEPENDENT_209.
NOTE: There were 7 observations read from the data set DT_BETAS.BETAS_INDEPENDENT_210.
NOTE: There were 7 observations read from the data set DT_BETAS.BETAS_INDEPENDENT_211.
NOTE: There were 7 observations read from the data set DT_BETAS.BETAS_INDEPENDENT_212.
NOTE: There were 7 observations read from the data set DT_BETAS.BETAS_INDEPENDENT_213.
NOTE: There were 7 observations read from the data set DT_BETAS.BETAS_INDEPENDENT_214.
NOTE: There were 7 observations read from the data set DT_BETAS.BETAS_INDEPENDENT_215.
NOTE: There were 7 observations read from the data set DT_BETAS.BETAS_INDEPENDENT_216.
NOTE: There were 7 observations read from the data set DT_BETAS.BETAS_INDEPENDENT_217.
NOTE: There were 7 observations read from the data set DT_BETAS.BETAS_INDEPENDENT_218.
NOTE: There were 7 observations read from the data set DT_BETAS.BETAS_INDEPENDENT_219.
NOTE: There were 7 observations read from the data set DT_BETAS.BETAS_INDEPENDENT_220.
NOTE: There were 7 observations read from the data set DT_BETAS.BETAS_INDEPENDENT_221.
NOTE: There were 7 observations read from the data set DT_BETAS.BETAS_INDEPENDENT_222.
NOTE: There were 7 observations read from the data set DT_BETAS.BETAS_INDEPENDENT_223.
NOTE: There were 7 observations read from the data set DT_BETAS.BETAS_INDEPENDENT_224.
NOTE: There were 7 observations read from the data set DT_BETAS.BETAS_INDEPENDENT_225.
7                                                          The SAS System                              18:14 Wednesday, May 14, 2025

NOTE: There were 7 observations read from the data set DT_BETAS.BETAS_INDEPENDENT_226.
NOTE: There were 7 observations read from the data set DT_BETAS.BETAS_INDEPENDENT_227.
NOTE: There were 7 observations read from the data set DT_BETAS.BETAS_INDEPENDENT_228.
NOTE: There were 7 observations read from the data set DT_BETAS.BETAS_INDEPENDENT_229.
NOTE: There were 7 observations read from the data set DT_BETAS.BETAS_INDEPENDENT_230.
NOTE: There were 7 observations read from the data set DT_BETAS.BETAS_INDEPENDENT_231.
NOTE: There were 7 observations read from the data set DT_BETAS.BETAS_INDEPENDENT_232.
NOTE: There were 7 observations read from the data set DT_BETAS.BETAS_INDEPENDENT_233.
NOTE: There were 7 observations read from the data set DT_BETAS.BETAS_INDEPENDENT_234.
NOTE: There were 7 observations read from the data set DT_BETAS.BETAS_INDEPENDENT_235.
NOTE: There were 7 observations read from the data set DT_BETAS.BETAS_INDEPENDENT_236.
NOTE: There were 7 observations read from the data set DT_BETAS.BETAS_INDEPENDENT_237.
NOTE: There were 7 observations read from the data set DT_BETAS.BETAS_INDEPENDENT_238.
NOTE: There were 7 observations read from the data set DT_BETAS.BETAS_INDEPENDENT_239.
NOTE: There were 7 observations read from the data set DT_BETAS.BETAS_INDEPENDENT_240.
NOTE: There were 7 observations read from the data set DT_BETAS.BETAS_INDEPENDENT_241.
NOTE: There were 7 observations read from the data set DT_BETAS.BETAS_INDEPENDENT_242.
NOTE: There were 7 observations read from the data set DT_BETAS.BETAS_INDEPENDENT_243.
NOTE: There were 7 observations read from the data set DT_BETAS.BETAS_INDEPENDENT_244.
NOTE: There were 7 observations read from the data set DT_BETAS.BETAS_INDEPENDENT_245.
NOTE: There were 7 observations read from the data set DT_BETAS.BETAS_INDEPENDENT_246.
NOTE: There were 7 observations read from the data set DT_BETAS.BETAS_INDEPENDENT_247.
NOTE: There were 7 observations read from the data set DT_BETAS.BETAS_INDEPENDENT_248.
NOTE: There were 7 observations read from the data set DT_BETAS.BETAS_INDEPENDENT_249.
NOTE: There were 7 observations read from the data set DT_BETAS.BETAS_INDEPENDENT_250.
NOTE: There were 7 observations read from the data set DT_BETAS.BETAS_INDEPENDENT_251.
NOTE: There were 7 observations read from the data set DT_BETAS.BETAS_INDEPENDENT_252.
NOTE: There were 7 observations read from the data set DT_BETAS.BETAS_INDEPENDENT_253.
NOTE: There were 7 observations read from the data set DT_BETAS.BETAS_INDEPENDENT_254.
NOTE: There were 7 observations read from the data set DT_BETAS.BETAS_INDEPENDENT_255.
NOTE: There were 7 observations read from the data set DT_BETAS.BETAS_INDEPENDENT_256.
NOTE: There were 7 observations read from the data set DT_BETAS.BETAS_INDEPENDENT_257.
NOTE: There were 7 observations read from the data set DT_BETAS.BETAS_INDEPENDENT_258.
NOTE: There were 7 observations read from the data set DT_BETAS.BETAS_INDEPENDENT_259.
NOTE: There were 7 observations read from the data set DT_BETAS.BETAS_INDEPENDENT_260.
NOTE: There were 7 observations read from the data set DT_BETAS.BETAS_INDEPENDENT_261.
NOTE: There were 7 observations read from the data set DT_BETAS.BETAS_INDEPENDENT_262.
NOTE: There were 7 observations read from the data set DT_BETAS.BETAS_INDEPENDENT_263.
NOTE: There were 7 observations read from the data set DT_BETAS.BETAS_INDEPENDENT_264.
NOTE: There were 7 observations read from the data set DT_BETAS.BETAS_INDEPENDENT_265.
NOTE: There were 7 observations read from the data set DT_BETAS.BETAS_INDEPENDENT_266.
NOTE: There were 7 observations read from the data set DT_BETAS.BETAS_INDEPENDENT_267.
NOTE: There were 7 observations read from the data set DT_BETAS.BETAS_INDEPENDENT_268.
NOTE: There were 7 observations read from the data set DT_BETAS.BETAS_INDEPENDENT_269.
NOTE: There were 7 observations read from the data set DT_BETAS.BETAS_INDEPENDENT_270.
NOTE: There were 7 observations read from the data set DT_BETAS.BETAS_INDEPENDENT_271.
NOTE: There were 7 observations read from the data set DT_BETAS.BETAS_INDEPENDENT_272.
NOTE: There were 7 observations read from the data set DT_BETAS.BETAS_INDEPENDENT_273.
NOTE: There were 7 observations read from the data set DT_BETAS.BETAS_INDEPENDENT_274.
NOTE: There were 7 observations read from the data set DT_BETAS.BETAS_INDEPENDENT_275.
NOTE: There were 7 observations read from the data set DT_BETAS.BETAS_INDEPENDENT_276.
NOTE: There were 7 observations read from the data set DT_BETAS.BETAS_INDEPENDENT_277.
NOTE: There were 7 observations read from the data set DT_BETAS.BETAS_INDEPENDENT_278.
NOTE: There were 7 observations read from the data set DT_BETAS.BETAS_INDEPENDENT_279.
NOTE: There were 7 observations read from the data set DT_BETAS.BETAS_INDEPENDENT_280.
NOTE: There were 7 observations read from the data set DT_BETAS.BETAS_INDEPENDENT_281.
NOTE: There were 7 observations read from the data set DT_BETAS.BETAS_INDEPENDENT_282.
NOTE: There were 7 observations read from the data set DT_BETAS.BETAS_INDEPENDENT_283.
8                                                          The SAS System                              18:14 Wednesday, May 14, 2025

NOTE: There were 7 observations read from the data set DT_BETAS.BETAS_INDEPENDENT_284.
NOTE: There were 7 observations read from the data set DT_BETAS.BETAS_INDEPENDENT_285.
NOTE: There were 7 observations read from the data set DT_BETAS.BETAS_INDEPENDENT_286.
NOTE: There were 7 observations read from the data set DT_BETAS.BETAS_INDEPENDENT_287.
NOTE: There were 7 observations read from the data set DT_BETAS.BETAS_INDEPENDENT_288.
NOTE: There were 7 observations read from the data set DT_BETAS.BETAS_INDEPENDENT_289.
NOTE: There were 7 observations read from the data set DT_BETAS.BETAS_INDEPENDENT_290.
NOTE: There were 7 observations read from the data set DT_BETAS.BETAS_INDEPENDENT_291.
NOTE: There were 7 observations read from the data set DT_BETAS.BETAS_INDEPENDENT_292.
NOTE: There were 7 observations read from the data set DT_BETAS.BETAS_INDEPENDENT_293.
NOTE: There were 7 observations read from the data set DT_BETAS.BETAS_INDEPENDENT_294.
NOTE: There were 7 observations read from the data set DT_BETAS.BETAS_INDEPENDENT_295.
NOTE: There were 7 observations read from the data set DT_BETAS.BETAS_INDEPENDENT_296.
NOTE: There were 7 observations read from the data set DT_BETAS.BETAS_INDEPENDENT_297.
NOTE: There were 7 observations read from the data set DT_BETAS.BETAS_INDEPENDENT_298.
NOTE: There were 7 observations read from the data set DT_BETAS.BETAS_INDEPENDENT_299.
NOTE: There were 7 observations read from the data set DT_BETAS.BETAS_INDEPENDENT_300.
NOTE: There were 7 observations read from the data set DT_BETAS.BETAS_INDEPENDENT_301.
NOTE: There were 7 observations read from the data set DT_BETAS.BETAS_INDEPENDENT_302.
NOTE: There were 7 observations read from the data set DT_BETAS.BETAS_INDEPENDENT_303.
NOTE: There were 7 observations read from the data set DT_BETAS.BETAS_INDEPENDENT_304.
NOTE: There were 7 observations read from the data set DT_BETAS.BETAS_INDEPENDENT_305.
NOTE: There were 7 observations read from the data set DT_BETAS.BETAS_INDEPENDENT_306.
NOTE: There were 7 observations read from the data set DT_BETAS.BETAS_INDEPENDENT_307.
NOTE: There were 7 observations read from the data set DT_BETAS.BETAS_INDEPENDENT_308.
NOTE: There were 7 observations read from the data set DT_BETAS.BETAS_INDEPENDENT_309.
NOTE: There were 7 observations read from the data set DT_BETAS.BETAS_INDEPENDENT_310.
NOTE: There were 7 observations read from the data set DT_BETAS.BETAS_INDEPENDENT_311.
NOTE: There were 7 observations read from the data set DT_BETAS.BETAS_INDEPENDENT_312.
NOTE: There were 7 observations read from the data set DT_BETAS.BETAS_INDEPENDENT_313.
NOTE: There were 7 observations read from the data set DT_BETAS.BETAS_INDEPENDENT_314.
NOTE: There were 7 observations read from the data set DT_BETAS.BETAS_INDEPENDENT_315.
NOTE: There were 7 observations read from the data set DT_BETAS.BETAS_INDEPENDENT_316.
NOTE: There were 7 observations read from the data set DT_BETAS.BETAS_INDEPENDENT_317.
NOTE: There were 7 observations read from the data set DT_BETAS.BETAS_INDEPENDENT_318.
NOTE: There were 7 observations read from the data set DT_BETAS.BETAS_INDEPENDENT_319.
NOTE: There were 7 observations read from the data set DT_BETAS.BETAS_INDEPENDENT_320.
NOTE: There were 7 observations read from the data set DT_BETAS.BETAS_INDEPENDENT_321.
NOTE: There were 7 observations read from the data set DT_BETAS.BETAS_INDEPENDENT_322.
NOTE: There were 7 observations read from the data set DT_BETAS.BETAS_INDEPENDENT_323.
NOTE: There were 7 observations read from the data set DT_BETAS.BETAS_INDEPENDENT_324.
NOTE: There were 7 observations read from the data set DT_BETAS.BETAS_INDEPENDENT_325.
NOTE: There were 7 observations read from the data set DT_BETAS.BETAS_INDEPENDENT_326.
NOTE: There were 7 observations read from the data set DT_BETAS.BETAS_INDEPENDENT_327.
NOTE: There were 7 observations read from the data set DT_BETAS.BETAS_INDEPENDENT_328.
NOTE: There were 7 observations read from the data set DT_BETAS.BETAS_INDEPENDENT_329.
NOTE: There were 7 observations read from the data set DT_BETAS.BETAS_INDEPENDENT_330.
NOTE: There were 7 observations read from the data set DT_BETAS.BETAS_INDEPENDENT_331.
NOTE: There were 7 observations read from the data set DT_BETAS.BETAS_INDEPENDENT_332.
NOTE: There were 7 observations read from the data set DT_BETAS.BETAS_INDEPENDENT_333.
NOTE: There were 7 observations read from the data set DT_BETAS.BETAS_INDEPENDENT_334.
NOTE: There were 7 observations read from the data set DT_BETAS.BETAS_INDEPENDENT_335.
NOTE: There were 7 observations read from the data set DT_BETAS.BETAS_INDEPENDENT_336.
NOTE: There were 7 observations read from the data set DT_BETAS.BETAS_INDEPENDENT_337.
NOTE: There were 7 observations read from the data set DT_BETAS.BETAS_INDEPENDENT_338.
NOTE: There were 7 observations read from the data set DT_BETAS.BETAS_INDEPENDENT_339.
NOTE: There were 7 observations read from the data set DT_BETAS.BETAS_INDEPENDENT_340.
NOTE: There were 7 observations read from the data set DT_BETAS.BETAS_INDEPENDENT_341.
9                                                          The SAS System                              18:14 Wednesday, May 14, 2025

NOTE: There were 7 observations read from the data set DT_BETAS.BETAS_INDEPENDENT_342.
NOTE: There were 7 observations read from the data set DT_BETAS.BETAS_INDEPENDENT_343.
NOTE: There were 7 observations read from the data set DT_BETAS.BETAS_INDEPENDENT_344.
NOTE: There were 7 observations read from the data set DT_BETAS.BETAS_INDEPENDENT_345.
NOTE: There were 7 observations read from the data set DT_BETAS.BETAS_INDEPENDENT_346.
NOTE: There were 7 observations read from the data set DT_BETAS.BETAS_INDEPENDENT_347.
NOTE: There were 7 observations read from the data set DT_BETAS.BETAS_INDEPENDENT_348.
NOTE: There were 7 observations read from the data set DT_BETAS.BETAS_INDEPENDENT_349.
NOTE: There were 7 observations read from the data set DT_BETAS.BETAS_INDEPENDENT_350.
NOTE: There were 7 observations read from the data set DT_BETAS.BETAS_INDEPENDENT_351.
NOTE: There were 7 observations read from the data set DT_BETAS.BETAS_INDEPENDENT_352.
NOTE: There were 7 observations read from the data set DT_BETAS.BETAS_INDEPENDENT_353.
NOTE: There were 7 observations read from the data set DT_BETAS.BETAS_INDEPENDENT_354.
NOTE: There were 7 observations read from the data set DT_BETAS.BETAS_INDEPENDENT_355.
NOTE: There were 7 observations read from the data set DT_BETAS.BETAS_INDEPENDENT_356.
NOTE: There were 7 observations read from the data set DT_BETAS.BETAS_INDEPENDENT_357.
NOTE: There were 7 observations read from the data set DT_BETAS.BETAS_INDEPENDENT_358.
NOTE: There were 7 observations read from the data set DT_BETAS.BETAS_INDEPENDENT_359.
NOTE: There were 7 observations read from the data set DT_BETAS.BETAS_INDEPENDENT_360.
NOTE: There were 7 observations read from the data set DT_BETAS.BETAS_INDEPENDENT_361.
NOTE: There were 7 observations read from the data set DT_BETAS.BETAS_INDEPENDENT_362.
NOTE: There were 7 observations read from the data set DT_BETAS.BETAS_INDEPENDENT_363.
NOTE: There were 7 observations read from the data set DT_BETAS.BETAS_INDEPENDENT_364.
NOTE: There were 7 observations read from the data set DT_BETAS.BETAS_INDEPENDENT_365.
NOTE: There were 7 observations read from the data set DT_BETAS.BETAS_INDEPENDENT_366.
NOTE: There were 7 observations read from the data set DT_BETAS.BETAS_INDEPENDENT_367.
NOTE: There were 7 observations read from the data set DT_BETAS.BETAS_INDEPENDENT_368.
NOTE: There were 7 observations read from the data set DT_BETAS.BETAS_INDEPENDENT_369.
NOTE: There were 7 observations read from the data set DT_BETAS.BETAS_INDEPENDENT_370.
NOTE: There were 7 observations read from the data set DT_BETAS.BETAS_INDEPENDENT_371.
NOTE: There were 7 observations read from the data set DT_BETAS.BETAS_INDEPENDENT_372.
NOTE: There were 7 observations read from the data set DT_BETAS.BETAS_INDEPENDENT_373.
NOTE: There were 7 observations read from the data set DT_BETAS.BETAS_INDEPENDENT_374.
NOTE: There were 7 observations read from the data set DT_BETAS.BETAS_INDEPENDENT_375.
NOTE: There were 7 observations read from the data set DT_BETAS.BETAS_INDEPENDENT_376.
NOTE: There were 7 observations read from the data set DT_BETAS.BETAS_INDEPENDENT_377.
NOTE: There were 7 observations read from the data set DT_BETAS.BETAS_INDEPENDENT_378.
NOTE: There were 7 observations read from the data set DT_BETAS.BETAS_INDEPENDENT_379.
NOTE: There were 7 observations read from the data set DT_BETAS.BETAS_INDEPENDENT_380.
NOTE: There were 7 observations read from the data set DT_BETAS.BETAS_INDEPENDENT_381.
NOTE: There were 7 observations read from the data set DT_BETAS.BETAS_INDEPENDENT_382.
NOTE: There were 7 observations read from the data set DT_BETAS.BETAS_INDEPENDENT_383.
NOTE: There were 7 observations read from the data set DT_BETAS.BETAS_INDEPENDENT_384.
NOTE: There were 7 observations read from the data set DT_BETAS.BETAS_INDEPENDENT_385.
NOTE: There were 7 observations read from the data set DT_BETAS.BETAS_INDEPENDENT_386.
NOTE: There were 7 observations read from the data set DT_BETAS.BETAS_INDEPENDENT_387.
NOTE: There were 7 observations read from the data set DT_BETAS.BETAS_INDEPENDENT_388.
NOTE: There were 7 observations read from the data set DT_BETAS.BETAS_INDEPENDENT_389.
NOTE: There were 7 observations read from the data set DT_BETAS.BETAS_INDEPENDENT_390.
NOTE: There were 7 observations read from the data set DT_BETAS.BETAS_INDEPENDENT_391.
NOTE: There were 7 observations read from the data set DT_BETAS.BETAS_INDEPENDENT_392.
NOTE: There were 7 observations read from the data set DT_BETAS.BETAS_INDEPENDENT_393.
NOTE: There were 7 observations read from the data set DT_BETAS.BETAS_INDEPENDENT_394.
NOTE: There were 7 observations read from the data set DT_BETAS.BETAS_INDEPENDENT_395.
NOTE: There were 7 observations read from the data set DT_BETAS.BETAS_INDEPENDENT_396.
NOTE: There were 7 observations read from the data set DT_BETAS.BETAS_INDEPENDENT_397.
NOTE: There were 7 observations read from the data set DT_BETAS.BETAS_INDEPENDENT_398.
NOTE: There were 7 observations read from the data set DT_BETAS.BETAS_INDEPENDENT_399.
10                                                         The SAS System                              18:14 Wednesday, May 14, 2025

NOTE: There were 7 observations read from the data set DT_BETAS.BETAS_INDEPENDENT_400.
NOTE: There were 7 observations read from the data set DT_BETAS.BETAS_INDEPENDENT_401.
NOTE: There were 7 observations read from the data set DT_BETAS.BETAS_INDEPENDENT_402.
NOTE: There were 7 observations read from the data set DT_BETAS.BETAS_INDEPENDENT_403.
NOTE: There were 7 observations read from the data set DT_BETAS.BETAS_INDEPENDENT_404.
NOTE: There were 7 observations read from the data set DT_BETAS.BETAS_INDEPENDENT_405.
NOTE: There were 7 observations read from the data set DT_BETAS.BETAS_INDEPENDENT_406.
NOTE: There were 7 observations read from the data set DT_BETAS.BETAS_INDEPENDENT_407.
NOTE: There were 7 observations read from the data set DT_BETAS.BETAS_INDEPENDENT_408.
NOTE: There were 7 observations read from the data set DT_BETAS.BETAS_INDEPENDENT_409.
NOTE: There were 7 observations read from the data set DT_BETAS.BETAS_INDEPENDENT_410.
NOTE: There were 7 observations read from the data set DT_BETAS.BETAS_INDEPENDENT_411.
NOTE: There were 7 observations read from the data set DT_BETAS.BETAS_INDEPENDENT_412.
NOTE: There were 7 observations read from the data set DT_BETAS.BETAS_INDEPENDENT_413.
NOTE: There were 7 observations read from the data set DT_BETAS.BETAS_INDEPENDENT_414.
NOTE: There were 7 observations read from the data set DT_BETAS.BETAS_INDEPENDENT_415.
NOTE: There were 7 observations read from the data set DT_BETAS.BETAS_INDEPENDENT_416.
NOTE: There were 7 observations read from the data set DT_BETAS.BETAS_INDEPENDENT_417.
NOTE: There were 7 observations read from the data set DT_BETAS.BETAS_INDEPENDENT_418.
NOTE: There were 7 observations read from the data set DT_BETAS.BETAS_INDEPENDENT_419.
NOTE: There were 7 observations read from the data set DT_BETAS.BETAS_INDEPENDENT_420.
NOTE: There were 7 observations read from the data set DT_BETAS.BETAS_INDEPENDENT_421.
NOTE: There were 7 observations read from the data set DT_BETAS.BETAS_INDEPENDENT_422.
NOTE: There were 7 observations read from the data set DT_BETAS.BETAS_INDEPENDENT_423.
NOTE: There were 7 observations read from the data set DT_BETAS.BETAS_INDEPENDENT_424.
NOTE: There were 7 observations read from the data set DT_BETAS.BETAS_INDEPENDENT_425.
NOTE: There were 7 observations read from the data set DT_BETAS.BETAS_INDEPENDENT_426.
NOTE: There were 7 observations read from the data set DT_BETAS.BETAS_INDEPENDENT_427.
NOTE: There were 7 observations read from the data set DT_BETAS.BETAS_INDEPENDENT_428.
NOTE: There were 7 observations read from the data set DT_BETAS.BETAS_INDEPENDENT_429.
NOTE: There were 7 observations read from the data set DT_BETAS.BETAS_INDEPENDENT_430.
NOTE: There were 7 observations read from the data set DT_BETAS.BETAS_INDEPENDENT_431.
NOTE: There were 7 observations read from the data set DT_BETAS.BETAS_INDEPENDENT_432.
NOTE: There were 7 observations read from the data set DT_BETAS.BETAS_INDEPENDENT_433.
NOTE: There were 7 observations read from the data set DT_BETAS.BETAS_INDEPENDENT_434.
NOTE: There were 7 observations read from the data set DT_BETAS.BETAS_INDEPENDENT_435.
NOTE: There were 7 observations read from the data set DT_BETAS.BETAS_INDEPENDENT_436.
NOTE: There were 7 observations read from the data set DT_BETAS.BETAS_INDEPENDENT_437.
NOTE: There were 7 observations read from the data set DT_BETAS.BETAS_INDEPENDENT_438.
NOTE: There were 7 observations read from the data set DT_BETAS.BETAS_INDEPENDENT_439.
NOTE: There were 7 observations read from the data set DT_BETAS.BETAS_INDEPENDENT_440.
NOTE: There were 7 observations read from the data set DT_BETAS.BETAS_INDEPENDENT_441.
NOTE: There were 7 observations read from the data set DT_BETAS.BETAS_INDEPENDENT_442.
NOTE: There were 7 observations read from the data set DT_BETAS.BETAS_INDEPENDENT_443.
NOTE: There were 7 observations read from the data set DT_BETAS.BETAS_INDEPENDENT_444.
NOTE: There were 7 observations read from the data set DT_BETAS.BETAS_INDEPENDENT_445.
NOTE: There were 7 observations read from the data set DT_BETAS.BETAS_INDEPENDENT_446.
NOTE: There were 7 observations read from the data set DT_BETAS.BETAS_INDEPENDENT_447.
NOTE: There were 7 observations read from the data set DT_BETAS.BETAS_INDEPENDENT_448.
NOTE: There were 7 observations read from the data set DT_BETAS.BETAS_INDEPENDENT_449.
NOTE: There were 7 observations read from the data set DT_BETAS.BETAS_INDEPENDENT_450.
NOTE: There were 7 observations read from the data set DT_BETAS.BETAS_INDEPENDENT_451.
NOTE: There were 7 observations read from the data set DT_BETAS.BETAS_INDEPENDENT_452.
NOTE: There were 7 observations read from the data set DT_BETAS.BETAS_INDEPENDENT_453.
NOTE: There were 7 observations read from the data set DT_BETAS.BETAS_INDEPENDENT_454.
NOTE: There were 7 observations read from the data set DT_BETAS.BETAS_INDEPENDENT_455.
NOTE: There were 7 observations read from the data set DT_BETAS.BETAS_INDEPENDENT_456.
NOTE: There were 7 observations read from the data set DT_BETAS.BETAS_INDEPENDENT_457.
11                                                         The SAS System                              18:14 Wednesday, May 14, 2025

NOTE: There were 7 observations read from the data set DT_BETAS.BETAS_INDEPENDENT_458.
NOTE: There were 7 observations read from the data set DT_BETAS.BETAS_INDEPENDENT_459.
NOTE: There were 7 observations read from the data set DT_BETAS.BETAS_INDEPENDENT_460.
NOTE: There were 7 observations read from the data set DT_BETAS.BETAS_INDEPENDENT_461.
NOTE: There were 7 observations read from the data set DT_BETAS.BETAS_INDEPENDENT_462.
NOTE: There were 7 observations read from the data set DT_BETAS.BETAS_INDEPENDENT_463.
NOTE: There were 7 observations read from the data set DT_BETAS.BETAS_INDEPENDENT_464.
NOTE: There were 7 observations read from the data set DT_BETAS.BETAS_INDEPENDENT_465.
NOTE: There were 7 observations read from the data set DT_BETAS.BETAS_INDEPENDENT_466.
NOTE: There were 7 observations read from the data set DT_BETAS.BETAS_INDEPENDENT_467.
NOTE: There were 7 observations read from the data set DT_BETAS.BETAS_INDEPENDENT_468.
NOTE: There were 7 observations read from the data set DT_BETAS.BETAS_INDEPENDENT_469.
NOTE: There were 7 observations read from the data set DT_BETAS.BETAS_INDEPENDENT_470.
NOTE: There were 7 observations read from the data set DT_BETAS.BETAS_INDEPENDENT_471.
NOTE: There were 7 observations read from the data set DT_BETAS.BETAS_INDEPENDENT_472.
NOTE: There were 7 observations read from the data set DT_BETAS.BETAS_INDEPENDENT_473.
NOTE: There were 7 observations read from the data set DT_BETAS.BETAS_INDEPENDENT_474.
NOTE: There were 7 observations read from the data set DT_BETAS.BETAS_INDEPENDENT_475.
NOTE: There were 7 observations read from the data set DT_BETAS.BETAS_INDEPENDENT_476.
NOTE: There were 7 observations read from the data set DT_BETAS.BETAS_INDEPENDENT_477.
NOTE: There were 7 observations read from the data set DT_BETAS.BETAS_INDEPENDENT_478.
NOTE: There were 7 observations read from the data set DT_BETAS.BETAS_INDEPENDENT_479.
NOTE: There were 7 observations read from the data set DT_BETAS.BETAS_INDEPENDENT_480.
NOTE: There were 7 observations read from the data set DT_BETAS.BETAS_INDEPENDENT_481.
NOTE: There were 7 observations read from the data set DT_BETAS.BETAS_INDEPENDENT_482.
NOTE: There were 7 observations read from the data set DT_BETAS.BETAS_INDEPENDENT_483.
NOTE: There were 7 observations read from the data set DT_BETAS.BETAS_INDEPENDENT_484.
NOTE: There were 7 observations read from the data set DT_BETAS.BETAS_INDEPENDENT_485.
NOTE: There were 7 observations read from the data set DT_BETAS.BETAS_INDEPENDENT_486.
NOTE: There were 7 observations read from the data set DT_BETAS.BETAS_INDEPENDENT_487.
NOTE: There were 7 observations read from the data set DT_BETAS.BETAS_INDEPENDENT_488.
NOTE: There were 7 observations read from the data set DT_BETAS.BETAS_INDEPENDENT_489.
NOTE: There were 7 observations read from the data set DT_BETAS.BETAS_INDEPENDENT_490.
NOTE: There were 7 observations read from the data set DT_BETAS.BETAS_INDEPENDENT_491.
NOTE: There were 7 observations read from the data set DT_BETAS.BETAS_INDEPENDENT_492.
NOTE: There were 7 observations read from the data set DT_BETAS.BETAS_INDEPENDENT_493.
NOTE: There were 7 observations read from the data set DT_BETAS.BETAS_INDEPENDENT_494.
NOTE: There were 7 observations read from the data set DT_BETAS.BETAS_INDEPENDENT_495.
NOTE: There were 7 observations read from the data set DT_BETAS.BETAS_INDEPENDENT_496.
NOTE: There were 7 observations read from the data set DT_BETAS.BETAS_INDEPENDENT_497.
NOTE: There were 7 observations read from the data set DT_BETAS.BETAS_INDEPENDENT_498.
NOTE: There were 7 observations read from the data set DT_BETAS.BETAS_INDEPENDENT_499.
NOTE: There were 7 observations read from the data set DT_BETAS.BETAS_INDEPENDENT_500.
NOTE: The data set WORK.MERGE_BETAS has 3500 observations and 5 variables.
NOTE: DATA statement used (Total process time):
      real time           17.15 seconds
      cpu time            0.32 seconds
      

NOTE: Table WORK.BETAS_SAMP_POP created, with 3500 rows and 6 columns.

NOTE: PROCEDURE SQL used (Total process time):
      real time           0.08 seconds
      cpu time            0.00 seconds
      


NOTE: There were 3500 observations read from the data set WORK.BETAS_SAMP_POP.
12                                                         The SAS System                              18:14 Wednesday, May 14, 2025

NOTE: The data set WORK.BETAS_SAMP_POP has 3500 observations and 8 variables.
NOTE: DATA statement used (Total process time):
      real time           0.01 seconds
      cpu time            0.01 seconds
      


NOTE: There were 3500 observations read from the data set WORK.BETAS_SAMP_POP.
NOTE: The data set WORK.BETAS_SAMP_POP_ has 3500 observations and 12 variables.
NOTE: DATA statement used (Total process time):
      real time           0.25 seconds
      cpu time            0.00 seconds
      


NOTE: There were 3500 observations read from the data set WORK.BETAS_SAMP_POP_.
NOTE: The data set WORK.OUTPUT_1 has 7 observations and 11 variables.
NOTE: PROCEDURE MEANS used (Total process time):
      real time           0.03 seconds
      cpu time            0.00 seconds
      


NOTE: There were 7 observations read from the data set WORK.OUTPUT_1.
NOTE: The data set WORK.OUTPUT has 7 observations and 12 variables.
NOTE: DATA statement used (Total process time):
      real time           0.01 seconds
      cpu time            0.00 seconds
      

NOTE: Writing RTF Body file: J:/HCHS/STATISTICS/GRAS/QAngarita/HCHS_simulation/output/reports/combine_sudaan_independent_14MAY25.rtf

NOTE: There were 7 observations read from the data set WORK.OUTPUT.
NOTE: The PROCEDURE PRINT printed page 1.
NOTE: PROCEDURE PRINT used (Total process time):
      real time           0.11 seconds
      cpu time            0.01 seconds
      

96         
97         proc printto; run;

