NOTE: PROCEDURE PRINTTO used (Total process time):
      real time           0.03 seconds
      cpu time            0.00 seconds
      

12         *********************************************************************************************************
13         
14                 PROGRAM NAME: import_sample_data.sas
15         
16                 PROGRAMMER: AQA
17         
18                 DESCRIPTION:  Convert the csv files in sas files
19         
20                 VERSION CONTROL:
21         						- 20FEB25: Initialize the code 	
22         
23         *********************************************************************************************************;
24         
25         * Macro that import 1 to n csv files and convert them in sas dataset;
2                                                          The SAS System                          19:55 Thursday, February 20, 2025

26         %macro process_files(n);
27           %do i = 1 %to &n;
28             /* Define paths and names dynamically */
29             %let csv_file = &homepath./v3data/sample/samplemiss_&i..csv;
30             %let out_table = sample.samplemiss_&i;
31         	proc import
32         		datafile="&csv_file"
33                 out=&out_table.
34                 dbms=csv
35                 replace;
36                 getnames=yes;
37                 guessingrows=100;
38             run;
39         
40         	* Derive new variables ;
41         	data sample.samplemiss_&i;
42         	 	set sample.samplemiss_&i;
43         
44         		age_strat_new = 1*(age_base >= 45);
45         		if strat in (1,5) then strat_recoded = 1;
46         		else if strat in (2,6) then strat_recoded = 2;
47         		else if strat in (3,7) then strat_recoded = 3;
48         		else if strat in (4,8) then strat_recoded = 4;
49         
50         		bghhsub_s2_nr = bghhsub_s2/RR;
51         	run;
52         
53         	* sort by strat_recoded;
54         	 proc sort data = sample.samplemiss_&i; by strat_recoded; run;
55           %end;
56         %mend;
57         
58         /* Execute the macro */
59         %process_files(5);

60          /**********************************************************************
61          *   PRODUCT:   SAS
62          *   VERSION:   9.4
63          *   CREATOR:   External File Interface
64          *   DATE:      20FEB25
65          *   DESC:      Generated SAS Datastep Code
66          *   TEMPLATE SOURCE:  (None Specified.)
67          ***********************************************************************/
68             data SAMPLE.SAMPLEMISS_1    ;
69             %let _EFIERR_ = 0; /* set the ERROR detection macro variable */
70             infile 'J:/HCHS/STATISTICS/GRAS/QAngarita/HCHS_simulation/v3data/sample/samplemiss_1.csv' delimiter = ',' MISSOVER
70       ! DSD lrecl=32767 firstobs=2 ;
71                informat strat best32. ;
72                informat BGid best32. ;
73                informat hhid best32. ;
74                informat subid best32. ;
75                informat v_num best32. ;
76                informat hisp_strat $5. ;
77                informat age_base best32. ;
78                informat age_strat $5. ;
79                informat x0 best32. ;
80                informat x1 best32. ;
81                informat x2 best32. ;
3                                                          The SAS System                          19:55 Thursday, February 20, 2025

82                informat x3 best32. ;
83                informat x4 best32. ;
84                informat x6 best32. ;
85                informat x8 best32. ;
86                informat x12 best32. ;
87                informat x13 best32. ;
88                informat x14 best32. ;
89                informat x15 best32. ;
90                informat x17 best32. ;
91                informat x18 best32. ;
92                informat y_bmi best32. ;
93                informat y_gfr best32. ;
94                informat y_bin_gfr best32. ;
95                informat W_bg best32. ;
96                informat W_hh best32. ;
97                informat W_sub best32. ;
98                informat W_bghhsub best32. ;
99                informat W_bghh best32. ;
100               informat W_hhsub best32. ;
101               informat bghhsub_s2 best32. ;
102               informat sub_s1 best32. ;
103               informat sub_s2 best32. ;
104               informat hh_s1 best32. ;
105               informat hh_s2 best32. ;
106               informat hhsub_s1 best32. ;
107               informat hhsub_s2 best32. ;
108               informat miss_ind best32. ;
109               informat miss_score best32. ;
110               informat miss_ind_mar best32. ;
111               informat miss_score_mar best32. ;
112               informat RR $19. ;
113               informat dat_num best32. ;
114               format strat best12. ;
115               format BGid best12. ;
116               format hhid best12. ;
117               format subid best12. ;
118               format v_num best12. ;
119               format hisp_strat $5. ;
120               format age_base best12. ;
121               format age_strat $5. ;
122               format x0 best12. ;
123               format x1 best12. ;
124               format x2 best12. ;
125               format x3 best12. ;
126               format x4 best12. ;
127               format x6 best12. ;
128               format x8 best12. ;
129               format x12 best12. ;
130               format x13 best12. ;
131               format x14 best12. ;
132               format x15 best12. ;
133               format x17 best12. ;
134               format x18 best12. ;
135               format y_bmi best12. ;
136               format y_gfr best12. ;
137               format y_bin_gfr best12. ;
138               format W_bg best12. ;
139               format W_hh best12. ;
4                                                          The SAS System                          19:55 Thursday, February 20, 2025

140               format W_sub best12. ;
141               format W_bghhsub best12. ;
142               format W_bghh best12. ;
143               format W_hhsub best12. ;
144               format bghhsub_s2 best12. ;
145               format sub_s1 best12. ;
146               format sub_s2 best12. ;
147               format hh_s1 best12. ;
148               format hh_s2 best12. ;
149               format hhsub_s1 best12. ;
150               format hhsub_s2 best12. ;
151               format miss_ind best12. ;
152               format miss_score best12. ;
153               format miss_ind_mar best12. ;
154               format miss_score_mar best12. ;
155               format RR $19. ;
156               format dat_num best12. ;
157            input
158                        strat
159                        BGid
160                        hhid
161                        subid
162                        v_num
163                        hisp_strat  $
164                        age_base
165                        age_strat  $
166                        x0
167                        x1
168                        x2
169                        x3
170                        x4
171                        x6
172                        x8
173                        x12
174                        x13
175                        x14
176                        x15
177                        x17
178                        x18
179                        y_bmi
180                        y_gfr
181                        y_bin_gfr
182                        W_bg
183                        W_hh
184                        W_sub
185                        W_bghhsub
186                        W_bghh
187                        W_hhsub
188                        bghhsub_s2
189                        sub_s1
190                        sub_s2
191                        hh_s1
192                        hh_s2
193                        hhsub_s1
194                        hhsub_s2
195                        miss_ind
196                        miss_score
197                        miss_ind_mar
5                                                          The SAS System                          19:55 Thursday, February 20, 2025

198                        miss_score_mar
199                        RR  $
200                        dat_num
201            ;
202            if _ERROR_ then call symputx('_EFIERR_',1);  /* set ERROR detection macro variable */
203            run;

NOTE: The infile 'J:/HCHS/STATISTICS/GRAS/QAngarita/HCHS_simulation/v3data/sample/samplemiss_1.csv' is:
      Filename=J:\HCHS\STATISTICS\GRAS\QAngarita\HCHS_simulation\v3data\sample\samplemiss_1.csv,
      RECFM=V,LRECL=32767,File Size (bytes)=8135733,
      Last Modified=20Feb2025:17:13:32,
      Create Time=20Feb2025:17:13:32

NOTE: 20571 records were read from the infile 'J:/HCHS/STATISTICS/GRAS/QAngarita/HCHS_simulation/v3data/sample/samplemiss_1.csv'.
      The minimum record length was 308.
      The maximum record length was 448.
NOTE: The data set SAMPLE.SAMPLEMISS_1 has 20571 observations and 43 variables.
NOTE: DATA statement used (Total process time):
      real time           0.19 seconds
      cpu time            0.01 seconds
      

20571 rows created in SAMPLE.SAMPLEMISS_1 from J:/HCHS/STATISTICS/GRAS/QAngarita/HCHS_simulation/v3data/sample/samplemiss_1.csv.
  
  
  
NOTE: SAMPLE.SAMPLEMISS_1 data set was successfully created.
NOTE: The data set SAMPLE.SAMPLEMISS_1 has 20571 observations and 43 variables.
NOTE: PROCEDURE IMPORT used (Total process time):
      real time           0.52 seconds
      cpu time            0.06 seconds
      


NOTE: Character values have been converted to numeric values at the places given by: (Line):(Column).
      203:245   
NOTE: Missing values were generated as a result of performing an operation on missing values.
      Each place is given by: (Number of times) at (Line):(Column).
      4158 at 203:244   
NOTE: There were 20571 observations read from the data set SAMPLE.SAMPLEMISS_1.
NOTE: The data set SAMPLE.SAMPLEMISS_1 has 20571 observations and 46 variables.
NOTE: DATA statement used (Total process time):
      real time           0.19 seconds
      cpu time            0.00 seconds
      


NOTE: There were 20571 observations read from the data set SAMPLE.SAMPLEMISS_1.
NOTE: The data set SAMPLE.SAMPLEMISS_1 has 20571 observations and 46 variables.
NOTE: PROCEDURE SORT used (Total process time):
      real time           0.20 seconds
      cpu time            0.00 seconds
      


204         /**********************************************************************
205         *   PRODUCT:   SAS
206         *   VERSION:   9.4
6                                                          The SAS System                          19:55 Thursday, February 20, 2025

207         *   CREATOR:   External File Interface
208         *   DATE:      20FEB25
209         *   DESC:      Generated SAS Datastep Code
210         *   TEMPLATE SOURCE:  (None Specified.)
211         ***********************************************************************/
212            data SAMPLE.SAMPLEMISS_2    ;
213            %let _EFIERR_ = 0; /* set the ERROR detection macro variable */
214            infile 'J:/HCHS/STATISTICS/GRAS/QAngarita/HCHS_simulation/v3data/sample/samplemiss_2.csv' delimiter = ',' MISSOVER
214      ! DSD lrecl=32767 firstobs=2 ;
215               informat strat best32. ;
216               informat BGid best32. ;
217               informat hhid best32. ;
218               informat subid best32. ;
219               informat v_num best32. ;
220               informat hisp_strat $4. ;
221               informat age_base best32. ;
222               informat age_strat $5. ;
223               informat x0 best32. ;
224               informat x1 best32. ;
225               informat x2 best32. ;
226               informat x3 best32. ;
227               informat x4 best32. ;
228               informat x6 best32. ;
229               informat x8 best32. ;
230               informat x12 best32. ;
231               informat x13 best32. ;
232               informat x14 best32. ;
233               informat x15 best32. ;
234               informat x17 best32. ;
235               informat x18 best32. ;
236               informat y_bmi best32. ;
237               informat y_gfr best32. ;
238               informat y_bin_gfr best32. ;
239               informat W_bg best32. ;
240               informat W_hh best32. ;
241               informat W_sub best32. ;
242               informat W_bghhsub best32. ;
243               informat W_bghh best32. ;
244               informat W_hhsub best32. ;
245               informat bghhsub_s2 best32. ;
246               informat sub_s1 best32. ;
247               informat sub_s2 best32. ;
248               informat hh_s1 best32. ;
249               informat hh_s2 best32. ;
250               informat hhsub_s1 best32. ;
251               informat hhsub_s2 best32. ;
252               informat miss_ind best32. ;
253               informat miss_score best32. ;
254               informat miss_ind_mar best32. ;
255               informat miss_score_mar best32. ;
256               informat RR $19. ;
257               informat dat_num best32. ;
258               format strat best12. ;
259               format BGid best12. ;
260               format hhid best12. ;
261               format subid best12. ;
262               format v_num best12. ;
263               format hisp_strat $4. ;
7                                                          The SAS System                          19:55 Thursday, February 20, 2025

264               format age_base best12. ;
265               format age_strat $5. ;
266               format x0 best12. ;
267               format x1 best12. ;
268               format x2 best12. ;
269               format x3 best12. ;
270               format x4 best12. ;
271               format x6 best12. ;
272               format x8 best12. ;
273               format x12 best12. ;
274               format x13 best12. ;
275               format x14 best12. ;
276               format x15 best12. ;
277               format x17 best12. ;
278               format x18 best12. ;
279               format y_bmi best12. ;
280               format y_gfr best12. ;
281               format y_bin_gfr best12. ;
282               format W_bg best12. ;
283               format W_hh best12. ;
284               format W_sub best12. ;
285               format W_bghhsub best12. ;
286               format W_bghh best12. ;
287               format W_hhsub best12. ;
288               format bghhsub_s2 best12. ;
289               format sub_s1 best12. ;
290               format sub_s2 best12. ;
291               format hh_s1 best12. ;
292               format hh_s2 best12. ;
293               format hhsub_s1 best12. ;
294               format hhsub_s2 best12. ;
295               format miss_ind best12. ;
296               format miss_score best12. ;
297               format miss_ind_mar best12. ;
298               format miss_score_mar best12. ;
299               format RR $19. ;
300               format dat_num best12. ;
301            input
302                        strat
303                        BGid
304                        hhid
305                        subid
306                        v_num
307                        hisp_strat  $
308                        age_base
309                        age_strat  $
310                        x0
311                        x1
312                        x2
313                        x3
314                        x4
315                        x6
316                        x8
317                        x12
318                        x13
319                        x14
320                        x15
321                        x17
8                                                          The SAS System                          19:55 Thursday, February 20, 2025

322                        x18
323                        y_bmi
324                        y_gfr
325                        y_bin_gfr
326                        W_bg
327                        W_hh
328                        W_sub
329                        W_bghhsub
330                        W_bghh
331                        W_hhsub
332                        bghhsub_s2
333                        sub_s1
334                        sub_s2
335                        hh_s1
336                        hh_s2
337                        hhsub_s1
338                        hhsub_s2
339                        miss_ind
340                        miss_score
341                        miss_ind_mar
342                        miss_score_mar
343                        RR  $
344                        dat_num
345            ;
346            if _ERROR_ then call symputx('_EFIERR_',1);  /* set ERROR detection macro variable */
347            run;

NOTE: The infile 'J:/HCHS/STATISTICS/GRAS/QAngarita/HCHS_simulation/v3data/sample/samplemiss_2.csv' is:
      Filename=J:\HCHS\STATISTICS\GRAS\QAngarita\HCHS_simulation\v3data\sample\samplemiss_2.csv,
      RECFM=V,LRECL=32767,File Size (bytes)=8513630,
      Last Modified=20Feb2025:17:13:33,
      Create Time=20Feb2025:17:13:33

NOTE: 21510 records were read from the infile 'J:/HCHS/STATISTICS/GRAS/QAngarita/HCHS_simulation/v3data/sample/samplemiss_2.csv'.
      The minimum record length was 310.
      The maximum record length was 447.
NOTE: The data set SAMPLE.SAMPLEMISS_2 has 21510 observations and 43 variables.
NOTE: DATA statement used (Total process time):
      real time           0.34 seconds
      cpu time            0.06 seconds
      

21510 rows created in SAMPLE.SAMPLEMISS_2 from J:/HCHS/STATISTICS/GRAS/QAngarita/HCHS_simulation/v3data/sample/samplemiss_2.csv.
  
  
  
NOTE: SAMPLE.SAMPLEMISS_2 data set was successfully created.
NOTE: The data set SAMPLE.SAMPLEMISS_2 has 21510 observations and 43 variables.
NOTE: PROCEDURE IMPORT used (Total process time):
      real time           0.51 seconds
      cpu time            0.14 seconds
      


NOTE: Character values have been converted to numeric values at the places given by: (Line):(Column).
      347:245   
NOTE: Missing values were generated as a result of performing an operation on missing values.
      Each place is given by: (Number of times) at (Line):(Column).
9                                                          The SAS System                          19:55 Thursday, February 20, 2025

      4470 at 347:244   
NOTE: There were 21510 observations read from the data set SAMPLE.SAMPLEMISS_2.
NOTE: The data set SAMPLE.SAMPLEMISS_2 has 21510 observations and 46 variables.
NOTE: DATA statement used (Total process time):
      real time           0.23 seconds
      cpu time            0.00 seconds
      


NOTE: There were 21510 observations read from the data set SAMPLE.SAMPLEMISS_2.
NOTE: The data set SAMPLE.SAMPLEMISS_2 has 21510 observations and 46 variables.
NOTE: PROCEDURE SORT used (Total process time):
      real time           0.22 seconds
      cpu time            0.00 seconds
      


348         /**********************************************************************
349         *   PRODUCT:   SAS
350         *   VERSION:   9.4
351         *   CREATOR:   External File Interface
352         *   DATE:      20FEB25
353         *   DESC:      Generated SAS Datastep Code
354         *   TEMPLATE SOURCE:  (None Specified.)
355         ***********************************************************************/
356            data SAMPLE.SAMPLEMISS_3    ;
357            %let _EFIERR_ = 0; /* set the ERROR detection macro variable */
358            infile 'J:/HCHS/STATISTICS/GRAS/QAngarita/HCHS_simulation/v3data/sample/samplemiss_3.csv' delimiter = ',' MISSOVER
358      ! DSD lrecl=32767 firstobs=2 ;
359               informat strat best32. ;
360               informat BGid best32. ;
361               informat hhid best32. ;
362               informat subid best32. ;
363               informat v_num best32. ;
364               informat hisp_strat $4. ;
365               informat age_base best32. ;
366               informat age_strat $5. ;
367               informat x0 best32. ;
368               informat x1 best32. ;
369               informat x2 best32. ;
370               informat x3 best32. ;
371               informat x4 best32. ;
372               informat x6 best32. ;
373               informat x8 best32. ;
374               informat x12 best32. ;
375               informat x13 best32. ;
376               informat x14 best32. ;
377               informat x15 best32. ;
378               informat x17 best32. ;
379               informat x18 best32. ;
380               informat y_bmi best32. ;
381               informat y_gfr best32. ;
382               informat y_bin_gfr best32. ;
383               informat W_bg best32. ;
384               informat W_hh best32. ;
385               informat W_sub best32. ;
386               informat W_bghhsub best32. ;
387               informat W_bghh best32. ;
10                                                         The SAS System                          19:55 Thursday, February 20, 2025

388               informat W_hhsub best32. ;
389               informat bghhsub_s2 best32. ;
390               informat sub_s1 best32. ;
391               informat sub_s2 best32. ;
392               informat hh_s1 best32. ;
393               informat hh_s2 best32. ;
394               informat hhsub_s1 best32. ;
395               informat hhsub_s2 best32. ;
396               informat miss_ind best32. ;
397               informat miss_score best32. ;
398               informat miss_ind_mar best32. ;
399               informat miss_score_mar best32. ;
400               informat RR $19. ;
401               informat dat_num best32. ;
402               format strat best12. ;
403               format BGid best12. ;
404               format hhid best12. ;
405               format subid best12. ;
406               format v_num best12. ;
407               format hisp_strat $4. ;
408               format age_base best12. ;
409               format age_strat $5. ;
410               format x0 best12. ;
411               format x1 best12. ;
412               format x2 best12. ;
413               format x3 best12. ;
414               format x4 best12. ;
415               format x6 best12. ;
416               format x8 best12. ;
417               format x12 best12. ;
418               format x13 best12. ;
419               format x14 best12. ;
420               format x15 best12. ;
421               format x17 best12. ;
422               format x18 best12. ;
423               format y_bmi best12. ;
424               format y_gfr best12. ;
425               format y_bin_gfr best12. ;
426               format W_bg best12. ;
427               format W_hh best12. ;
428               format W_sub best12. ;
429               format W_bghhsub best12. ;
430               format W_bghh best12. ;
431               format W_hhsub best12. ;
432               format bghhsub_s2 best12. ;
433               format sub_s1 best12. ;
434               format sub_s2 best12. ;
435               format hh_s1 best12. ;
436               format hh_s2 best12. ;
437               format hhsub_s1 best12. ;
438               format hhsub_s2 best12. ;
439               format miss_ind best12. ;
440               format miss_score best12. ;
441               format miss_ind_mar best12. ;
442               format miss_score_mar best12. ;
443               format RR $19. ;
444               format dat_num best12. ;
445            input
11                                                         The SAS System                          19:55 Thursday, February 20, 2025

446                        strat
447                        BGid
448                        hhid
449                        subid
450                        v_num
451                        hisp_strat  $
452                        age_base
453                        age_strat  $
454                        x0
455                        x1
456                        x2
457                        x3
458                        x4
459                        x6
460                        x8
461                        x12
462                        x13
463                        x14
464                        x15
465                        x17
466                        x18
467                        y_bmi
468                        y_gfr
469                        y_bin_gfr
470                        W_bg
471                        W_hh
472                        W_sub
473                        W_bghhsub
474                        W_bghh
475                        W_hhsub
476                        bghhsub_s2
477                        sub_s1
478                        sub_s2
479                        hh_s1
480                        hh_s2
481                        hhsub_s1
482                        hhsub_s2
483                        miss_ind
484                        miss_score
485                        miss_ind_mar
486                        miss_score_mar
487                        RR  $
488                        dat_num
489            ;
490            if _ERROR_ then call symputx('_EFIERR_',1);  /* set ERROR detection macro variable */
491            run;

NOTE: The infile 'J:/HCHS/STATISTICS/GRAS/QAngarita/HCHS_simulation/v3data/sample/samplemiss_3.csv' is:
      Filename=J:\HCHS\STATISTICS\GRAS\QAngarita\HCHS_simulation\v3data\sample\samplemiss_3.csv,
      RECFM=V,LRECL=32767,File Size (bytes)=8496606,
      Last Modified=20Feb2025:17:13:33,
      Create Time=20Feb2025:17:13:32

NOTE: 21441 records were read from the infile 'J:/HCHS/STATISTICS/GRAS/QAngarita/HCHS_simulation/v3data/sample/samplemiss_3.csv'.
      The minimum record length was 304.
      The maximum record length was 448.
NOTE: The data set SAMPLE.SAMPLEMISS_3 has 21441 observations and 43 variables.
NOTE: DATA statement used (Total process time):
12                                                         The SAS System                          19:55 Thursday, February 20, 2025

      real time           0.19 seconds
      cpu time            0.00 seconds
      

21441 rows created in SAMPLE.SAMPLEMISS_3 from J:/HCHS/STATISTICS/GRAS/QAngarita/HCHS_simulation/v3data/sample/samplemiss_3.csv.
  
  
  
NOTE: SAMPLE.SAMPLEMISS_3 data set was successfully created.
NOTE: The data set SAMPLE.SAMPLEMISS_3 has 21441 observations and 43 variables.
NOTE: PROCEDURE IMPORT used (Total process time):
      real time           0.34 seconds
      cpu time            0.07 seconds
      


NOTE: Character values have been converted to numeric values at the places given by: (Line):(Column).
      491:245   
NOTE: Missing values were generated as a result of performing an operation on missing values.
      Each place is given by: (Number of times) at (Line):(Column).
      4381 at 491:244   
NOTE: There were 21441 observations read from the data set SAMPLE.SAMPLEMISS_3.
NOTE: The data set SAMPLE.SAMPLEMISS_3 has 21441 observations and 46 variables.
NOTE: DATA statement used (Total process time):
      real time           0.20 seconds
      cpu time            0.00 seconds
      


NOTE: There were 21441 observations read from the data set SAMPLE.SAMPLEMISS_3.
NOTE: The data set SAMPLE.SAMPLEMISS_3 has 21441 observations and 46 variables.
NOTE: PROCEDURE SORT used (Total process time):
      real time           0.19 seconds
      cpu time            0.00 seconds
      


492         /**********************************************************************
493         *   PRODUCT:   SAS
494         *   VERSION:   9.4
495         *   CREATOR:   External File Interface
496         *   DATE:      20FEB25
497         *   DESC:      Generated SAS Datastep Code
498         *   TEMPLATE SOURCE:  (None Specified.)
499         ***********************************************************************/
500            data SAMPLE.SAMPLEMISS_4    ;
501            %let _EFIERR_ = 0; /* set the ERROR detection macro variable */
502            infile 'J:/HCHS/STATISTICS/GRAS/QAngarita/HCHS_simulation/v3data/sample/samplemiss_4.csv' delimiter = ',' MISSOVER
502      ! DSD lrecl=32767 firstobs=2 ;
503               informat strat best32. ;
504               informat BGid best32. ;
505               informat hhid best32. ;
506               informat subid best32. ;
507               informat v_num best32. ;
508               informat hisp_strat $4. ;
509               informat age_base best32. ;
510               informat age_strat $5. ;
511               informat x0 best32. ;
13                                                         The SAS System                          19:55 Thursday, February 20, 2025

512               informat x1 best32. ;
513               informat x2 best32. ;
514               informat x3 best32. ;
515               informat x4 best32. ;
516               informat x6 best32. ;
517               informat x8 best32. ;
518               informat x12 best32. ;
519               informat x13 best32. ;
520               informat x14 best32. ;
521               informat x15 best32. ;
522               informat x17 best32. ;
523               informat x18 best32. ;
524               informat y_bmi best32. ;
525               informat y_gfr best32. ;
526               informat y_bin_gfr best32. ;
527               informat W_bg best32. ;
528               informat W_hh best32. ;
529               informat W_sub best32. ;
530               informat W_bghhsub best32. ;
531               informat W_bghh best32. ;
532               informat W_hhsub best32. ;
533               informat bghhsub_s2 best32. ;
534               informat sub_s1 best32. ;
535               informat sub_s2 best32. ;
536               informat hh_s1 best32. ;
537               informat hh_s2 best32. ;
538               informat hhsub_s1 best32. ;
539               informat hhsub_s2 best32. ;
540               informat miss_ind best32. ;
541               informat miss_score best32. ;
542               informat miss_ind_mar best32. ;
543               informat miss_score_mar best32. ;
544               informat RR $19. ;
545               informat dat_num best32. ;
546               format strat best12. ;
547               format BGid best12. ;
548               format hhid best12. ;
549               format subid best12. ;
550               format v_num best12. ;
551               format hisp_strat $4. ;
552               format age_base best12. ;
553               format age_strat $5. ;
554               format x0 best12. ;
555               format x1 best12. ;
556               format x2 best12. ;
557               format x3 best12. ;
558               format x4 best12. ;
559               format x6 best12. ;
560               format x8 best12. ;
561               format x12 best12. ;
562               format x13 best12. ;
563               format x14 best12. ;
564               format x15 best12. ;
565               format x17 best12. ;
566               format x18 best12. ;
567               format y_bmi best12. ;
568               format y_gfr best12. ;
569               format y_bin_gfr best12. ;
14                                                         The SAS System                          19:55 Thursday, February 20, 2025

570               format W_bg best12. ;
571               format W_hh best12. ;
572               format W_sub best12. ;
573               format W_bghhsub best12. ;
574               format W_bghh best12. ;
575               format W_hhsub best12. ;
576               format bghhsub_s2 best12. ;
577               format sub_s1 best12. ;
578               format sub_s2 best12. ;
579               format hh_s1 best12. ;
580               format hh_s2 best12. ;
581               format hhsub_s1 best12. ;
582               format hhsub_s2 best12. ;
583               format miss_ind best12. ;
584               format miss_score best12. ;
585               format miss_ind_mar best12. ;
586               format miss_score_mar best12. ;
587               format RR $19. ;
588               format dat_num best12. ;
589            input
590                        strat
591                        BGid
592                        hhid
593                        subid
594                        v_num
595                        hisp_strat  $
596                        age_base
597                        age_strat  $
598                        x0
599                        x1
600                        x2
601                        x3
602                        x4
603                        x6
604                        x8
605                        x12
606                        x13
607                        x14
608                        x15
609                        x17
610                        x18
611                        y_bmi
612                        y_gfr
613                        y_bin_gfr
614                        W_bg
615                        W_hh
616                        W_sub
617                        W_bghhsub
618                        W_bghh
619                        W_hhsub
620                        bghhsub_s2
621                        sub_s1
622                        sub_s2
623                        hh_s1
624                        hh_s2
625                        hhsub_s1
626                        hhsub_s2
627                        miss_ind
15                                                         The SAS System                          19:55 Thursday, February 20, 2025

628                        miss_score
629                        miss_ind_mar
630                        miss_score_mar
631                        RR  $
632                        dat_num
633            ;
634            if _ERROR_ then call symputx('_EFIERR_',1);  /* set ERROR detection macro variable */
635            run;

NOTE: The infile 'J:/HCHS/STATISTICS/GRAS/QAngarita/HCHS_simulation/v3data/sample/samplemiss_4.csv' is:
      Filename=J:\HCHS\STATISTICS\GRAS\QAngarita\HCHS_simulation\v3data\sample\samplemiss_4.csv,
      RECFM=V,LRECL=32767,File Size (bytes)=8322201,
      Last Modified=20Feb2025:17:13:32,
      Create Time=20Feb2025:17:13:32

NOTE: 21000 records were read from the infile 'J:/HCHS/STATISTICS/GRAS/QAngarita/HCHS_simulation/v3data/sample/samplemiss_4.csv'.
      The minimum record length was 313.
      The maximum record length was 448.
NOTE: The data set SAMPLE.SAMPLEMISS_4 has 21000 observations and 43 variables.
NOTE: DATA statement used (Total process time):
      real time           0.23 seconds
      cpu time            0.01 seconds
      

21000 rows created in SAMPLE.SAMPLEMISS_4 from J:/HCHS/STATISTICS/GRAS/QAngarita/HCHS_simulation/v3data/sample/samplemiss_4.csv.
  
  
  
NOTE: SAMPLE.SAMPLEMISS_4 data set was successfully created.
NOTE: The data set SAMPLE.SAMPLEMISS_4 has 21000 observations and 43 variables.
NOTE: PROCEDURE IMPORT used (Total process time):
      real time           0.39 seconds
      cpu time            0.06 seconds
      


NOTE: Character values have been converted to numeric values at the places given by: (Line):(Column).
      635:245   
NOTE: Missing values were generated as a result of performing an operation on missing values.
      Each place is given by: (Number of times) at (Line):(Column).
      4189 at 635:244   
NOTE: There were 21000 observations read from the data set SAMPLE.SAMPLEMISS_4.
NOTE: The data set SAMPLE.SAMPLEMISS_4 has 21000 observations and 46 variables.
NOTE: DATA statement used (Total process time):
      real time           0.18 seconds
      cpu time            0.00 seconds
      


NOTE: There were 21000 observations read from the data set SAMPLE.SAMPLEMISS_4.
NOTE: The data set SAMPLE.SAMPLEMISS_4 has 21000 observations and 46 variables.
NOTE: PROCEDURE SORT used (Total process time):
      real time           0.20 seconds
      cpu time            0.00 seconds
      


636         /**********************************************************************
16                                                         The SAS System                          19:55 Thursday, February 20, 2025

637         *   PRODUCT:   SAS
638         *   VERSION:   9.4
639         *   CREATOR:   External File Interface
640         *   DATE:      20FEB25
641         *   DESC:      Generated SAS Datastep Code
642         *   TEMPLATE SOURCE:  (None Specified.)
643         ***********************************************************************/
644            data SAMPLE.SAMPLEMISS_5    ;
645            %let _EFIERR_ = 0; /* set the ERROR detection macro variable */
646            infile 'J:/HCHS/STATISTICS/GRAS/QAngarita/HCHS_simulation/v3data/sample/samplemiss_5.csv' delimiter = ',' MISSOVER
646      ! DSD lrecl=32767 firstobs=2 ;
647               informat strat best32. ;
648               informat BGid best32. ;
649               informat hhid best32. ;
650               informat subid best32. ;
651               informat v_num best32. ;
652               informat hisp_strat $4. ;
653               informat age_base best32. ;
654               informat age_strat $5. ;
655               informat x0 best32. ;
656               informat x1 best32. ;
657               informat x2 best32. ;
658               informat x3 best32. ;
659               informat x4 best32. ;
660               informat x6 best32. ;
661               informat x8 best32. ;
662               informat x12 best32. ;
663               informat x13 best32. ;
664               informat x14 best32. ;
665               informat x15 best32. ;
666               informat x17 best32. ;
667               informat x18 best32. ;
668               informat y_bmi best32. ;
669               informat y_gfr best32. ;
670               informat y_bin_gfr best32. ;
671               informat W_bg best32. ;
672               informat W_hh best32. ;
673               informat W_sub best32. ;
674               informat W_bghhsub best32. ;
675               informat W_bghh best32. ;
676               informat W_hhsub best32. ;
677               informat bghhsub_s2 best32. ;
678               informat sub_s1 best32. ;
679               informat sub_s2 best32. ;
680               informat hh_s1 best32. ;
681               informat hh_s2 best32. ;
682               informat hhsub_s1 best32. ;
683               informat hhsub_s2 best32. ;
684               informat miss_ind best32. ;
685               informat miss_score best32. ;
686               informat miss_ind_mar best32. ;
687               informat miss_score_mar best32. ;
688               informat RR $19. ;
689               informat dat_num best32. ;
690               format strat best12. ;
691               format BGid best12. ;
692               format hhid best12. ;
693               format subid best12. ;
17                                                         The SAS System                          19:55 Thursday, February 20, 2025

694               format v_num best12. ;
695               format hisp_strat $4. ;
696               format age_base best12. ;
697               format age_strat $5. ;
698               format x0 best12. ;
699               format x1 best12. ;
700               format x2 best12. ;
701               format x3 best12. ;
702               format x4 best12. ;
703               format x6 best12. ;
704               format x8 best12. ;
705               format x12 best12. ;
706               format x13 best12. ;
707               format x14 best12. ;
708               format x15 best12. ;
709               format x17 best12. ;
710               format x18 best12. ;
711               format y_bmi best12. ;
712               format y_gfr best12. ;
713               format y_bin_gfr best12. ;
714               format W_bg best12. ;
715               format W_hh best12. ;
716               format W_sub best12. ;
717               format W_bghhsub best12. ;
718               format W_bghh best12. ;
719               format W_hhsub best12. ;
720               format bghhsub_s2 best12. ;
721               format sub_s1 best12. ;
722               format sub_s2 best12. ;
723               format hh_s1 best12. ;
724               format hh_s2 best12. ;
725               format hhsub_s1 best12. ;
726               format hhsub_s2 best12. ;
727               format miss_ind best12. ;
728               format miss_score best12. ;
729               format miss_ind_mar best12. ;
730               format miss_score_mar best12. ;
731               format RR $19. ;
732               format dat_num best12. ;
733            input
734                        strat
735                        BGid
736                        hhid
737                        subid
738                        v_num
739                        hisp_strat  $
740                        age_base
741                        age_strat  $
742                        x0
743                        x1
744                        x2
745                        x3
746                        x4
747                        x6
748                        x8
749                        x12
750                        x13
751                        x14
18                                                         The SAS System                          19:55 Thursday, February 20, 2025

752                        x15
753                        x17
754                        x18
755                        y_bmi
756                        y_gfr
757                        y_bin_gfr
758                        W_bg
759                        W_hh
760                        W_sub
761                        W_bghhsub
762                        W_bghh
763                        W_hhsub
764                        bghhsub_s2
765                        sub_s1
766                        sub_s2
767                        hh_s1
768                        hh_s2
769                        hhsub_s1
770                        hhsub_s2
771                        miss_ind
772                        miss_score
773                        miss_ind_mar
774                        miss_score_mar
775                        RR  $
776                        dat_num
777            ;
778            if _ERROR_ then call symputx('_EFIERR_',1);  /* set ERROR detection macro variable */
779            run;

NOTE: The infile 'J:/HCHS/STATISTICS/GRAS/QAngarita/HCHS_simulation/v3data/sample/samplemiss_5.csv' is:
      Filename=J:\HCHS\STATISTICS\GRAS\QAngarita\HCHS_simulation\v3data\sample\samplemiss_5.csv,
      RECFM=V,LRECL=32767,File Size (bytes)=8144293,
      Last Modified=20Feb2025:17:13:33,
      Create Time=20Feb2025:17:13:33

NOTE: 20565 records were read from the infile 'J:/HCHS/STATISTICS/GRAS/QAngarita/HCHS_simulation/v3data/sample/samplemiss_5.csv'.
      The minimum record length was 301.
      The maximum record length was 448.
NOTE: The data set SAMPLE.SAMPLEMISS_5 has 20565 observations and 43 variables.
NOTE: DATA statement used (Total process time):
      real time           0.22 seconds
      cpu time            0.06 seconds
      

20565 rows created in SAMPLE.SAMPLEMISS_5 from J:/HCHS/STATISTICS/GRAS/QAngarita/HCHS_simulation/v3data/sample/samplemiss_5.csv.
  
  
  
NOTE: SAMPLE.SAMPLEMISS_5 data set was successfully created.
NOTE: The data set SAMPLE.SAMPLEMISS_5 has 20565 observations and 43 variables.
NOTE: PROCEDURE IMPORT used (Total process time):
      real time           0.37 seconds
      cpu time            0.09 seconds
      


NOTE: Character values have been converted to numeric values at the places given by: (Line):(Column).
      779:245   
19                                                         The SAS System                          19:55 Thursday, February 20, 2025

NOTE: Missing values were generated as a result of performing an operation on missing values.
      Each place is given by: (Number of times) at (Line):(Column).
      4347 at 779:244   
NOTE: There were 20565 observations read from the data set SAMPLE.SAMPLEMISS_5.
NOTE: The data set SAMPLE.SAMPLEMISS_5 has 20565 observations and 46 variables.
NOTE: DATA statement used (Total process time):
      real time           0.25 seconds
      cpu time            0.00 seconds
      


NOTE: There were 20565 observations read from the data set SAMPLE.SAMPLEMISS_5.
NOTE: The data set SAMPLE.SAMPLEMISS_5 has 20565 observations and 46 variables.
NOTE: PROCEDURE SORT used (Total process time):
      real time           0.19 seconds
      cpu time            0.00 seconds
      

780        
781        proc printto; run;

