NOTE: PROCEDURE PRINTTO used (Total process time):
      real time           3.91 seconds
      cpu time            0.00 seconds
      

317  
318  
319  %macro impute_sudaan(n=, corr=);
320    %do i = 1 %to &n;
321      data samp;
322                          set sample.samplemiss_&i.;
323  
324                          /* log weight */
325                          logwt=log(bghhsub_s2);
326  
327  
328                          /* weight adjusted for non-response */
329                          bghhsub_s2_nr = bghhsub_s2/RR;
330  
331  
332                          /* combine strata */
333                          if mod(strat, 4)^=0 then strat_c4 = mod(strat, 4);
334                          else strat_c4 = 4;
335  
336                          age_strat_new = 1*(age_base>=45);
337                          hisp_strat_new=1*(hisp_strat='TRUE');
338                          hisp_age = hisp_strat_new * age_strat_new;
339                          age_wt = age_strat_new* bghhsub_s2;
340                          his_wt = hisp_strat_new* bghhsub_s2;
341  
342                          if strat_c4 = 1 then do;
343                                  age_str_1 = age_strat_new;
344                                  age_str_2 = 0;
345                                  age_str_3 = 0;
346                                  his_str_1 = hisp_strat_new;
347                                  his_str_2 = 0;
348                                  his_str_3 = 0;
349                                  age_his_str_1 = age_strat_new *
349! hisp_strat_new;
350                                  age_his_str_2 = 0;
351                                  age_his_str_3 = 0;
352                                  strat_1 = 1;
353                                  strat_2 = 0;
354                                  strat_3 = 0;
355                                  strat_wt_1 = bghhsub_s2;
356                                  strat_wt_2 = 0;
357                                  strat_wt_3 = 0;
358                          end;
359                          if strat_c4 = 2 then do;
360                                  age_str_2 = age_strat_new;
361                                  age_str_1 = 0;
362                                  age_str_3 = 0;
363                                  his_str_2 = hisp_strat_new;
364                                  his_str_1 = 0;
365                                  his_str_3 = 0;
366                                  age_his_str_2 = age_strat_new *
366! hisp_strat_new;
367                                  age_his_str_1 = 0;
368                                  age_his_str_3 = 0;
369                                  strat_2 = 1;
370                                  strat_1 = 0;
371                                  strat_3 = 0;
372                                  strat_wt_2 = bghhsub_s2;
373                                  strat_wt_1 = 0;
374                                  strat_wt_3 = 0;
375                          end;
376                          if strat_c4 = 3 then do;
377                                  age_str_3 = age_strat_new;
378                                  age_str_2 = 0;
379                                  age_str_1 = 0;
380                                  his_str_3 = hisp_strat_new;
381                                  his_str_2 = 0;
382                                  his_str_1 = 0;
383                                  age_his_str_3 = age_strat_new *
383! hisp_strat_new;
384                                  age_his_str_2 = 0;
385                                  age_his_str_1 = 0;
386                                  strat_3 = 1;
387                                  strat_2 = 0;
388                                  strat_1 = 0;
389                                  strat_wt_3 = bghhsub_s2;
390                                  strat_wt_2 = 0;
391                                  strat_wt_1 = 0;
392                          end;
393                          if strat_c4 = 4 then do;
394                                  age_str_3 = 0;
395                                  age_str_2 = 0;
396                                  age_str_1 = 0;
397                                  his_str_3 = 0;
398                                  his_str_2 = 0;
399                                  his_str_1 = 0;
400                                  age_his_str_3 = 0;
401                                  age_his_str_2 = 0;
402                                  age_his_str_1 = 0;
403                                  strat_3 = 0;
404                                  strat_2 = 0;
405                                  strat_1 = 0;
406                                  strat_wt_3 = 0;
407                                  strat_wt_2 = 0;
408                                  strat_wt_1 = 0;
409                          end;
410  
411                          WHERE miss_ind_mar = 0;
412          run;
413  
414  
415                  /* Transform from long to wide */
416                  /* This step is the preparation step for multiple
416! imputation */
417                  data samp_1 samp_2 samp_3;
418                      set SAMP;
419                      if V_NUM = 1 then output SAMP_1(rename=(x6=x6_1
419! y_bmi=y_bmi_1 y_gfr=y_gfr_1 bghhsub_s2_nr=w_nr_1));
420                      else if V_NUM = 2 then output SAMP_2(rename=(x6=x6_2
420! y_bmi=y_bmi_2 y_gfr=y_gfr_2 bghhsub_s2_nr=w_nr_2));
421                      else if V_NUM = 3 then output SAMP_3(rename=(x6=x6_3
421! y_bmi=y_bmi_3 y_gfr=y_gfr_3 bghhsub_s2_nr=w_nr_3));
422                  run;
423  
424                  proc sort data = samp_1; by subid; run;
425                  proc sort data = samp_2; by subid; run;
426                  proc sort data = samp_3; by subid; run;
427  
428                  dat samp_wide;
429                          MERGE SAMP_1-SAMP_3;
430                          BY SUBID;
431  
432                          IF MISSING(x6_2) = 1 THEN v2miss = 1;
433                          else v2miss=0;
434  
435                          IF MISSING(x6_3) = 1 THEN v3miss = 1;
436                          else v3miss=0;
437  
438                          age_x17 = age_strat_new * x17;
439                          inverse_weight = 1/bghhsub_s2;
440  
441                          logw = log(bghhsub_s2);
442                  run;
443  
444                  proc sort data = samp_wide;
445                   by subid;
446                  run;
447  
448                  proc means data = samp_wide;
449                          var bghhsub_s2;
450                          output out=ss p20=p20 p40=p40 p60=p60 p80=p80;
451                  run;
452  
453                  data samp_wide;
454                          if _n_ = 1 then set ss;
455                          set samp_wide;
456                          if bghhsub_s2 <= p20 then weight_cat = 1;
457                          else if bghhsub_s2 <= p40 then weight_cat = 2;
458                          else if bghhsub_s2 <= p60 then weight_cat = 3;
459                          else if bghhsub_s2 <= p80 then weight_cat = 4;
460                          else weight_cat = 5;
461                  run;
462  
463                  PROC MEANS DATA = SAMP_WIDE n nmiss;
464                       Var  x17 x12 x18 y_bmi_1-y_bmi_3 age_strat_new
465                                  x6_2-x6_3 y_gfr_1-y_gfr_3
466                                  x14 x12 w_nr_1 w_nr_2 w_nr_3;
467                  output out= mi_miss nmiss=;
468                  run;
469  
470                  PROC TRANSPOSE DATA = MI_MISS(DROP=_TYPE_ _FREQ_)
470! OUT=MI_LONG;
471                  RUN;
472  
473                  PROC SORT DATA = MI_LONG;
474                          BY COL1;
475                  RUN;
476  
477                  proc sql noprint;
478                          select distinct _name_ into:var separated by ' '
478! from mi_long;
479                  quit;
480                  %put &var.;
481  
482                  do j = 1 to 10;
483                      proc surveyimpute data=samp_wide method=hd;
484                              var &var.;
485                              %if %sysfunc(find(x14 x12 w_nr_1 w_nr_2 w_nr_3,
485!  weight_cat)) ge 1 %then %do;
486                                          weight weight_cat;
487                              %end;
488                              %else %if %sysfunc(find(x14 x12 w_nr_1 w_nr_2
488! w_nr_3, bghhsub_s2)) ge 1 %then %do;
489                                          weight bghhsub_s2;
490                              %end;
491                              id subid;
492                              strata strat_recoded;
493                              cluster hhid;
494                              output out=samp_complete_&j.;
495                      run;
496  
497                      data samp_complete_&j.;
498                          imputation = &j;
499                      run;
500                  end;
501  
502                  data samp_complete;
503                      set samp_complete_1 - samp_complete_10;
504                  run;
505      /*
506                  proc surveyimpute data=samp_wide method=hd;
507                              var &var.;
508                              weight bghhsub_s2;
509                              id subid;
510                              strata strat_recoded;
511                              cluster hhid;
512                              output out=SAMP_COMPLETE;
513                  run;
514  
515  
516                  PROC IMPUTE DATA=samp_wide FILETYPE=SAS  method=wshd icnum
516! notsorted;
517                        WEIGHT bghhsub_s2;
518                        IMPID subid;
519                        impby &var.;
520                        IMPVAR x6_2-x6_3 y_gfr_2-y_gfr_3 y_bmi_2-y_bmi_3 /
520! MULTIMP=4;
521                        SETENV LABWIDTH=12;
522  
523                        OUTPUT / IMPUTE=DEFAULT filename=SAMP_COMPLETE
523! FILETYPE=SAS REPLACE;
524  
525                        RTITLE "Hot-Deck Imputation in SUDAAN using
525! conditional weight";
526                  RUN;
527      */
528  
529                      /* Transform the imputed datasets from wide format to
529! long */
530                  data samp_long;
531                          set samp_complete;
532                          v_num = 1;
533                          x6 = x6_1;
534                          y_bmi = y_bmi_1;
535                          y_gfr = y_gfr_1;
536                          output;
537  
538                          v_num = 2;
539                          x6 = x6_2;
540                          y_bmi = y_bmi_2;
541                          y_gfr = y_gfr_2;
542                          output;
543  
544                          v_num = 3;
545                          x6 = x6_3;
546                          y_bmi = y_bmi_3;
547                          y_gfr = y_gfr_3;
548                          output;
549                  run;
550  
551                      * Fit regress model from sudaan using &corr matrix;
552                  proc sort data = samp_long;  by strat_recoded; run;
553                  options pagesize=60 linesize=80;
554                  proc regress data = samp_long filetype=sas r=&corr
554! semethod=zeger;
555                      %if &corr. = exchangeable %then %do;
556                          nest strat_recoded hhid / psulev=2 ;
557                      %end;
558                      %else %do;
559                          nest strat_recoded hhid;
560                      %end;
561                  weight bghhsub_s2; *bghhsub_s2_nr;
562                  model y_gfr = x17 x12 x18 y_bmi age_strat_new x6;
563                  output beta sebeta p_beta t_beta /
563! filename=betas_imp_&corr._&i._ filetype=sas replace;
564                  run;
565    %end;
566  %mend impute_sudaan;
567  
568  %impute_sudaan(n=1, corr= exchangeable);

NOTE: There were 15853 observations read from the data set SAMPLE.SAMPLEMISS_1.
      WHERE miss_ind_mar=0;
NOTE: The data set WORK.SAMP has 15853 observations and 70 variables.
NOTE: DATA statement used (Total process time):
      real time           0.66 seconds
      cpu time            0.00 seconds
      

NOTE: DATA statement used (Total process time):
      real time           0.01 seconds
      cpu time            0.00 seconds
      
NOTE: The SAS System stopped processing this step because of errors.
WARNING: The data set WORK.SAMP_1 may be incomplete.  When this step was 
         stopped there were 0 observations and 70 variables.
WARNING: Data set WORK.SAMP_1 was not replaced because this step was stopped.
WARNING: The data set WORK.SAMP_2 may be incomplete.  When this step was 
         stopped there were 0 observations and 70 variables.
WARNING: Data set WORK.SAMP_2 was not replaced because this step was stopped.
WARNING: The data set WORK.SAMP_3 may be incomplete.  When this step was 
         stopped there were 0 observations and 70 variables.
WARNING: Data set WORK.SAMP_3 was not replaced because this step was stopped.
NOTE: Line generated by the invoked macro "IMPUTE_SUDAAN".
25   (rename=(x6=x6_1 y_bmi=y_bmi_1 y_gfr=y_gfr_1 bghhsub_s2_nr=w_nr_1));
     -
----                                                                            
     22
180    
     76
25 !               else if V_NUM = 2 then output SAMP_2(rename=(x6=x6_2

ERROR 22-322: Syntax error, expecting one of the following: a name, 
              a quoted string, ;, RC, _DATA_, _LAST_, _NULL_.  

ERROR 180-322: Statement is not valid or it is used out of proper order.

ERROR 76-322: Syntax error, statement will be ignored.


NOTE: Line generated by the invoked macro "IMPUTE_SUDAAN".
25   else if V_NUM = 2 then output SAMP_2(rename=(x6=x6_2 y_bmi=y_bmi_2

-----                                                                           

180
25 ! y_gfr=y_gfr_2 bghhsub_s2_nr=w_nr_2));                     else if V_NUM = 3

ERROR 180-322: Statement is not valid or it is used out of proper order.

NOTE: Line generated by the invoked macro "IMPUTE_SUDAAN".
25                        else if V_NUM = 3 then output SAMP_3

----                                                                            

180

ERROR 180-322: Statement is not valid or it is used out of proper order.


NOTE: Input data set is already sorted, no sorting done.
NOTE: PROCEDURE SORT used (Total process time):
      real time           0.02 seconds
      cpu time            0.00 seconds
      


NOTE: Input data set is already sorted, no sorting done.
NOTE: PROCEDURE SORT used (Total process time):
      real time           0.00 seconds
      cpu time            0.00 seconds
      


NOTE: Input data set is already sorted, no sorting done.
NOTE: PROCEDURE SORT used (Total process time):
      real time           0.00 seconds
      cpu time            0.00 seconds
      

NOTE: Line generated by the invoked macro "IMPUTE_SUDAAN".
27   dat samp_wide;                         MERGE SAMP_1-SAMP_3;
     ---
     14

WARNING 14-169: Assuming the symbol DATA was misspelled as dat.

NOTE: There were 6874 observations read from the data set WORK.SAMP_1.
NOTE: There were 4455 observations read from the data set WORK.SAMP_2.
NOTE: There were 4524 observations read from the data set WORK.SAMP_3.
NOTE: The data set WORK.SAMP_WIDE has 6874 observations and 83 variables.
NOTE: DATA statement used (Total process time):
      real time           0.02 seconds
      cpu time            0.00 seconds
      


NOTE: There were 6874 observations read from the data set WORK.SAMP_WIDE.
NOTE: The data set WORK.SAMP_WIDE has 6874 observations and 83 variables.
NOTE: PROCEDURE SORT used (Total process time):
      real time           0.02 seconds
      cpu time            0.00 seconds
      


NOTE: There were 6874 observations read from the data set WORK.SAMP_WIDE.
NOTE: The data set WORK.SS has 1 observations and 6 variables.
NOTE: PROCEDURE MEANS used (Total process time):
      real time           0.09 seconds
      cpu time            0.00 seconds
      


NOTE: There were 1 observations read from the data set WORK.SS.
NOTE: There were 6874 observations read from the data set WORK.SAMP_WIDE.
NOTE: The data set WORK.SAMP_WIDE has 6874 observations and 90 variables.
NOTE: DATA statement used (Total process time):
      real time           0.01 seconds
      cpu time            0.00 seconds
      


NOTE: There were 6874 observations read from the data set WORK.SAMP_WIDE.
NOTE: The data set WORK.MI_MISS has 1 observations and 18 variables.
NOTE: PROCEDURE MEANS used (Total process time):
      real time           0.05 seconds
      cpu time            0.01 seconds
      


NOTE: There were 1 observations read from the data set WORK.MI_MISS.
NOTE: The data set WORK.MI_LONG has 16 observations and 2 variables.
NOTE: PROCEDURE TRANSPOSE used (Total process time):
      real time           0.02 seconds
      cpu time            0.00 seconds
      


NOTE: There were 16 observations read from the data set WORK.MI_LONG.
NOTE: The data set WORK.MI_LONG has 16 observations and 2 variables.
NOTE: PROCEDURE SORT used (Total process time):
      real time           0.01 seconds
      cpu time            0.00 seconds
      

NOTE: PROCEDURE SQL used (Total process time):
      real time           0.00 seconds
      cpu time            0.00 seconds
      

age_strat_new w_nr_1 w_nr_2 w_nr_3 x12 x14 x17 x18 x6_2 x6_3 y_bmi_1 y_bmi_2 
y_bmi_3 y_gfr_1 y_gfr_2 y_gfr_3
NOTE: Line generated by the invoked macro "IMPUTE_SUDAAN".
39                     do j = 1 to 10;
                       --
                       180

ERROR 180-322: Statement is not valid or it is used out of proper order.

WARNING: Apparent symbolic reference J not resolved.
NOTE 137-205: Line generated by the invoked macro "IMPUTE_SUDAAN".
41                                id subid;                             strata
41 ! strat_recoded;                             cluster hhid;
41 !           output out=samp_complete_&j.;                     run;
                                        -
                                        22
41 !            data
ERROR 22-322: Syntax error, expecting one of the following: ;, (, DONORID, 
              FRACTIONALWEIGHTS, IMPADJWEIGHTS, IMPINDEX, IMPSTATUS, OBSID, 
              OUT, OUTCONTLEVELS, OUTJKCOEFS.  

NOTE: Line generated by the invoked macro "IMPUTE_SUDAAN".
41                                id subid;                             strata
41 ! strat_recoded;                             cluster hhid;
41 !           output out=samp_complete_&j.;                     run;
                                        -
                                        200
41 !            data
ERROR 200-322: The symbol is not recognized and will be ignored.

NOTE: PROCEDURE SURVEYIMPUTE used (Total process time):
      real time           0.01 seconds
      cpu time            0.00 seconds
      
WARNING: Apparent symbolic reference J not resolved.
NOTE: The SAS System stopped processing this step because of errors.
WARNING: The data set WORK.SAMP_COMPLETE_ may be incomplete.  When this step 
         was stopped there were 0 observations and 0 variables.
WARNING: Apparent symbolic reference J not resolved.


22: LINE and COLUMN cannot be determined.
NOTE 242-205: NOSPOOL is on. Rerunning with OPTION SPOOL might allow recovery 
              of the LINE and COLUMN where the error has occurred.
ERROR 22-322: Syntax error, expecting one of the following: a name, 
              a quoted string, (, /, ;, _DATA_, _LAST_, _NULL_.  
200: LINE and COLUMN cannot be determined.
NOTE: NOSPOOL is on. Rerunning with OPTION SPOOL might allow recovery of the 
      LINE and COLUMN where the error has occurred.
ERROR 200-322: The symbol is not recognized and will be ignored.
22: LINE and COLUMN cannot be determined.
NOTE 242-205: NOSPOOL is on. Rerunning with OPTION SPOOL might allow recovery 
              of the LINE and COLUMN where the error has occurred.
ERROR 22-322: Syntax error, expecting one of the following: a name, 
              a quoted string, a numeric constant, a datetime constant, 
              a missing value, INPUT, PUT.  
WARNING: Apparent symbolic reference J not resolved.

NOTE: The SAS System stopped processing this step because of errors.
WARNING: The data set WORK.SAMP_COMPLETE_ may be incomplete.  When this step 
         was stopped there were 0 observations and 2 variables.
WARNING: Data set WORK.SAMP_COMPLETE_ was not replaced because this step was 
         stopped.
NOTE: DATA statement used (Total process time):
      real time           0.00 seconds
      cpu time            0.00 seconds
      

180: LINE and COLUMN cannot be determined.
NOTE: NOSPOOL is on. Rerunning with OPTION SPOOL might allow recovery of the 
      LINE and COLUMN where the error has occurred.
ERROR 180-322: Statement is not valid or it is used out of proper order.
ERROR: File WORK.SAMP_COMPLETE_1.DATA does not exist.
ERROR: File WORK.SAMP_COMPLETE_2.DATA does not exist.
ERROR: File WORK.SAMP_COMPLETE_3.DATA does not exist.
ERROR: File WORK.SAMP_COMPLETE_4.DATA does not exist.
ERROR: File WORK.SAMP_COMPLETE_5.DATA does not exist.
ERROR: File WORK.SAMP_COMPLETE_6.DATA does not exist.
ERROR: File WORK.SAMP_COMPLETE_7.DATA does not exist.
ERROR: File WORK.SAMP_COMPLETE_8.DATA does not exist.
ERROR: File WORK.SAMP_COMPLETE_9.DATA does not exist.
ERROR: File WORK.SAMP_COMPLETE_10.DATA does not exist.
NOTE: The SAS System stopped processing this step because of errors.
WARNING: The data set WORK.SAMP_COMPLETE may be incomplete.  When this step was 
         stopped there were 0 observations and 0 variables.
WARNING: Data set WORK.SAMP_COMPLETE was not replaced because this step was 
         stopped.
NOTE: DATA statement used (Total process time):
      real time           0.00 seconds
      cpu time            0.00 seconds
      


NOTE: There were 6874 observations read from the data set WORK.SAMP_COMPLETE.
NOTE: The data set WORK.SAMP_LONG has 20622 observations and 94 variables.
NOTE: DATA statement used (Total process time):
      real time           0.03 seconds
      cpu time            0.01 seconds
      


NOTE: There were 20622 observations read from the data set WORK.SAMP_LONG.
NOTE: The data set WORK.SAMP_LONG has 20622 observations and 94 variables.
NOTE: PROCEDURE SORT used (Total process time):
      real time           0.06 seconds
      cpu time            0.04 seconds
      


 
************************************************************
SUDAAN Release 11.0.3, Build 331
SAS-Callable, Individual PC, 32 bit version
Serial Number A0004505 for 10 user(s) is licensed to
UNC-CH (CSCC).
This license expires on October 16, 2025.
************************************************************
 
 
 
 
Opened SAS data file SAMP_LONG for reading.
 
Opened SAS data file BETAS_IMP_EXCHANGEABLE_1_ for writing.
Note:
 7 records written to file BETAS_IMP_EXCHANGEABLE_1_
NOTE: PROCEDURE REGRESS used (Total process time):
      real time           0.30 seconds
      cpu time            0.14 seconds
      


569  %impute_sudaan(n=1, corr= exchangeable);

NOTE: There were 15853 observations read from the data set SAMPLE.SAMPLEMISS_1.
      WHERE miss_ind_mar=0;
NOTE: The data set WORK.SAMP has 15853 observations and 70 variables.
NOTE: DATA statement used (Total process time):
      real time           0.12 seconds
      cpu time            0.00 seconds
      

NOTE: DATA statement used (Total process time):
      real time           0.01 seconds
      cpu time            0.00 seconds
      
NOTE: The SAS System stopped processing this step because of errors.
WARNING: The data set WORK.SAMP_1 may be incomplete.  When this step was 
         stopped there were 0 observations and 70 variables.
WARNING: Data set WORK.SAMP_1 was not replaced because this step was stopped.
WARNING: The data set WORK.SAMP_2 may be incomplete.  When this step was 
         stopped there were 0 observations and 70 variables.
WARNING: Data set WORK.SAMP_2 was not replaced because this step was stopped.
WARNING: The data set WORK.SAMP_3 may be incomplete.  When this step was 
         stopped there were 0 observations and 70 variables.
WARNING: Data set WORK.SAMP_3 was not replaced because this step was stopped.
NOTE: Line generated by the invoked macro "IMPUTE_SUDAAN".
25   (rename=(x6=x6_1 y_bmi=y_bmi_1 y_gfr=y_gfr_1 bghhsub_s2_nr=w_nr_1));
     -
----                                                                            
     22
180    
     76
25 !               else if V_NUM = 2 then output SAMP_2(rename=(x6=x6_2

ERROR 22-322: Syntax error, expecting one of the following: a name, 
              a quoted string, ;, RC, _DATA_, _LAST_, _NULL_.  

ERROR 180-322: Statement is not valid or it is used out of proper order.

ERROR 76-322: Syntax error, statement will be ignored.


NOTE: Line generated by the invoked macro "IMPUTE_SUDAAN".
25   else if V_NUM = 2 then output SAMP_2(rename=(x6=x6_2 y_bmi=y_bmi_2

-----                                                                           

180
25 ! y_gfr=y_gfr_2 bghhsub_s2_nr=w_nr_2));                     else if V_NUM = 3

ERROR 180-322: Statement is not valid or it is used out of proper order.

NOTE: Line generated by the invoked macro "IMPUTE_SUDAAN".
25                        else if V_NUM = 3 then output SAMP_3

----                                                                            

180

ERROR 180-322: Statement is not valid or it is used out of proper order.


NOTE: Input data set is already sorted, no sorting done.
NOTE: PROCEDURE SORT used (Total process time):
      real time           0.00 seconds
      cpu time            0.00 seconds
      


NOTE: Input data set is already sorted, no sorting done.
NOTE: PROCEDURE SORT used (Total process time):
      real time           0.00 seconds
      cpu time            0.00 seconds
      


NOTE: Input data set is already sorted, no sorting done.
NOTE: PROCEDURE SORT used (Total process time):
      real time           0.00 seconds
      cpu time            0.00 seconds
      

NOTE: Line generated by the invoked macro "IMPUTE_SUDAAN".
27   dat samp_wide;                         MERGE SAMP_1-SAMP_3;
     ---
     14

WARNING 14-169: Assuming the symbol DATA was misspelled as dat.

NOTE: There were 6874 observations read from the data set WORK.SAMP_1.
NOTE: There were 4455 observations read from the data set WORK.SAMP_2.
NOTE: There were 4524 observations read from the data set WORK.SAMP_3.
NOTE: The data set WORK.SAMP_WIDE has 6874 observations and 83 variables.
NOTE: DATA statement used (Total process time):
      real time           0.02 seconds
      cpu time            0.01 seconds
      


NOTE: There were 6874 observations read from the data set WORK.SAMP_WIDE.
NOTE: The data set WORK.SAMP_WIDE has 6874 observations and 83 variables.
NOTE: PROCEDURE SORT used (Total process time):
      real time           0.02 seconds
      cpu time            0.00 seconds
      


NOTE: There were 6874 observations read from the data set WORK.SAMP_WIDE.
NOTE: The data set WORK.SS has 1 observations and 6 variables.
NOTE: PROCEDURE MEANS used (Total process time):
      real time           0.04 seconds
      cpu time            0.00 seconds
      


NOTE: There were 1 observations read from the data set WORK.SS.
NOTE: There were 6874 observations read from the data set WORK.SAMP_WIDE.
NOTE: The data set WORK.SAMP_WIDE has 6874 observations and 90 variables.
NOTE: DATA statement used (Total process time):
      real time           0.01 seconds
      cpu time            0.01 seconds
      


NOTE: There were 6874 observations read from the data set WORK.SAMP_WIDE.
NOTE: The data set WORK.MI_MISS has 1 observations and 18 variables.
NOTE: PROCEDURE MEANS used (Total process time):
      real time           0.06 seconds
      cpu time            0.03 seconds
      


NOTE: There were 1 observations read from the data set WORK.MI_MISS.
NOTE: The data set WORK.MI_LONG has 16 observations and 2 variables.
NOTE: PROCEDURE TRANSPOSE used (Total process time):
      real time           0.04 seconds
      cpu time            0.00 seconds
      


NOTE: There were 16 observations read from the data set WORK.MI_LONG.
NOTE: The data set WORK.MI_LONG has 16 observations and 2 variables.
NOTE: PROCEDURE SORT used (Total process time):
      real time           0.00 seconds
      cpu time            0.00 seconds
      

NOTE: PROCEDURE SQL used (Total process time):
      real time           0.00 seconds
      cpu time            0.00 seconds
      

age_strat_new w_nr_1 w_nr_2 w_nr_3 x12 x14 x17 x18 x6_2 x6_3 y_bmi_1 y_bmi_2 
y_bmi_3 y_gfr_1 y_gfr_2 y_gfr_3
NOTE: Line generated by the invoked macro "IMPUTE_SUDAAN".
39                     do j = 1 to 10;
                       --
                       180

ERROR 180-322: Statement is not valid or it is used out of proper order.

WARNING: Apparent symbolic reference J not resolved.
NOTE 137-205: Line generated by the invoked macro "IMPUTE_SUDAAN".
41                                id subid;                             strata
41 ! strat_recoded;                             cluster hhid;
41 !           output out=samp_complete_&j.;                     run;
                                        -
                                        22
41 !            data
ERROR 22-322: Syntax error, expecting one of the following: ;, (, DONORID, 
              FRACTIONALWEIGHTS, IMPADJWEIGHTS, IMPINDEX, IMPSTATUS, OBSID, 
              OUT, OUTCONTLEVELS, OUTJKCOEFS.  

NOTE: Line generated by the invoked macro "IMPUTE_SUDAAN".
41                                id subid;                             strata
41 ! strat_recoded;                             cluster hhid;
41 !           output out=samp_complete_&j.;                     run;
                                        -
                                        200
41 !            data
ERROR 200-322: The symbol is not recognized and will be ignored.

NOTE: PROCEDURE SURVEYIMPUTE used (Total process time):
      real time           0.00 seconds
      cpu time            0.00 seconds
      
WARNING: Apparent symbolic reference J not resolved.
NOTE: The SAS System stopped processing this step because of errors.
WARNING: The data set WORK.SAMP_COMPLETE_ may be incomplete.  When this step 
         was stopped there were 0 observations and 0 variables.
WARNING: Data set WORK.SAMP_COMPLETE_ was not replaced because this step was 
         stopped.
WARNING: Apparent symbolic reference J not resolved.


22: LINE and COLUMN cannot be determined.
NOTE 242-205: NOSPOOL is on. Rerunning with OPTION SPOOL might allow recovery 
              of the LINE and COLUMN where the error has occurred.
ERROR 22-322: Syntax error, expecting one of the following: a name, 
              a quoted string, (, /, ;, _DATA_, _LAST_, _NULL_.  
200: LINE and COLUMN cannot be determined.
NOTE: NOSPOOL is on. Rerunning with OPTION SPOOL might allow recovery of the 
      LINE and COLUMN where the error has occurred.
ERROR 200-322: The symbol is not recognized and will be ignored.
22: LINE and COLUMN cannot be determined.
NOTE 242-205: NOSPOOL is on. Rerunning with OPTION SPOOL might allow recovery 
              of the LINE and COLUMN where the error has occurred.
ERROR 22-322: Syntax error, expecting one of the following: a name, 
              a quoted string, a numeric constant, a datetime constant, 
              a missing value, INPUT, PUT.  
WARNING: Apparent symbolic reference J not resolved.

NOTE: The SAS System stopped processing this step because of errors.
WARNING: The data set WORK.SAMP_COMPLETE_ may be incomplete.  When this step 
         was stopped there were 0 observations and 2 variables.
WARNING: Data set WORK.SAMP_COMPLETE_ was not replaced because this step was 
         stopped.
NOTE: DATA statement used (Total process time):
      real time           0.00 seconds
      cpu time            0.00 seconds
      

180: LINE and COLUMN cannot be determined.
NOTE: NOSPOOL is on. Rerunning with OPTION SPOOL might allow recovery of the 
      LINE and COLUMN where the error has occurred.
ERROR 180-322: Statement is not valid or it is used out of proper order.
ERROR: File WORK.SAMP_COMPLETE_1.DATA does not exist.
ERROR: File WORK.SAMP_COMPLETE_2.DATA does not exist.
ERROR: File WORK.SAMP_COMPLETE_3.DATA does not exist.
ERROR: File WORK.SAMP_COMPLETE_4.DATA does not exist.
ERROR: File WORK.SAMP_COMPLETE_5.DATA does not exist.
ERROR: File WORK.SAMP_COMPLETE_6.DATA does not exist.
ERROR: File WORK.SAMP_COMPLETE_7.DATA does not exist.
ERROR: File WORK.SAMP_COMPLETE_8.DATA does not exist.
ERROR: File WORK.SAMP_COMPLETE_9.DATA does not exist.
ERROR: File WORK.SAMP_COMPLETE_10.DATA does not exist.
NOTE: The SAS System stopped processing this step because of errors.
WARNING: The data set WORK.SAMP_COMPLETE may be incomplete.  When this step was 
         stopped there were 0 observations and 0 variables.
WARNING: Data set WORK.SAMP_COMPLETE was not replaced because this step was 
         stopped.
NOTE: DATA statement used (Total process time):
      real time           0.00 seconds
      cpu time            0.00 seconds
      


NOTE: There were 6874 observations read from the data set WORK.SAMP_COMPLETE.
NOTE: The data set WORK.SAMP_LONG has 20622 observations and 94 variables.
NOTE: DATA statement used (Total process time):
      real time           0.03 seconds
      cpu time            0.01 seconds
      


NOTE: There were 20622 observations read from the data set WORK.SAMP_LONG.
NOTE: The data set WORK.SAMP_LONG has 20622 observations and 94 variables.
NOTE: PROCEDURE SORT used (Total process time):
      real time           0.05 seconds
      cpu time            0.04 seconds
      


 
************************************************************
SUDAAN Release 11.0.3, Build 331
SAS-Callable, Individual PC, 32 bit version
Serial Number A0004505 for 10 user(s) is licensed to
UNC-CH (CSCC).
This license expires on October 16, 2025.
************************************************************
 
 
 
 
Opened SAS data file SAMP_LONG for reading.
 
Opened SAS data file BETAS_IMP_EXCHANGEABLE_1_ for writing.
Note:
 7 records written to file BETAS_IMP_EXCHANGEABLE_1_
NOTE: PROCEDURE REGRESS used (Total process time):
      real time           0.27 seconds
      cpu time            0.09 seconds
      


570  proc print data = samp_long(obs=1); run;

NOTE: There were 1 observations read from the data set WORK.SAMP_LONG.
NOTE: PROCEDURE PRINT used (Total process time):
      real time           0.04 seconds
      cpu time            0.01 seconds
      


571  proc print data = samp_complete_1(obs=1); run;
ERROR: File WORK.SAMP_COMPLETE_1.DATA does not exist.

NOTE: The SAS System stopped processing this step because of errors.
NOTE: PROCEDURE PRINT used (Total process time):
      real time           0.00 seconds
      cpu time            0.00 seconds
      


572  %include
572! "J:\HCHS\STATISTICS\GRAS\QAngarita\HCHS_simulation\scripts\_init.sas";
NOTE: Library V3DATA does not exist.
NOTE: Libref SAMPLE was successfully assigned as follows: 
      Engine:        V9 
      Physical Name: 
      J:\HCHS\STATISTICS\GRAS\QAngarita\HCHS_simulation\data\derived\sample
NOTE: Library V3_OUTPT does not exist.
NOTE: Libref DT_BETAS was successfully assigned as follows: 
      Engine:        V9 
      Physical Name: 
      J:\HCHS\STATISTICS\GRAS\QAngarita\HCHS_simulation\data\processed\betas
NOTE: Libref BETAS_B was successfully assigned as follows: 
      Engine:        V9 
      Physical Name: 
      J:\HCHS\STATISTICS\GRAS\QAngarita\HCHS_simulation\data\processed\betas\bin
586  
587  *proc printto log = "&homepath./logs/impute_sudaan_&sysdate..log"
588               print= "&homepath./lst/impute_sudaan_&sysdate..lst" new; run;
589  
590  
591  %macro impute_sudaan(n=, corr=);
592    %do i = 1 %to &n;
593      data samp;
594                          set sample.samplemiss_&i.;
595  
596                          /* log weight */
597                          logwt=log(bghhsub_s2);
598  
599  
600                          /* weight adjusted for non-response */
601                          bghhsub_s2_nr = bghhsub_s2/RR;
602  
603  
604                          /* combine strata */
605                          if mod(strat, 4)^=0 then strat_c4 = mod(strat, 4);
606                          else strat_c4 = 4;
607  
608                          age_strat_new = 1*(age_base>=45);
609                          hisp_strat_new=1*(hisp_strat='TRUE');
610                          hisp_age = hisp_strat_new * age_strat_new;
611                          age_wt = age_strat_new* bghhsub_s2;
612                          his_wt = hisp_strat_new* bghhsub_s2;
613  
614                          if strat_c4 = 1 then do;
615                                  age_str_1 = age_strat_new;
616                                  age_str_2 = 0;
617                                  age_str_3 = 0;
618                                  his_str_1 = hisp_strat_new;
619                                  his_str_2 = 0;
620                                  his_str_3 = 0;
621                                  age_his_str_1 = age_strat_new *
621! hisp_strat_new;
622                                  age_his_str_2 = 0;
623                                  age_his_str_3 = 0;
624                                  strat_1 = 1;
625                                  strat_2 = 0;
626                                  strat_3 = 0;
627                                  strat_wt_1 = bghhsub_s2;
628                                  strat_wt_2 = 0;
629                                  strat_wt_3 = 0;
630                          end;
631                          if strat_c4 = 2 then do;
632                                  age_str_2 = age_strat_new;
633                                  age_str_1 = 0;
634                                  age_str_3 = 0;
635                                  his_str_2 = hisp_strat_new;
636                                  his_str_1 = 0;
637                                  his_str_3 = 0;
638                                  age_his_str_2 = age_strat_new *
638! hisp_strat_new;
639                                  age_his_str_1 = 0;
640                                  age_his_str_3 = 0;
641                                  strat_2 = 1;
642                                  strat_1 = 0;
643                                  strat_3 = 0;
644                                  strat_wt_2 = bghhsub_s2;
645                                  strat_wt_1 = 0;
646                                  strat_wt_3 = 0;
647                          end;
648                          if strat_c4 = 3 then do;
649                                  age_str_3 = age_strat_new;
650                                  age_str_2 = 0;
651                                  age_str_1 = 0;
652                                  his_str_3 = hisp_strat_new;
653                                  his_str_2 = 0;
654                                  his_str_1 = 0;
655                                  age_his_str_3 = age_strat_new *
655! hisp_strat_new;
656                                  age_his_str_2 = 0;
657                                  age_his_str_1 = 0;
658                                  strat_3 = 1;
659                                  strat_2 = 0;
660                                  strat_1 = 0;
661                                  strat_wt_3 = bghhsub_s2;
662                                  strat_wt_2 = 0;
663                                  strat_wt_1 = 0;
664                          end;
665                          if strat_c4 = 4 then do;
666                                  age_str_3 = 0;
667                                  age_str_2 = 0;
668                                  age_str_1 = 0;
669                                  his_str_3 = 0;
670                                  his_str_2 = 0;
671                                  his_str_1 = 0;
672                                  age_his_str_3 = 0;
673                                  age_his_str_2 = 0;
674                                  age_his_str_1 = 0;
675                                  strat_3 = 0;
676                                  strat_2 = 0;
677                                  strat_1 = 0;
678                                  strat_wt_3 = 0;
679                                  strat_wt_2 = 0;
680                                  strat_wt_1 = 0;
681                          end;
682  
683                          WHERE miss_ind_mar = 0;
684          run;
685  
686  
687                  /* Transform from long to wide */
688                  /* This step is the preparation step for multiple
688! imputation */
689                  data samp_1 samp_2 samp_3;
690                      set SAMP;
691                      if V_NUM = 1 then output SAMP_1(rename=(x6=x6_1
691! y_bmi=y_bmi_1 y_gfr=y_gfr_1 bghhsub_s2_nr=w_nr_1));
692                      else if V_NUM = 2 then output SAMP_2(rename=(x6=x6_2
692! y_bmi=y_bmi_2 y_gfr=y_gfr_2 bghhsub_s2_nr=w_nr_2));
693                      else if V_NUM = 3 then output SAMP_3(rename=(x6=x6_3
693! y_bmi=y_bmi_3 y_gfr=y_gfr_3 bghhsub_s2_nr=w_nr_3));
694                  run;
695  
696                  proc sort data = samp_1; by subid; run;
697                  proc sort data = samp_2; by subid; run;
698                  proc sort data = samp_3; by subid; run;
699  
700                  dat samp_wide;
701                          MERGE SAMP_1-SAMP_3;
702                          BY SUBID;
703  
704                          IF MISSING(x6_2) = 1 THEN v2miss = 1;
705                          else v2miss=0;
706  
707                          IF MISSING(x6_3) = 1 THEN v3miss = 1;
708                          else v3miss=0;
709  
710                          age_x17 = age_strat_new * x17;
711                          inverse_weight = 1/bghhsub_s2;
712  
713                          logw = log(bghhsub_s2);
714                  run;
715  
716                  proc sort data = samp_wide;
717                   by subid;
718                  run;
719  
720                  proc means data = samp_wide;
721                          var bghhsub_s2;
722                          output out=ss p20=p20 p40=p40 p60=p60 p80=p80;
723                  run;
724  
725                  data samp_wide;
726                          if _n_ = 1 then set ss;
727                          set samp_wide;
728                          if bghhsub_s2 <= p20 then weight_cat = 1;
729                          else if bghhsub_s2 <= p40 then weight_cat = 2;
730                          else if bghhsub_s2 <= p60 then weight_cat = 3;
731                          else if bghhsub_s2 <= p80 then weight_cat = 4;
732                          else weight_cat = 5;
733                  run;
734  
735                  PROC MEANS DATA = SAMP_WIDE n nmiss;
736                       Var  x17 x12 x18 y_bmi_1-y_bmi_3 age_strat_new
737                                  x6_2-x6_3 y_gfr_1-y_gfr_3
738                                  x14 x12 w_nr_1 w_nr_2 w_nr_3;
739                  output out= mi_miss nmiss=;
740                  run;
741  
742                  PROC TRANSPOSE DATA = MI_MISS(DROP=_TYPE_ _FREQ_)
742! OUT=MI_LONG;
743                  RUN;
744  
745                  PROC SORT DATA = MI_LONG;
746                          BY COL1;
747                  RUN;
748  
749                  proc sql noprint;
750                          select distinct _name_ into:var separated by ' '
750! from mi_long;
751                  quit;
752                  %put &var.;
753  
754                  do j = 1 to 10;
755                      proc surveyimpute data=samp_wide method=hd;
756                              var &var.;
757                              %if %sysfunc(find(x14 x12 w_nr_1 w_nr_2 w_nr_3,
757!  weight_cat)) ge 1 %then %do;
758                                          weight weight_cat;
759                              %end;
760                              %else %if %sysfunc(find(x14 x12 w_nr_1 w_nr_2
760! w_nr_3, bghhsub_s2)) ge 1 %then %do;
761                                          weight bghhsub_s2;
762                              %end;
763                              id subid;
764                              strata strat_recoded;
765                              cluster hhid;
766                              output out=samp_complete_&j.;
767                      run;
768  
769                      data samp_complete_&j.;
770                          imputation = &j;
771                      run;
772                  end;
773  
774                  data samp_complete;
775                      set samp_complete_1 - samp_complete_10;
776                  run;
777      /*
778                  proc surveyimpute data=samp_wide method=hd;
779                              var &var.;
780                              weight bghhsub_s2;
781                              id subid;
782                              strata strat_recoded;
783                              cluster hhid;
784                              output out=SAMP_COMPLETE;
785                  run;
786  
787  
788                  PROC IMPUTE DATA=samp_wide FILETYPE=SAS  method=wshd icnum
788! notsorted;
789                        WEIGHT bghhsub_s2;
790                        IMPID subid;
791                        impby &var.;
792                        IMPVAR x6_2-x6_3 y_gfr_2-y_gfr_3 y_bmi_2-y_bmi_3 /
792! MULTIMP=4;
793                        SETENV LABWIDTH=12;
794  
795                        OUTPUT / IMPUTE=DEFAULT filename=SAMP_COMPLETE
795! FILETYPE=SAS REPLACE;
796  
797                        RTITLE "Hot-Deck Imputation in SUDAAN using
797! conditional weight";
798                  RUN;
799      */
800  
801                      /* Transform the imputed datasets from wide format to
801! long */
802                  data samp_long;
803                          set samp_complete;
804                          v_num = 1;
805                          x6 = x6_1;
806                          y_bmi = y_bmi_1;
807                          y_gfr = y_gfr_1;
808                          output;
809  
810                          v_num = 2;
811                          x6 = x6_2;
812                          y_bmi = y_bmi_2;
813                          y_gfr = y_gfr_2;
814                          output;
815  
816                          v_num = 3;
817                          x6 = x6_3;
818                          y_bmi = y_bmi_3;
819                          y_gfr = y_gfr_3;
820                          output;
821                  run;
822  
823                      * Fit regress model from sudaan using &corr matrix;
824                  proc sort data = samp_long;  by strat_recoded; run;
825                  options pagesize=60 linesize=80;
826                  proc regress data = samp_long filetype=sas r=&corr
826! semethod=zeger;
827                      %if &corr. = exchangeable %then %do;
828                          nest strat_recoded hhid / psulev=2 ;
829                      %end;
830                      %else %do;
831                          nest strat_recoded hhid;
832                      %end;
833                  weight bghhsub_s2; *bghhsub_s2_nr;
834                  model y_gfr = x17 x12 x18 y_bmi age_strat_new x6;
835                  output beta sebeta p_beta t_beta /
835! filename=betas_imp_&corr._&i._ filetype=sas replace;
836                  run;
837    %end;
838  %mend impute_sudaan;
839  
840  %impute_sudaan(n=1, corr= exchangeable);

NOTE: There were 15853 observations read from the data set SAMPLE.SAMPLEMISS_1.
      WHERE miss_ind_mar=0;
NOTE: The data set WORK.SAMP has 15853 observations and 70 variables.
NOTE: DATA statement used (Total process time):
      real time           0.11 seconds
      cpu time            0.00 seconds
      

NOTE: DATA statement used (Total process time):
      real time           0.00 seconds
      cpu time            0.00 seconds
      
NOTE: The SAS System stopped processing this step because of errors.
WARNING: The data set WORK.SAMP_1 may be incomplete.  When this step was 
         stopped there were 0 observations and 70 variables.
WARNING: Data set WORK.SAMP_1 was not replaced because this step was stopped.
WARNING: The data set WORK.SAMP_2 may be incomplete.  When this step was 
         stopped there were 0 observations and 70 variables.
WARNING: Data set WORK.SAMP_2 was not replaced because this step was stopped.
WARNING: The data set WORK.SAMP_3 may be incomplete.  When this step was 
         stopped there were 0 observations and 70 variables.
WARNING: Data set WORK.SAMP_3 was not replaced because this step was stopped.
NOTE: Line generated by the invoked macro "IMPUTE_SUDAAN".
25   (rename=(x6=x6_1 y_bmi=y_bmi_1 y_gfr=y_gfr_1 bghhsub_s2_nr=w_nr_1));
     -
----                                                                            
     22
180    
     76
25 !               else if V_NUM = 2 then output SAMP_2(rename=(x6=x6_2

ERROR 22-322: Syntax error, expecting one of the following: a name, 
              a quoted string, ;, RC, _DATA_, _LAST_, _NULL_.  

ERROR 180-322: Statement is not valid or it is used out of proper order.

ERROR 76-322: Syntax error, statement will be ignored.


NOTE: Line generated by the invoked macro "IMPUTE_SUDAAN".
25   else if V_NUM = 2 then output SAMP_2(rename=(x6=x6_2 y_bmi=y_bmi_2

-----                                                                           

180
25 ! y_gfr=y_gfr_2 bghhsub_s2_nr=w_nr_2));                     else if V_NUM = 3

ERROR 180-322: Statement is not valid or it is used out of proper order.

NOTE: Line generated by the invoked macro "IMPUTE_SUDAAN".
25                        else if V_NUM = 3 then output SAMP_3

----                                                                            

180

ERROR 180-322: Statement is not valid or it is used out of proper order.


NOTE: Input data set is already sorted, no sorting done.
NOTE: PROCEDURE SORT used (Total process time):
      real time           0.00 seconds
      cpu time            0.00 seconds
      


NOTE: Input data set is already sorted, no sorting done.
NOTE: PROCEDURE SORT used (Total process time):
      real time           0.00 seconds
      cpu time            0.00 seconds
      


NOTE: Input data set is already sorted, no sorting done.
NOTE: PROCEDURE SORT used (Total process time):
      real time           0.00 seconds
      cpu time            0.00 seconds
      

NOTE: Line generated by the invoked macro "IMPUTE_SUDAAN".
27   dat samp_wide;                         MERGE SAMP_1-SAMP_3;
     ---
     14

WARNING 14-169: Assuming the symbol DATA was misspelled as dat.

NOTE: There were 6874 observations read from the data set WORK.SAMP_1.
NOTE: There were 4455 observations read from the data set WORK.SAMP_2.
NOTE: There were 4524 observations read from the data set WORK.SAMP_3.
NOTE: The data set WORK.SAMP_WIDE has 6874 observations and 83 variables.
NOTE: DATA statement used (Total process time):
      real time           0.03 seconds
      cpu time            0.01 seconds
      


NOTE: There were 6874 observations read from the data set WORK.SAMP_WIDE.
NOTE: The data set WORK.SAMP_WIDE has 6874 observations and 83 variables.
NOTE: PROCEDURE SORT used (Total process time):
      real time           0.02 seconds
      cpu time            0.00 seconds
      


NOTE: There were 6874 observations read from the data set WORK.SAMP_WIDE.
NOTE: The data set WORK.SS has 1 observations and 6 variables.
NOTE: PROCEDURE MEANS used (Total process time):
      real time           0.06 seconds
      cpu time            0.00 seconds
      


NOTE: There were 1 observations read from the data set WORK.SS.
NOTE: There were 6874 observations read from the data set WORK.SAMP_WIDE.
NOTE: The data set WORK.SAMP_WIDE has 6874 observations and 90 variables.
NOTE: DATA statement used (Total process time):
      real time           0.01 seconds
      cpu time            0.00 seconds
      


NOTE: There were 6874 observations read from the data set WORK.SAMP_WIDE.
NOTE: The data set WORK.MI_MISS has 1 observations and 18 variables.
NOTE: PROCEDURE MEANS used (Total process time):
      real time           0.05 seconds
      cpu time            0.00 seconds
      


NOTE: There were 1 observations read from the data set WORK.MI_MISS.
NOTE: The data set WORK.MI_LONG has 16 observations and 2 variables.
NOTE: PROCEDURE TRANSPOSE used (Total process time):
      real time           0.03 seconds
      cpu time            0.00 seconds
      


NOTE: There were 16 observations read from the data set WORK.MI_LONG.
NOTE: The data set WORK.MI_LONG has 16 observations and 2 variables.
NOTE: PROCEDURE SORT used (Total process time):
      real time           0.00 seconds
      cpu time            0.00 seconds
      

NOTE: PROCEDURE SQL used (Total process time):
      real time           0.00 seconds
      cpu time            0.00 seconds
      

age_strat_new w_nr_1 w_nr_2 w_nr_3 x12 x14 x17 x18 x6_2 x6_3 y_bmi_1 y_bmi_2 
y_bmi_3 y_gfr_1 y_gfr_2 y_gfr_3
NOTE: Line generated by the invoked macro "IMPUTE_SUDAAN".
39                     do j = 1 to 10;
                       --
                       180

ERROR 180-322: Statement is not valid or it is used out of proper order.

WARNING: Apparent symbolic reference J not resolved.
NOTE 137-205: Line generated by the invoked macro "IMPUTE_SUDAAN".
41                                id subid;                             strata
41 ! strat_recoded;                             cluster hhid;
41 !           output out=samp_complete_&j.;                     run;
                                        -
                                        22
41 !            data
ERROR 22-322: Syntax error, expecting one of the following: ;, (, DONORID, 
              FRACTIONALWEIGHTS, IMPADJWEIGHTS, IMPINDEX, IMPSTATUS, OBSID, 
              OUT, OUTCONTLEVELS, OUTJKCOEFS.  

NOTE: Line generated by the invoked macro "IMPUTE_SUDAAN".
41                                id subid;                             strata
41 ! strat_recoded;                             cluster hhid;
41 !           output out=samp_complete_&j.;                     run;
                                        -
                                        200
41 !            data
ERROR 200-322: The symbol is not recognized and will be ignored.

NOTE: PROCEDURE SURVEYIMPUTE used (Total process time):
      real time           0.00 seconds
      cpu time            0.00 seconds
      
WARNING: Apparent symbolic reference J not resolved.
NOTE: The SAS System stopped processing this step because of errors.
WARNING: The data set WORK.SAMP_COMPLETE_ may be incomplete.  When this step 
         was stopped there were 0 observations and 0 variables.
WARNING: Data set WORK.SAMP_COMPLETE_ was not replaced because this step was 
         stopped.
WARNING: Apparent symbolic reference J not resolved.


22: LINE and COLUMN cannot be determined.
NOTE 242-205: NOSPOOL is on. Rerunning with OPTION SPOOL might allow recovery 
              of the LINE and COLUMN where the error has occurred.
ERROR 22-322: Syntax error, expecting one of the following: a name, 
              a quoted string, (, /, ;, _DATA_, _LAST_, _NULL_.  
200: LINE and COLUMN cannot be determined.
NOTE: NOSPOOL is on. Rerunning with OPTION SPOOL might allow recovery of the 
      LINE and COLUMN where the error has occurred.
ERROR 200-322: The symbol is not recognized and will be ignored.
22: LINE and COLUMN cannot be determined.
NOTE 242-205: NOSPOOL is on. Rerunning with OPTION SPOOL might allow recovery 
              of the LINE and COLUMN where the error has occurred.
ERROR 22-322: Syntax error, expecting one of the following: a name, 
              a quoted string, a numeric constant, a datetime constant, 
              a missing value, INPUT, PUT.  
WARNING: Apparent symbolic reference J not resolved.

NOTE: The SAS System stopped processing this step because of errors.
WARNING: The data set WORK.SAMP_COMPLETE_ may be incomplete.  When this step 
         was stopped there were 0 observations and 2 variables.
WARNING: Data set WORK.SAMP_COMPLETE_ was not replaced because this step was 
         stopped.
NOTE: DATA statement used (Total process time):
      real time           0.00 seconds
      cpu time            0.00 seconds
      

180: LINE and COLUMN cannot be determined.
NOTE: NOSPOOL is on. Rerunning with OPTION SPOOL might allow recovery of the 
      LINE and COLUMN where the error has occurred.
ERROR 180-322: Statement is not valid or it is used out of proper order.
ERROR: File WORK.SAMP_COMPLETE_1.DATA does not exist.
ERROR: File WORK.SAMP_COMPLETE_2.DATA does not exist.
ERROR: File WORK.SAMP_COMPLETE_3.DATA does not exist.
ERROR: File WORK.SAMP_COMPLETE_4.DATA does not exist.
ERROR: File WORK.SAMP_COMPLETE_5.DATA does not exist.
ERROR: File WORK.SAMP_COMPLETE_6.DATA does not exist.
ERROR: File WORK.SAMP_COMPLETE_7.DATA does not exist.
ERROR: File WORK.SAMP_COMPLETE_8.DATA does not exist.
ERROR: File WORK.SAMP_COMPLETE_9.DATA does not exist.
ERROR: File WORK.SAMP_COMPLETE_10.DATA does not exist.
NOTE: The SAS System stopped processing this step because of errors.
WARNING: The data set WORK.SAMP_COMPLETE may be incomplete.  When this step was 
         stopped there were 0 observations and 0 variables.
WARNING: Data set WORK.SAMP_COMPLETE was not replaced because this step was 
         stopped.
NOTE: DATA statement used (Total process time):
      real time           0.00 seconds
      cpu time            0.00 seconds
      


NOTE: There were 6874 observations read from the data set WORK.SAMP_COMPLETE.
NOTE: The data set WORK.SAMP_LONG has 20622 observations and 94 variables.
NOTE: DATA statement used (Total process time):
      real time           0.03 seconds
      cpu time            0.00 seconds
      


NOTE: There were 20622 observations read from the data set WORK.SAMP_LONG.
NOTE: The data set WORK.SAMP_LONG has 20622 observations and 94 variables.
NOTE: PROCEDURE SORT used (Total process time):
      real time           0.05 seconds
      cpu time            0.04 seconds
      


 
************************************************************
SUDAAN Release 11.0.3, Build 331
SAS-Callable, Individual PC, 32 bit version
Serial Number A0004505 for 10 user(s) is licensed to
UNC-CH (CSCC).
This license expires on October 16, 2025.
************************************************************
 
 
 
 
Opened SAS data file SAMP_LONG for reading.
 
Opened SAS data file BETAS_IMP_EXCHANGEABLE_1_ for writing.
Note:
 7 records written to file BETAS_IMP_EXCHANGEABLE_1_
NOTE: PROCEDURE REGRESS used (Total process time):
      real time           0.28 seconds
      cpu time            0.17 seconds
      

841  
842  proc print data = samp_complete_1(obs=1); run;
ERROR: File WORK.SAMP_COMPLETE_1.DATA does not exist.

NOTE: The SAS System stopped processing this step because of errors.
NOTE: PROCEDURE PRINT used (Total process time):
      real time           0.00 seconds
      cpu time            0.00 seconds
      


843  %include
843! "J:\HCHS\STATISTICS\GRAS\QAngarita\HCHS_simulation\scripts\_init.sas";
NOTE: Library V3DATA does not exist.
NOTE: Libref SAMPLE was successfully assigned as follows: 
      Engine:        V9 
      Physical Name: 
      J:\HCHS\STATISTICS\GRAS\QAngarita\HCHS_simulation\data\derived\sample
NOTE: Library V3_OUTPT does not exist.
NOTE: Libref DT_BETAS was successfully assigned as follows: 
      Engine:        V9 
      Physical Name: 
      J:\HCHS\STATISTICS\GRAS\QAngarita\HCHS_simulation\data\processed\betas
NOTE: Libref BETAS_B was successfully assigned as follows: 
      Engine:        V9 
      Physical Name: 
      J:\HCHS\STATISTICS\GRAS\QAngarita\HCHS_simulation\data\processed\betas\bin
857   
858   *proc printto log = "&homepath./logs/impute_sudaan_&sysdate..log"
859                print= "&homepath./lst/impute_sudaan_&sysdate..lst" new; run;
860   
861   
862   %macro impute_sudaan(n=, corr=);
863     %do i = 1 %to &n;
864       data samp;
865                           set sample.samplemiss_&i.;
866   
867                           /* log weight */
868                           logwt=log(bghhsub_s2);
869   
870   
871                           /* weight adjusted for non-response */
872                           bghhsub_s2_nr = bghhsub_s2/RR;
873   
874   
875                           /* combine strata */
876                           if mod(strat, 4)^=0 then strat_c4 = mod(strat, 4);
877                           else strat_c4 = 4;
878   
879                           age_strat_new = 1*(age_base>=45);
880                           hisp_strat_new=1*(hisp_strat='TRUE');
881                           hisp_age = hisp_strat_new * age_strat_new;
882                           age_wt = age_strat_new* bghhsub_s2;
883                           his_wt = hisp_strat_new* bghhsub_s2;
884   
885                           if strat_c4 = 1 then do;
886                                   age_str_1 = age_strat_new;
887                                   age_str_2 = 0;
888                                   age_str_3 = 0;
889                                   his_str_1 = hisp_strat_new;
890                                   his_str_2 = 0;
891                                   his_str_3 = 0;
892                                   age_his_str_1 = age_strat_new *
892 ! hisp_strat_new;
893                                   age_his_str_2 = 0;
894                                   age_his_str_3 = 0;
895                                   strat_1 = 1;
896                                   strat_2 = 0;
897                                   strat_3 = 0;
898                                   strat_wt_1 = bghhsub_s2;
899                                   strat_wt_2 = 0;
900                                   strat_wt_3 = 0;
901                           end;
902                           if strat_c4 = 2 then do;
903                                   age_str_2 = age_strat_new;
904                                   age_str_1 = 0;
905                                   age_str_3 = 0;
906                                   his_str_2 = hisp_strat_new;
907                                   his_str_1 = 0;
908                                   his_str_3 = 0;
909                                   age_his_str_2 = age_strat_new *
909 ! hisp_strat_new;
910                                   age_his_str_1 = 0;
911                                   age_his_str_3 = 0;
912                                   strat_2 = 1;
913                                   strat_1 = 0;
914                                   strat_3 = 0;
915                                   strat_wt_2 = bghhsub_s2;
916                                   strat_wt_1 = 0;
917                                   strat_wt_3 = 0;
918                           end;
919                           if strat_c4 = 3 then do;
920                                   age_str_3 = age_strat_new;
921                                   age_str_2 = 0;
922                                   age_str_1 = 0;
923                                   his_str_3 = hisp_strat_new;
924                                   his_str_2 = 0;
925                                   his_str_1 = 0;
926                                   age_his_str_3 = age_strat_new *
926 ! hisp_strat_new;
927                                   age_his_str_2 = 0;
928                                   age_his_str_1 = 0;
929                                   strat_3 = 1;
930                                   strat_2 = 0;
931                                   strat_1 = 0;
932                                   strat_wt_3 = bghhsub_s2;
933                                   strat_wt_2 = 0;
934                                   strat_wt_1 = 0;
935                           end;
936                           if strat_c4 = 4 then do;
937                                   age_str_3 = 0;
938                                   age_str_2 = 0;
939                                   age_str_1 = 0;
940                                   his_str_3 = 0;
941                                   his_str_2 = 0;
942                                   his_str_1 = 0;
943                                   age_his_str_3 = 0;
944                                   age_his_str_2 = 0;
945                                   age_his_str_1 = 0;
946                                   strat_3 = 0;
947                                   strat_2 = 0;
948                                   strat_1 = 0;
949                                   strat_wt_3 = 0;
950                                   strat_wt_2 = 0;
951                                   strat_wt_1 = 0;
952                           end;
953   
954                           WHERE miss_ind_mar = 0;
955           run;
956   
957   
958                   /* Transform from long to wide */
959                   /* This step is the preparation step for multiple
959 ! imputation */
960                   data samp_1 samp_2 samp_3;
961                       set SAMP;
962                       if V_NUM = 1 then output SAMP_1(rename=(x6=x6_1
962 ! y_bmi=y_bmi_1 y_gfr=y_gfr_1 bghhsub_s2_nr=w_nr_1));
963                       else if V_NUM = 2 then output SAMP_2(rename=(x6=x6_2
963 ! y_bmi=y_bmi_2 y_gfr=y_gfr_2 bghhsub_s2_nr=w_nr_2));
964                       else if V_NUM = 3 then output SAMP_3(rename=(x6=x6_3
964 ! y_bmi=y_bmi_3 y_gfr=y_gfr_3 bghhsub_s2_nr=w_nr_3));
965                   run;
966   
967                   proc sort data = samp_1; by subid; run;
968                   proc sort data = samp_2; by subid; run;
969                   proc sort data = samp_3; by subid; run;
970   
971                   dat samp_wide;
972                           MERGE SAMP_1-SAMP_3;
973                           BY SUBID;
974   
975                           IF MISSING(x6_2) = 1 THEN v2miss = 1;
976                           else v2miss=0;
977   
978                           IF MISSING(x6_3) = 1 THEN v3miss = 1;
979                           else v3miss=0;
980   
981                           age_x17 = age_strat_new * x17;
982                           inverse_weight = 1/bghhsub_s2;
983   
984                           logw = log(bghhsub_s2);
985                   run;
986   
987                   proc sort data = samp_wide;
988                    by subid;
989                   run;
990   
991                   proc means data = samp_wide;
992                           var bghhsub_s2;
993                           output out=ss p20=p20 p40=p40 p60=p60 p80=p80;
994                   run;
995   
996                   data samp_wide;
997                           if _n_ = 1 then set ss;
998                           set samp_wide;
999                           if bghhsub_s2 <= p20 then weight_cat = 1;
1000                          else if bghhsub_s2 <= p40 then weight_cat = 2;
1001                          else if bghhsub_s2 <= p60 then weight_cat = 3;
1002                          else if bghhsub_s2 <= p80 then weight_cat = 4;
1003                          else weight_cat = 5;
1004                  run;
1005  
1006                  PROC MEANS DATA = SAMP_WIDE n nmiss;
1007                       Var  x17 x12 x18 y_bmi_1-y_bmi_3 age_strat_new
1008                                  x6_2-x6_3 y_gfr_1-y_gfr_3
1009                                  x14 x12 w_nr_1 w_nr_2 w_nr_3;
1010                  output out= mi_miss nmiss=;
1011                  run;
1012  
1013                  PROC TRANSPOSE DATA = MI_MISS(DROP=_TYPE_ _FREQ_)
1013! OUT=MI_LONG;
1014                  RUN;
1015  
1016                  PROC SORT DATA = MI_LONG;
1017                          BY COL1;
1018                  RUN;
1019  
1020                  proc sql noprint;
1021                          select distinct _name_ into:var separated by ' '
1021! from mi_long;
1022                  quit;
1023                  %put &var.;
1024  
1025                  do j = 1 to 10;
1026                      proc surveyimpute data=samp_wide method=hd;
1027                              var &var.;
1028                              %if %sysfunc(find(x14 x12 w_nr_1 w_nr_2
1028! w_nr_3, weight_cat)) ge 1 %then %do;
1029                                          weight weight_cat;
1030                              %end;
1031                              %else %if %sysfunc(find(x14 x12 w_nr_1 w_nr_2
1031! w_nr_3, bghhsub_s2)) ge 1 %then %do;
1032                                          weight bghhsub_s2;
1033                              %end;
1034                              id subid;
1035                              strata strat_recoded;
1036                              cluster hhid;
1037                              output out=samp_complete_&j.;
1038                      run;
1039  
1040                      data samp_complete_&j.;
1041                          imputation = &j;
1042                      run;
1043                  end;
1044  
1045                  data samp_complete;
1046                      set samp_complete_1 - samp_complete_10;
1047                  run;
1048      /*
1049                  proc surveyimpute data=samp_wide method=hd;
1050                              var &var.;
1051                              weight bghhsub_s2;
1052                              id subid;
1053                              strata strat_recoded;
1054                              cluster hhid;
1055                              output out=SAMP_COMPLETE;
1056                  run;
1057  
1058  
1059                  PROC IMPUTE DATA=samp_wide FILETYPE=SAS  method=wshd icnum
1059!  notsorted;
1060                        WEIGHT bghhsub_s2;
1061                        IMPID subid;
1062                        impby &var.;
1063                        IMPVAR x6_2-x6_3 y_gfr_2-y_gfr_3 y_bmi_2-y_bmi_3 /
1063! MULTIMP=4;
1064                        SETENV LABWIDTH=12;
1065  
1066                        OUTPUT / IMPUTE=DEFAULT filename=SAMP_COMPLETE
1066! FILETYPE=SAS REPLACE;
1067  
1068                        RTITLE "Hot-Deck Imputation in SUDAAN using
1068! conditional weight";
1069                  RUN;
1070      */
1071  
1072                      /* Transform the imputed datasets from wide format to
1072! long */
1073                  data samp_long;
1074                          set samp_complete;
1075                          v_num = 1;
1076                          x6 = x6_1;
1077                          y_bmi = y_bmi_1;
1078                          y_gfr = y_gfr_1;
1079                          output;
1080  
1081                          v_num = 2;
1082                          x6 = x6_2;
1083                          y_bmi = y_bmi_2;
1084                          y_gfr = y_gfr_2;
1085                          output;
1086  
1087                          v_num = 3;
1088                          x6 = x6_3;
1089                          y_bmi = y_bmi_3;
1090                          y_gfr = y_gfr_3;
1091                          output;
1092                  run;
1093  
1094                      * Fit regress model from sudaan using &corr matrix;
1095                  proc sort data = samp_long;  by strat_recoded; run;
1096                  options pagesize=60 linesize=80;
1097                  proc regress data = samp_long filetype=sas r=&corr
1097! semethod=zeger;
1098                      %if &corr. = exchangeable %then %do;
1099                          nest strat_recoded hhid / psulev=2 ;
1100                      %end;
1101                      %else %do;
1102                          nest strat_recoded hhid;
1103                      %end;
1104                  weight bghhsub_s2; *bghhsub_s2_nr;
1105                  model y_gfr = x17 x12 x18 y_bmi age_strat_new x6;
1106                  output beta sebeta p_beta t_beta /
1106! filename=betas_imp_&corr._&i._ filetype=sas replace;
1107                  run;
1108    %end;
1109  %mend impute_sudaan;
1110  
1111  %impute_sudaan(n=1, corr= exchangeable);

NOTE: There were 15853 observations read from the data set SAMPLE.SAMPLEMISS_1.
      WHERE miss_ind_mar=0;
NOTE: The data set WORK.SAMP has 15853 observations and 70 variables.
NOTE: DATA statement used (Total process time):
      real time           0.38 seconds
      cpu time            0.00 seconds
      

NOTE: DATA statement used (Total process time):
      real time           0.00 seconds
      cpu time            0.01 seconds
      
NOTE: The SAS System stopped processing this step because of errors.
WARNING: The data set WORK.SAMP_1 may be incomplete.  When this step was 
         stopped there were 0 observations and 70 variables.
WARNING: Data set WORK.SAMP_1 was not replaced because this step was stopped.
WARNING: The data set WORK.SAMP_2 may be incomplete.  When this step was 
         stopped there were 0 observations and 70 variables.
WARNING: Data set WORK.SAMP_2 was not replaced because this step was stopped.
WARNING: The data set WORK.SAMP_3 may be incomplete.  When this step was 
         stopped there were 0 observations and 70 variables.
WARNING: Data set WORK.SAMP_3 was not replaced because this step was stopped.
NOTE: Line generated by the invoked macro "IMPUTE_SUDAAN".
25    (rename=(x6=x6_1 y_bmi=y_bmi_1 y_gfr=y_gfr_1 bghhsub_s2_nr=w_nr_1));
      -
----                                                                            
      22
180     
      76
25  !                else if V_NUM = 2 then output SAMP_2(rename=(x6=x6_2

ERROR 22-322: Syntax error, expecting one of the following: a name, 
              a quoted string, ;, RC, _DATA_, _LAST_, _NULL_.  

ERROR 180-322: Statement is not valid or it is used out of proper order.

ERROR 76-322: Syntax error, statement will be ignored.


NOTE: Line generated by the invoked macro "IMPUTE_SUDAAN".
25    else if V_NUM = 2 then output SAMP_2(rename=(x6=x6_2 y_bmi=y_bmi_2

-----                                                                           

180
25  ! y_gfr=y_gfr_2 bghhsub_s2_nr=w_nr_2));                     else if V_NUM =

ERROR 180-322: Statement is not valid or it is used out of proper order.

NOTE: Line generated by the invoked macro "IMPUTE_SUDAAN".
25                         else if V_NUM = 3 then output SAMP_3

----                                                                            

180

ERROR 180-322: Statement is not valid or it is used out of proper order.


NOTE: Input data set is already sorted, no sorting done.
NOTE: PROCEDURE SORT used (Total process time):
      real time           0.00 seconds
      cpu time            0.00 seconds
      


NOTE: Input data set is already sorted, no sorting done.
NOTE: PROCEDURE SORT used (Total process time):
      real time           0.00 seconds
      cpu time            0.00 seconds
      


NOTE: Input data set is already sorted, no sorting done.
NOTE: PROCEDURE SORT used (Total process time):
      real time           0.00 seconds
      cpu time            0.00 seconds
      

NOTE: Line generated by the invoked macro "IMPUTE_SUDAAN".
27    dat samp_wide;                         MERGE SAMP_1-SAMP_3;
      ---
      14

WARNING 14-169: Assuming the symbol DATA was misspelled as dat.

NOTE: There were 6874 observations read from the data set WORK.SAMP_1.
NOTE: There were 4455 observations read from the data set WORK.SAMP_2.
NOTE: There were 4524 observations read from the data set WORK.SAMP_3.
NOTE: The data set WORK.SAMP_WIDE has 6874 observations and 83 variables.
NOTE: DATA statement used (Total process time):
      real time           0.03 seconds
      cpu time            0.00 seconds
      


NOTE: There were 6874 observations read from the data set WORK.SAMP_WIDE.
NOTE: The data set WORK.SAMP_WIDE has 6874 observations and 83 variables.
NOTE: PROCEDURE SORT used (Total process time):
      real time           0.03 seconds
      cpu time            0.01 seconds
      


NOTE: There were 6874 observations read from the data set WORK.SAMP_WIDE.
NOTE: The data set WORK.SS has 1 observations and 6 variables.
NOTE: PROCEDURE MEANS used (Total process time):
      real time           0.06 seconds
      cpu time            0.01 seconds
      


NOTE: There were 1 observations read from the data set WORK.SS.
NOTE: There were 6874 observations read from the data set WORK.SAMP_WIDE.
NOTE: The data set WORK.SAMP_WIDE has 6874 observations and 90 variables.
NOTE: DATA statement used (Total process time):
      real time           0.01 seconds
      cpu time            0.03 seconds
      


NOTE: There were 6874 observations read from the data set WORK.SAMP_WIDE.
NOTE: The data set WORK.MI_MISS has 1 observations and 18 variables.
NOTE: PROCEDURE MEANS used (Total process time):
      real time           0.05 seconds
      cpu time            0.00 seconds
      


NOTE: There were 1 observations read from the data set WORK.MI_MISS.
NOTE: The data set WORK.MI_LONG has 16 observations and 2 variables.
NOTE: PROCEDURE TRANSPOSE used (Total process time):
      real time           0.02 seconds
      cpu time            0.00 seconds
      


NOTE: There were 16 observations read from the data set WORK.MI_LONG.
NOTE: The data set WORK.MI_LONG has 16 observations and 2 variables.
NOTE: PROCEDURE SORT used (Total process time):
      real time           0.01 seconds
      cpu time            0.00 seconds
      

NOTE: PROCEDURE SQL used (Total process time):
      real time           0.00 seconds
      cpu time            0.00 seconds
      

age_strat_new w_nr_1 w_nr_2 w_nr_3 x12 x14 x17 x18 x6_2 x6_3 y_bmi_1 y_bmi_2 
y_bmi_3 y_gfr_1 y_gfr_2 y_gfr_3
NOTE: Line generated by the invoked macro "IMPUTE_SUDAAN".
39                      do j = 1 to 10;
                        --
                        180

ERROR 180-322: Statement is not valid or it is used out of proper order.

WARNING: Apparent symbolic reference J not resolved.
NOTE 137-205: Line generated by the invoked macro "IMPUTE_SUDAAN".
41                                 id subid;                             strata
41  ! strat_recoded;                             cluster hhid;
41  !            output out=samp_complete_&j.;                     run;
                                          -
                                          22
41  !              data
ERROR 22-322: Syntax error, expecting one of the following: ;, (, DONORID, 
              FRACTIONALWEIGHTS, IMPADJWEIGHTS, IMPINDEX, IMPSTATUS, OBSID, 
              OUT, OUTCONTLEVELS, OUTJKCOEFS.  

NOTE: Line generated by the invoked macro "IMPUTE_SUDAAN".
41                                 id subid;                             strata
41  ! strat_recoded;                             cluster hhid;
41  !            output out=samp_complete_&j.;                     run;
                                          -
                                          200
41  !              data
ERROR 200-322: The symbol is not recognized and will be ignored.

NOTE: PROCEDURE SURVEYIMPUTE used (Total process time):
      real time           0.00 seconds
      cpu time            0.01 seconds
      
WARNING: Apparent symbolic reference J not resolved.
NOTE: The SAS System stopped processing this step because of errors.
WARNING: The data set WORK.SAMP_COMPLETE_ may be incomplete.  When this step 
         was stopped there were 0 observations and 0 variables.
WARNING: Data set WORK.SAMP_COMPLETE_ was not replaced because this step was 
         stopped.
WARNING: Apparent symbolic reference J not resolved.


22: LINE and COLUMN cannot be determined.
NOTE 242-205: NOSPOOL is on. Rerunning with OPTION SPOOL might allow recovery 
              of the LINE and COLUMN where the error has occurred.
ERROR 22-322: Syntax error, expecting one of the following: a name, 
              a quoted string, (, /, ;, _DATA_, _LAST_, _NULL_.  
200: LINE and COLUMN cannot be determined.
NOTE: NOSPOOL is on. Rerunning with OPTION SPOOL might allow recovery of the 
      LINE and COLUMN where the error has occurred.
ERROR 200-322: The symbol is not recognized and will be ignored.
22: LINE and COLUMN cannot be determined.
NOTE 242-205: NOSPOOL is on. Rerunning with OPTION SPOOL might allow recovery 
              of the LINE and COLUMN where the error has occurred.
ERROR 22-322: Syntax error, expecting one of the following: a name, 
              a quoted string, a numeric constant, a datetime constant, 
              a missing value, INPUT, PUT.  
WARNING: Apparent symbolic reference J not resolved.

NOTE: The SAS System stopped processing this step because of errors.
WARNING: The data set WORK.SAMP_COMPLETE_ may be incomplete.  When this step 
         was stopped there were 0 observations and 2 variables.
WARNING: Data set WORK.SAMP_COMPLETE_ was not replaced because this step was 
         stopped.
NOTE: DATA statement used (Total process time):
      real time           0.00 seconds
      cpu time            0.00 seconds
      

180: LINE and COLUMN cannot be determined.
NOTE: NOSPOOL is on. Rerunning with OPTION SPOOL might allow recovery of the 
      LINE and COLUMN where the error has occurred.
ERROR 180-322: Statement is not valid or it is used out of proper order.
ERROR: File WORK.SAMP_COMPLETE_1.DATA does not exist.
ERROR: File WORK.SAMP_COMPLETE_2.DATA does not exist.
ERROR: File WORK.SAMP_COMPLETE_3.DATA does not exist.
ERROR: File WORK.SAMP_COMPLETE_4.DATA does not exist.
ERROR: File WORK.SAMP_COMPLETE_5.DATA does not exist.
ERROR: File WORK.SAMP_COMPLETE_6.DATA does not exist.
ERROR: File WORK.SAMP_COMPLETE_7.DATA does not exist.
ERROR: File WORK.SAMP_COMPLETE_8.DATA does not exist.
ERROR: File WORK.SAMP_COMPLETE_9.DATA does not exist.
ERROR: File WORK.SAMP_COMPLETE_10.DATA does not exist.
NOTE: The SAS System stopped processing this step because of errors.
WARNING: The data set WORK.SAMP_COMPLETE may be incomplete.  When this step was 
         stopped there were 0 observations and 0 variables.
WARNING: Data set WORK.SAMP_COMPLETE was not replaced because this step was 
         stopped.
NOTE: DATA statement used (Total process time):
      real time           0.01 seconds
      cpu time            0.00 seconds
      


NOTE: There were 6874 observations read from the data set WORK.SAMP_COMPLETE.
NOTE: The data set WORK.SAMP_LONG has 20622 observations and 94 variables.
NOTE: DATA statement used (Total process time):
      real time           0.02 seconds
      cpu time            0.01 seconds
      


NOTE: There were 20622 observations read from the data set WORK.SAMP_LONG.
NOTE: The data set WORK.SAMP_LONG has 20622 observations and 94 variables.
NOTE: PROCEDURE SORT used (Total process time):
      real time           0.06 seconds
      cpu time            0.01 seconds
      


 
************************************************************
SUDAAN Release 11.0.3, Build 331
SAS-Callable, Individual PC, 32 bit version
Serial Number A0004505 for 10 user(s) is licensed to
UNC-CH (CSCC).
This license expires on October 16, 2025.
************************************************************
 
 
 
 
Opened SAS data file SAMP_LONG for reading.
 
Opened SAS data file BETAS_IMP_EXCHANGEABLE_1_ for writing.
Note:
 7 records written to file BETAS_IMP_EXCHANGEABLE_1_
NOTE: PROCEDURE REGRESS used (Total process time):
      real time           0.29 seconds
      cpu time            0.15 seconds
      

1112  
1113  proc print data = samp_complete_1(obs=1); run;
ERROR: File WORK.SAMP_COMPLETE_1.DATA does not exist.

NOTE: The SAS System stopped processing this step because of errors.
NOTE: PROCEDURE PRINT used (Total process time):
      real time           0.00 seconds
      cpu time            0.00 seconds
      


NOTE: SAS Institute Inc., SAS Campus Drive, Cary, NC USA 27513-2414
NOTE: The SAS System used:
      real time           57:13.30
      cpu time            2:20.37
      
