1                                                          The SAS System                            07:26 Friday, February 21, 2025

NOTE: Copyright (c) 2023 by SAS Institute Inc., Cary, NC, USA. 
NOTE: SAS (r) Proprietary Software 9.4 (TS1M8) 
      Licensed to UNIVERSITY OF NORTH CAROLINA CHAPEL HILL - SFA T&R, Site 70022629.
NOTE: This session is executing on the W32_WIN+PRO  platform.



NOTE: Analytical products:
      
      SAS/STAT 15.3
      SAS/ETS 15.3
      SAS/OR 15.3
      SAS/IML 15.3
      SAS/QC 15.3

WARNING: Your system is scheduled to expire on April 1, 2025, which is 39 days from now. The SAS System will no longer function on 
         or after that date. Please contact your SAS Installation Representative to obtain your updated SAS Installation Data (SID) 
         file, which includes SETINIT information.
To locate the name of your SAS Installation Representative go to http://support.sas.com/repfinder and provide your site number 
70022629 and company name as UNIVERSITY OF NORTH CAROLINA CHAPEL HILL - SFA T&R. On the SAS REP list provided, locate the REP for 
operating system Windows.
NOTE: Additional host information:

 W32_WIN+PRO WIN 10.0.22631  Workstation

NOTE: SAS initialization used:
      real time           17.35 seconds
      cpu time            0.04 seconds
      
1          %include "J:\HCHS\STATISTICS\GRAS\QAngarita\HCHS_simulation\scripts\_init.sas";
NOTE: Libref SAMPLE was successfully assigned as follows: 
      Engine:        V9 
      Physical Name: J:\HCHS\STATISTICS\GRAS\QAngarita\HCHS_simulation\v3data\sample
NOTE: Libref V3_OUTPT was successfully assigned as follows: 
      Engine:        V9 
      Physical Name: J:\HCHS\STATISTICS\GRAS\QAngarita\HCHS_simulation\v3\sasdata
10         
11         proc printto log = "&homepath./logs/combine_sudaan_pop_&sysdate..log"
WARNING: The Base SAS Software product with which PRINTTO is associated will be expiring soon, and is currently in warning mode to 
         indicate this upcoming expiration. Please run PROC SETINIT to obtain more information on your warning period.
12         			 print= "&homepath./lst/combine_sudaan_pop_&sysdate..lst" new; run;

NOTE: PROCEDURE PRINTTO used (Total process time):
      real time           0.00 seconds
      cpu time            0.00 seconds
      

93         
94         

NOTE: SAS Institute Inc., SAS Campus Drive, Cary, NC USA 27513-2414
NOTE: The SAS System used:
      real time           29.03 seconds
      cpu time            0.12 seconds
      
