1                                                          The SAS System                              17:10 Wednesday, May 14, 2025

NOTE: Copyright (c) 2023 by SAS Institute Inc., Cary, NC, USA. 
NOTE: SAS (r) Proprietary Software 9.4 (TS1M8) 
      Licensed to UNIVERSITY OF NORTH CAROLINA CHAPEL HILL - SFA T&R, Site 70022629.
NOTE: This session is executing on the W32_WIN+PRO  platform.



NOTE: Analytical products:
      
      SAS/STAT 15.3
      SAS/ETS 15.3
      SAS/OR 15.3
      SAS/IML 15.3
      SAS/QC 15.3

NOTE: Additional host information:

 W32_WIN+PRO WIN 10.0.22631  Workstation

NOTE: SAS initialization used:
      real time           0.12 seconds
      cpu time            0.01 seconds
      
1          %include "J:\HCHS\STATISTICS\GRAS\QAngarita\HCHS_simulation\scripts\_init.sas";
NOTE: Library V3DATA does not exist.
NOTE: Libref SAMPLE was successfully assigned as follows: 
      Engine:        V9 
      Physical Name: J:\HCHS\STATISTICS\GRAS\QAngarita\HCHS_simulation\data\derived\sample
NOTE: Library V3_OUTPT does not exist.
NOTE: Libref DT_BETAS was successfully assigned as follows: 
      Engine:        V9 
      Physical Name: J:\HCHS\STATISTICS\GRAS\QAngarita\HCHS_simulation\data\processed\betas
NOTE: Libref BETAS_B was successfully assigned as follows: 
      Engine:        V9 
      Physical Name: J:\HCHS\STATISTICS\GRAS\QAngarita\HCHS_simulation\data\processed\betas\bin
15         proc printto log = "&homepath./logs/import_sample_data_&sysdate..log"
16         			 print= "&homepath./lst/import_sample_data_&sysdate..lst" new; run;

NOTE: PROCEDURE PRINTTO used (Total process time):
      real time           0.00 seconds
      cpu time            0.00 seconds
      

NOTE: SAS Institute Inc., SAS Campus Drive, Cary, NC USA 27513-2414
NOTE: The SAS System used:
      real time           14:05.92
      cpu time            1:05.95
      
