1                                                          The SAS System                          16:48 Thursday, February 27, 2025

NOTE: Copyright (c) 2002-2012 by SAS Institute Inc., Cary, NC, USA. 
NOTE: SAS (r) Proprietary Software 9.4 (TS1M4) 
      Licensed to UNIVERSITY OF NORTH CAROLINA CHAPEL HILL - SFA T&R, Site 70022629.
NOTE: This session is executing on the W32_10PRO  platform.



NOTE: Updated analytical products:
      
      SAS/STAT 14.2
      SAS/ETS 14.2
      SAS/OR 14.2
      SAS/IML 14.2
      SAS/QC 14.2

WARNING: Your system is scheduled to expire on April 1, 2025, which is 33 days from now. The SAS System will no longer function on 
         or after that date. Please contact your SAS Installation Representative to obtain your updated SAS Installation Data (SID) 
         file, which includes SETINIT information.
To locate the name of your SAS Installation Representative go to http://support.sas.com/repfinder and provide your site number 
70022629 and company name as UNIVERSITY OF NORTH CAROLINA CHAPEL HILL - SFA T&R. On the SAS REP list provided, locate the REP for 
operating system Windows.
NOTE: Additional host information:

 W32_10PRO WIN 10.0.22621  Workstation

NOTE: SAS initialization used:
      real time           0.16 seconds
      cpu time            0.21 seconds
      
1          %include "J:\HCHS\STATISTICS\GRAS\QAngarita\HCHS_simulation\scripts\_init.sas";
NOTE: Libref V3DATA was successfully assigned as follows: 
      Engine:        V9 
      Physical Name: J:\HCHS\STATISTICS\GRAS\QAngarita\HCHS_simulation\v3data
NOTE: Libref SAMPLE was successfully assigned as follows: 
      Engine:        V9 
      Physical Name: J:\HCHS\STATISTICS\GRAS\QAngarita\HCHS_simulation\data\raw\sample
NOTE: Libref V3_OUTPT was successfully assigned as follows: 
      Engine:        V9 
      Physical Name: J:\HCHS\STATISTICS\GRAS\QAngarita\HCHS_simulation\v3\sasdata
NOTE: Libref DT_BETAS was successfully assigned as follows: 
      Engine:        V9 
      Physical Name: J:\HCHS\STATISTICS\GRAS\QAngarita\HCHS_simulation\data\processed\betas
14         
15         proc printto log = "&homepath./logs/pop_cont_sudaan_&sysdate..log"
WARNING: The Base SAS Software product with which PRINTTO is associated will be expiring soon, and is currently in warning mode to 
         indicate this upcoming expiration. Please run PROC SETINIT to obtain more information on your warning period.
16         			 print= "&homepath./lst/pop_cont_sudaan_&sysdate..lst" new; run;

NOTE: PROCEDURE PRINTTO used (Total process time):
      real time           0.00 seconds
      cpu time            0.00 seconds
      

NOTE: SAS Institute Inc., SAS Campus Drive, Cary, NC USA 27513-2414
NOTE: The SAS System used:
      real time           1:42.63
      cpu time            47.98 seconds
      
