1                                                          The SAS System                              17:46 Wednesday, May 14, 2025

NOTE: Copyright (c) 2002-2012 by SAS Institute Inc., Cary, NC, USA. 
NOTE: SAS (r) Proprietary Software 9.4 (TS1M4) 
      Licensed to UNIVERSITY OF NORTH CAROLINA CHAPEL HILL - SFA T&R, Site 70022629.
NOTE: This session is executing on the W32_10PRO  platform.



NOTE: Updated analytical products:
      
      SAS/STAT 14.2
      SAS/ETS 14.2
      SAS/OR 14.2
      SAS/IML 14.2
      SAS/QC 14.2

NOTE: Additional host information:

 W32_10PRO WIN 10.0.22621  Workstation

NOTE: SAS initialization used:
      real time           1.04 seconds
      cpu time            0.07 seconds
      
1          %include "J:\HCHS\STATISTICS\GRAS\QAngarita\HCHS_simulation\scripts\_init.sas";
NOTE: Library V3DATA does not exist.
NOTE: Libref SAMPLE was successfully assigned as follows: 
      Engine:        V9 
      Physical Name: J:\HCHS\STATISTICS\GRAS\QAngarita\HCHS_simulation\data\derived\sample
NOTE: Library V3_OUTPT does not exist.
NOTE: Libref DT_BETAS was successfully assigned as follows: 
      Engine:        V9 
      Physical Name: J:\HCHS\STATISTICS\GRAS\QAngarita\HCHS_simulation\data\processed\betas
NOTE: Libref BETAS_B was successfully assigned as follows: 
      Engine:        V9 
      Physical Name: J:\HCHS\STATISTICS\GRAS\QAngarita\HCHS_simulation\data\processed\betas\bin
15         
16         proc printto log = "&homepath./logs/regress_sudaan_&sysdate..log"
17         			 print= "&homepath./lst/regress_sudaan_&sysdate..lst" new; run;

NOTE: PROCEDURE PRINTTO used (Total process time):
      real time           0.00 seconds
      cpu time            0.00 seconds
      

106        
107        

NOTE: SAS Institute Inc., SAS Campus Drive, Cary, NC USA 27513-2414
NOTE: The SAS System used:
      real time           7:27.37
      cpu time            2:33.09
      
